[ 2014-02-22T17:37:53+08:00 ] ::1 /qiuyun/dogocms32/
INFO: [ app_init ] --START--
INFO: Run Behavior\BuildLiteBehavior [ RunTime:0.000055s ]
INFO: [ app_init ] --END-- [ RunTime:0.000719s ]
INFO: [ app_begin ] --START--
INFO: Run Behavior\ReadHtmlCacheBehavior [ RunTime:0.000610s ]
INFO: Run Behavior\CheckLangBehavior [ RunTime:0.001097s ]
INFO: [ app_begin ] --END-- [ RunTime:0.001774s ]
NOTIC: [8192] mysql_escape_string(): This function is deprecated; use mysql_real_escape_string() instead. /Library/WebServer/Documents/qiuyun/dogocms32/Core/Library/Think/Db/Driver/Mysql.class.php 第 330 行.
SQL: SELECT `sys_value` FROM `ding_setting` WHERE ( `sys_name` = 'cfg_skin_web' ) LIMIT 1   [ RunTime:0.005547s ]
SQL: SELECT * FROM `ding_nav_head` WHERE ( `status` = 20 )  [ RunTime:0.001955s ]
SQL: SELECT * FROM `ding_setting` WHERE ( `sys_name` = 'cfg_title' ) LIMIT 1   [ RunTime:0.000461s ]
SQL: SELECT * FROM `ding_setting` WHERE ( `sys_name` = 'cfg_keywords' ) LIMIT 1   [ RunTime:0.000278s ]
SQL: SELECT * FROM `ding_setting` WHERE ( `sys_name` = 'cfg_description' ) LIMIT 1   [ RunTime:0.000238s ]
SQL: SELECT `sys_value` FROM `ding_setting` WHERE ( `sys_name` = 'cfg_skin_web' ) LIMIT 1   [ RunTime:0.000191s ]
INFO: [ view_parse ] --START--
NOTIC: [8] Use of undefined constant level - assumed 'level' /Library/WebServer/Documents/qiuyun/dogocms32/Core/Library/Think/Think.class.php 第 198 行.
NOTIC: [8] Use of undefined constant level - assumed 'level' /Library/WebServer/Documents/qiuyun/dogocms32/Core/Library/Think/Think.class.php 第 198 行.
NOTIC: [8] Use of undefined constant level - assumed 'level' /Library/WebServer/Documents/qiuyun/dogocms32/Core/Library/Think/Think.class.php 第 198 行.
NOTIC: [8] Use of undefined constant level - assumed 'level' /Library/WebServer/Documents/qiuyun/dogocms32/Core/Library/Think/Think.class.php 第 198 行.
NOTIC: [8] Use of undefined constant level - assumed 'level' /Library/WebServer/Documents/qiuyun/dogocms32/Core/Library/Think/Think.class.php 第 198 行.
NOTIC: [8] Use of undefined constant level - assumed 'level' /Library/WebServer/Documents/qiuyun/dogocms32/Core/Library/Think/Think.class.php 第 198 行.
NOTIC: [8] Use of undefined constant level - assumed 'level' /Library/WebServer/Documents/qiuyun/dogocms32/Core/Library/Think/Think.class.php 第 198 行.
NOTIC: [8] Use of undefined constant level - assumed 'level' /Library/WebServer/Documents/qiuyun/dogocms32/Core/Library/Think/Think.class.php 第 198 行.
NOTIC: [8] Use of undefined constant level - assumed 'level' /Library/WebServer/Documents/qiuyun/dogocms32/Core/Library/Think/Think.class.php 第 198 行.
NOTIC: [8] Use of undefined constant level - assumed 'level' /Library/WebServer/Documents/qiuyun/dogocms32/Core/Library/Think/Think.class.php 第 198 行.
NOTIC: [8] Use of undefined constant level - assumed 'level' /Library/WebServer/Documents/qiuyun/dogocms32/Core/Library/Think/Think.class.php 第 198 行.
NOTIC: [8] Use of undefined constant level - assumed 'level' /Library/WebServer/Documents/qiuyun/dogocms32/Core/Library/Think/Think.class.php 第 198 行.
NOTIC: [8] Undefined index: tid /Library/WebServer/Documents/qiuyun/dogocms32/Core/Library/Think/Template/TagLib/Dogocms.class.php 第 78 行.
NOTIC: [8] Undefined index: flag /Library/WebServer/Documents/qiuyun/dogocms32/Core/Library/Think/Template/TagLib/Dogocms.class.php 第 80 行.
NOTIC: [8] Undefined index: order /Library/WebServer/Documents/qiuyun/dogocms32/Core/Library/Think/Template/TagLib/Dogocms.class.php 第 81 行.
NOTIC: [8] Undefined index: keywords /Library/WebServer/Documents/qiuyun/dogocms32/Core/Library/Think/Template/TagLib/Dogocms.class.php 第 82 行.
NOTIC: [8] Undefined variable: path /Library/WebServer/Documents/qiuyun/dogocms32/Core/Library/Think/Template/TagLib/Dogocms.class.php 第 92 行.
SQL: SELECT `id` FROM `ding_news_sort` WHERE (  (path like '%,35,%') or (`id` = 35) )  [ RunTime:0.001764s ]
NOTIC: [8] Undefined variable: sort_id /Library/WebServer/Documents/qiuyun/dogocms32/Core/Library/Think/Template/TagLib/Dogocms.class.php 第 98 行.
SQL: SELECT * FROM `ding_setting` WHERE ( `sys_name` = 'cfg_sitename' ) LIMIT 1   [ RunTime:0.000218s ]
SQL: SELECT * FROM `ding_setting` WHERE ( `sys_name` = 'cfg_sitename' ) LIMIT 1   [ RunTime:0.000162s ]
SQL: SELECT * FROM `ding_setting` WHERE ( `sys_name` = 'cfg_copyright' ) LIMIT 1   [ RunTime:0.000162s ]
INFO: [ template_filter ] --START--
INFO: Run Behavior\ContentReplaceBehavior [ RunTime:0.000067s ]
INFO: [ template_filter ] --END-- [ RunTime:0.000106s ]
SQL: SHOW COLUMNS FROM `ding_title` [ RunTime:0.002653s ]
SQL: SELECT t.*,c.content,m.username,ns.text as sortname FROM ding_title t INNER JOIN  ding_news_sort ns on ns.id=t.sort_id  INNER JOIN  ding_content c on c.title_id=t.id  INNER JOIN  ding_members m on m.id=t.members_id   WHERE (  (t.`status`='12')  and (t.`is_recycle`='10')  and (t.`sort_id` in(35,36)) ) ORDER BY t.id desc LIMIT 10   [ RunTime:0.007287s ]
NOTIC: [8] Undefined variable: data /Library/WebServer/Documents/qiuyun/dogocms32/Application/Runtime/Cache/Home/5d44c280c21a0a2c627ca598c3f2fe67.php 第 171 行.
NOTIC: [8] Undefined variable: data /Library/WebServer/Documents/qiuyun/dogocms32/Application/Runtime/Cache/Home/5d44c280c21a0a2c627ca598c3f2fe67.php 第 177 行.
NOTIC: [8] Undefined variable: data /Library/WebServer/Documents/qiuyun/dogocms32/Application/Runtime/Cache/Home/5d44c280c21a0a2c627ca598c3f2fe67.php 第 183 行.
NOTIC: [8] Undefined variable: data /Library/WebServer/Documents/qiuyun/dogocms32/Application/Runtime/Cache/Home/5d44c280c21a0a2c627ca598c3f2fe67.php 第 218 行.
NOTIC: [8] Undefined variable: data /Library/WebServer/Documents/qiuyun/dogocms32/Application/Runtime/Cache/Home/5d44c280c21a0a2c627ca598c3f2fe67.php 第 224 行.
NOTIC: [8] Undefined variable: data /Library/WebServer/Documents/qiuyun/dogocms32/Application/Runtime/Cache/Home/5d44c280c21a0a2c627ca598c3f2fe67.php 第 230 行.
NOTIC: [8] Undefined variable: data /Library/WebServer/Documents/qiuyun/dogocms32/Application/Runtime/Cache/Home/5d44c280c21a0a2c627ca598c3f2fe67.php 第 236 行.
NOTIC: [8] Undefined variable: data /Library/WebServer/Documents/qiuyun/dogocms32/Application/Runtime/Cache/Home/5d44c280c21a0a2c627ca598c3f2fe67.php 第 242 行.
INFO: Run Behavior\ParseTemplateBehavior [ RunTime:0.042954s ]
INFO: [ view_parse ] --END-- [ RunTime:0.043004s ]
INFO: [ view_filter ] --START--
INFO: Run Behavior\WriteHtmlCacheBehavior [ RunTime:0.000426s ]
INFO: [ view_filter ] --END-- [ RunTime:0.000454s ]
INFO: [ app_end ] --START--
INFO: Run Behavior\ShowPageTraceBehavior [ RunTime:0.000682s ]
INFO: [ app_end ] --END-- [ RunTime:0.000733s ]

[ 2014-02-22T17:37:53+08:00 ] ::1 /qiuyun/dogocms32/User/Passport/verify.html
INFO: [ app_init ] --START--
INFO: Run Behavior\BuildLiteBehavior [ RunTime:0.000019s ]
INFO: [ app_init ] --END-- [ RunTime:0.000278s ]
INFO: [ app_begin ] --START--
INFO: Run Behavior\ReadHtmlCacheBehavior [ RunTime:0.000562s ]
INFO: Run Behavior\CheckLangBehavior [ RunTime:0.006135s ]
INFO: [ app_begin ] --END-- [ RunTime:0.006858s ]
NOTIC: [8192] mysql_escape_string(): This function is deprecated; use mysql_real_escape_string() instead. /Library/WebServer/Documents/qiuyun/dogocms32/Core/Library/Think/Db/Driver/Mysql.class.php 第 330 行.
SQL: SELECT `sys_value` FROM `ding_setting` WHERE ( `sys_name` = 'cfg_member_skin' ) LIMIT 1   [ RunTime:0.000218s ]
SQL: SELECT * FROM `ding_nav_head` WHERE ( `status` = 20 )  [ RunTime:0.000261s ]
INFO: [ app_end ] --START--
INFO: Run Behavior\ShowPageTraceBehavior [ RunTime:0.000590s ]
INFO: [ app_end ] --END-- [ RunTime:0.000682s ]

[ 2014-02-22T18:04:48+08:00 ] ::1 /qiuyun/dogocms32/Home/Content/index/id/25.html
INFO: [ app_init ] --START--
INFO: Run Behavior\BuildLiteBehavior [ RunTime:0.000026s ]
INFO: [ app_init ] --END-- [ RunTime:0.000354s ]
INFO: [ app_begin ] --START--
INFO: Run Behavior\ReadHtmlCacheBehavior [ RunTime:0.000321s ]
INFO: Run Behavior\CheckLangBehavior [ RunTime:0.000312s ]
INFO: [ app_begin ] --END-- [ RunTime:0.000695s ]
NOTIC: [8192] mysql_escape_string(): This function is deprecated; use mysql_real_escape_string() instead. /Library/WebServer/Documents/qiuyun/dogocms32/Core/Library/Think/Db/Driver/Mysql.class.php 第 330 行.
SQL: SELECT `sys_value` FROM `ding_setting` WHERE ( `sys_name` = 'cfg_skin_web' ) LIMIT 1   [ RunTime:0.000236s ]
SQL: SELECT * FROM `ding_nav_head` WHERE ( `status` = 20 )  [ RunTime:0.000295s ]
SQL: SHOW COLUMNS FROM `ding_title` [ RunTime:0.001018s ]
SQL: SELECT t.*,c.*,m.username FROM ding_title t INNER JOIN ding_content c ON c.title_id = t.id  INNER JOIN ding_members m ON t.members_id = m.id   WHERE ( t.id = '25' ) AND ( t.status = '12' ) AND ( t.is_recycle = '10' ) LIMIT 1   [ RunTime:0.000408s ]
SQL: UPDATE `ding_title` SET `views`=views+1 WHERE ( `id` = '25' ) [ RunTime:0.003987s ]
SQL: SHOW COLUMNS FROM `ding_comment` [ RunTime:0.002164s ]
SQL: SELECT m.id as uid,m.username,c.* FROM ding_comment c INNER JOIN ding_members m ON m.id = c.members_id   WHERE ( c.title_id = '25' ) AND ( c.status = 20 ) ORDER BY floor asc  [ RunTime:0.001209s ]
SQL: SELECT `sys_value` FROM `ding_setting` WHERE ( `sys_name` = 'cfg_skin_web' ) LIMIT 1   [ RunTime:0.000188s ]
INFO: [ view_parse ] --START--
NOTIC: [8] Use of undefined constant level - assumed 'level' /Library/WebServer/Documents/qiuyun/dogocms32/Core/Library/Think/Think.class.php 第 198 行.
NOTIC: [8] Use of undefined constant level - assumed 'level' /Library/WebServer/Documents/qiuyun/dogocms32/Core/Library/Think/Think.class.php 第 198 行.
NOTIC: [8] Use of undefined constant level - assumed 'level' /Library/WebServer/Documents/qiuyun/dogocms32/Core/Library/Think/Think.class.php 第 198 行.
NOTIC: [8] Use of undefined constant level - assumed 'level' /Library/WebServer/Documents/qiuyun/dogocms32/Core/Library/Think/Think.class.php 第 198 行.
NOTIC: [8] Use of undefined constant level - assumed 'level' /Library/WebServer/Documents/qiuyun/dogocms32/Core/Library/Think/Think.class.php 第 198 行.
NOTIC: [8] Use of undefined constant level - assumed 'level' /Library/WebServer/Documents/qiuyun/dogocms32/Core/Library/Think/Think.class.php 第 198 行.
NOTIC: [8] Use of undefined constant level - assumed 'level' /Library/WebServer/Documents/qiuyun/dogocms32/Core/Library/Think/Think.class.php 第 198 行.
NOTIC: [8] Use of undefined constant level - assumed 'level' /Library/WebServer/Documents/qiuyun/dogocms32/Core/Library/Think/Think.class.php 第 198 行.
NOTIC: [8] Use of undefined constant level - assumed 'level' /Library/WebServer/Documents/qiuyun/dogocms32/Core/Library/Think/Think.class.php 第 198 行.
NOTIC: [8] Use of undefined constant level - assumed 'level' /Library/WebServer/Documents/qiuyun/dogocms32/Core/Library/Think/Think.class.php 第 198 行.
NOTIC: [8] Use of undefined constant level - assumed 'level' /Library/WebServer/Documents/qiuyun/dogocms32/Core/Library/Think/Think.class.php 第 198 行.
NOTIC: [8] Use of undefined constant level - assumed 'level' /Library/WebServer/Documents/qiuyun/dogocms32/Core/Library/Think/Think.class.php 第 198 行.
SQL: SELECT * FROM `ding_setting` WHERE ( `sys_name` = 'cfg_sitename' ) LIMIT 1   [ RunTime:0.000346s ]
SQL: SELECT * FROM `ding_setting` WHERE ( `sys_name` = 'cfg_sitename' ) LIMIT 1   [ RunTime:0.000207s ]
SQL: SELECT * FROM `ding_setting` WHERE ( `sys_name` = 'cfg_copyright' ) LIMIT 1   [ RunTime:0.000174s ]
INFO: [ template_filter ] --START--
INFO: Run Behavior\ContentReplaceBehavior [ RunTime:0.000071s ]
INFO: [ template_filter ] --END-- [ RunTime:0.000114s ]
INFO: Run Behavior\ParseTemplateBehavior [ RunTime:0.025555s ]
INFO: [ view_parse ] --END-- [ RunTime:0.025621s ]
INFO: [ view_filter ] --START--
INFO: Run Behavior\WriteHtmlCacheBehavior [ RunTime:0.000154s ]
INFO: [ view_filter ] --END-- [ RunTime:0.000197s ]
INFO: [ app_end ] --START--
INFO: Run Behavior\ShowPageTraceBehavior [ RunTime:0.000496s ]
INFO: [ app_end ] --END-- [ RunTime:0.000548s ]

[ 2014-02-22T18:04:48+08:00 ] ::1 /qiuyun/dogocms32/User/Passport/verify.html
INFO: [ app_init ] --START--
INFO: Run Behavior\BuildLiteBehavior [ RunTime:0.000010s ]
INFO: [ app_init ] --END-- [ RunTime:0.000192s ]
INFO: [ app_begin ] --START--
INFO: Run Behavior\ReadHtmlCacheBehavior [ RunTime:0.000242s ]
INFO: Run Behavior\CheckLangBehavior [ RunTime:0.000248s ]
INFO: [ app_begin ] --END-- [ RunTime:0.000537s ]
NOTIC: [8192] mysql_escape_string(): This function is deprecated; use mysql_real_escape_string() instead. /Library/WebServer/Documents/qiuyun/dogocms32/Core/Library/Think/Db/Driver/Mysql.class.php 第 330 行.
SQL: SELECT `sys_value` FROM `ding_setting` WHERE ( `sys_name` = 'cfg_member_skin' ) LIMIT 1   [ RunTime:0.000220s ]
SQL: SELECT * FROM `ding_nav_head` WHERE ( `status` = 20 )  [ RunTime:0.000307s ]
INFO: [ app_end ] --START--
INFO: Run Behavior\ShowPageTraceBehavior [ RunTime:0.000507s ]
INFO: [ app_end ] --END-- [ RunTime:0.000580s ]

[ 2014-02-22T18:56:50+08:00 ] ::1 /qiuyun/dogocms32/admin
INFO: [ app_init ] --START--
INFO: Run Behavior\BuildLiteBehavior [ RunTime:0.000026s ]
INFO: [ app_init ] --END-- [ RunTime:0.000660s ]
INFO: [ app_begin ] --START--
INFO: Run Behavior\ReadHtmlCacheBehavior [ RunTime:0.000720s ]
INFO: Run Behavior\CheckLangBehavior [ RunTime:0.001178s ]
INFO: [ app_begin ] --END-- [ RunTime:0.001987s ]

[ 2014-02-22T18:56:50+08:00 ] ::1 /qiuyun/dogocms32/Admin/Passport
INFO: [ app_init ] --START--
INFO: Run Behavior\BuildLiteBehavior [ RunTime:0.000012s ]
INFO: [ app_init ] --END-- [ RunTime:0.000203s ]
INFO: [ app_begin ] --START--
INFO: Run Behavior\ReadHtmlCacheBehavior [ RunTime:0.000238s ]
INFO: Run Behavior\CheckLangBehavior [ RunTime:0.000324s ]
INFO: [ app_begin ] --END-- [ RunTime:0.000607s ]
NOTIC: [8] Undefined variable: skin /Library/WebServer/Documents/qiuyun/dogocms32/Application/Admin/Action/PassportAction.class.php 第 32 行.
INFO: [ view_parse ] --START--
NOTIC: [8] Use of undefined constant level - assumed 'level' /Library/WebServer/Documents/qiuyun/dogocms32/Core/Library/Think/Think.class.php 第 198 行.
NOTIC: [8] Use of undefined constant level - assumed 'level' /Library/WebServer/Documents/qiuyun/dogocms32/Core/Library/Think/Think.class.php 第 198 行.
NOTIC: [8] Use of undefined constant level - assumed 'level' /Library/WebServer/Documents/qiuyun/dogocms32/Core/Library/Think/Think.class.php 第 198 行.
NOTIC: [8] Use of undefined constant level - assumed 'level' /Library/WebServer/Documents/qiuyun/dogocms32/Core/Library/Think/Think.class.php 第 198 行.
NOTIC: [8] Use of undefined constant level - assumed 'level' /Library/WebServer/Documents/qiuyun/dogocms32/Core/Library/Think/Think.class.php 第 198 行.
NOTIC: [8] Use of undefined constant level - assumed 'level' /Library/WebServer/Documents/qiuyun/dogocms32/Core/Library/Think/Think.class.php 第 198 行.
NOTIC: [8] Use of undefined constant level - assumed 'level' /Library/WebServer/Documents/qiuyun/dogocms32/Core/Library/Think/Think.class.php 第 198 行.
NOTIC: [8] Use of undefined constant level - assumed 'level' /Library/WebServer/Documents/qiuyun/dogocms32/Core/Library/Think/Think.class.php 第 198 行.
NOTIC: [8] Use of undefined constant level - assumed 'level' /Library/WebServer/Documents/qiuyun/dogocms32/Core/Library/Think/Think.class.php 第 198 行.
NOTIC: [8] Use of undefined constant level - assumed 'level' /Library/WebServer/Documents/qiuyun/dogocms32/Core/Library/Think/Think.class.php 第 198 行.
NOTIC: [8] Use of undefined constant level - assumed 'level' /Library/WebServer/Documents/qiuyun/dogocms32/Core/Library/Think/Think.class.php 第 198 行.
NOTIC: [8] Use of undefined constant level - assumed 'level' /Library/WebServer/Documents/qiuyun/dogocms32/Core/Library/Think/Think.class.php 第 198 行.
INFO: [ template_filter ] --START--
INFO: Run Behavior\ContentReplaceBehavior [ RunTime:0.000041s ]
INFO: [ template_filter ] --END-- [ RunTime:0.000120s ]
NOTIC: [2] file_put_contents(./Application/Runtime/Cache/Admin/63185ebb24de67b0714d2c42b908cc1e.php): failed to open stream: Permission denied /Library/WebServer/Documents/qiuyun/dogocms32/Core/Library/Think/Storage/Driver/File.class.php 第 46 行.
ERR: _STORAGE_WRITE_ERROR_:./Application/Runtime/Cache/Admin/63185ebb24de67b0714d2c42b908cc1e.php

[ 2014-02-22T18:57:33+08:00 ] ::1 /qiuyun/dogocms32/Admin/Passport
INFO: [ app_init ] --START--
INFO: Run Behavior\BuildLiteBehavior [ RunTime:0.000012s ]
INFO: [ app_init ] --END-- [ RunTime:0.000501s ]
INFO: [ app_begin ] --START--
INFO: Run Behavior\ReadHtmlCacheBehavior [ RunTime:0.000686s ]
INFO: Run Behavior\CheckLangBehavior [ RunTime:0.001234s ]
INFO: [ app_begin ] --END-- [ RunTime:0.001984s ]
NOTIC: [8] Undefined variable: skin /Library/WebServer/Documents/qiuyun/dogocms32/Application/Admin/Action/PassportAction.class.php 第 32 行.
INFO: [ view_parse ] --START--
NOTIC: [8] Use of undefined constant level - assumed 'level' /Library/WebServer/Documents/qiuyun/dogocms32/Core/Library/Think/Think.class.php 第 198 行.
NOTIC: [8] Use of undefined constant level - assumed 'level' /Library/WebServer/Documents/qiuyun/dogocms32/Core/Library/Think/Think.class.php 第 198 行.
NOTIC: [8] Use of undefined constant level - assumed 'level' /Library/WebServer/Documents/qiuyun/dogocms32/Core/Library/Think/Think.class.php 第 198 行.
NOTIC: [8] Use of undefined constant level - assumed 'level' /Library/WebServer/Documents/qiuyun/dogocms32/Core/Library/Think/Think.class.php 第 198 行.
NOTIC: [8] Use of undefined constant level - assumed 'level' /Library/WebServer/Documents/qiuyun/dogocms32/Core/Library/Think/Think.class.php 第 198 行.
NOTIC: [8] Use of undefined constant level - assumed 'level' /Library/WebServer/Documents/qiuyun/dogocms32/Core/Library/Think/Think.class.php 第 198 行.
NOTIC: [8] Use of undefined constant level - assumed 'level' /Library/WebServer/Documents/qiuyun/dogocms32/Core/Library/Think/Think.class.php 第 198 行.
NOTIC: [8] Use of undefined constant level - assumed 'level' /Library/WebServer/Documents/qiuyun/dogocms32/Core/Library/Think/Think.class.php 第 198 行.
NOTIC: [8] Use of undefined constant level - assumed 'level' /Library/WebServer/Documents/qiuyun/dogocms32/Core/Library/Think/Think.class.php 第 198 行.
NOTIC: [8] Use of undefined constant level - assumed 'level' /Library/WebServer/Documents/qiuyun/dogocms32/Core/Library/Think/Think.class.php 第 198 行.
NOTIC: [8] Use of undefined constant level - assumed 'level' /Library/WebServer/Documents/qiuyun/dogocms32/Core/Library/Think/Think.class.php 第 198 行.
NOTIC: [8] Use of undefined constant level - assumed 'level' /Library/WebServer/Documents/qiuyun/dogocms32/Core/Library/Think/Think.class.php 第 198 行.
INFO: [ template_filter ] --START--
INFO: Run Behavior\ContentReplaceBehavior [ RunTime:0.000029s ]
INFO: [ template_filter ] --END-- [ RunTime:0.000069s ]
INFO: Run Behavior\ParseTemplateBehavior [ RunTime:0.012584s ]
INFO: [ view_parse ] --END-- [ RunTime:0.012661s ]
INFO: [ view_filter ] --START--
INFO: Run Behavior\WriteHtmlCacheBehavior [ RunTime:0.000364s ]
INFO: [ view_filter ] --END-- [ RunTime:0.000405s ]
INFO: [ app_end ] --START--
INFO: Run Behavior\ShowPageTraceBehavior [ RunTime:0.000607s ]
INFO: [ app_end ] --END-- [ RunTime:0.000639s ]

[ 2014-02-22T18:57:33+08:00 ] ::1 /qiuyun/dogocms32/Admin/Passport/verify.html
INFO: [ app_init ] --START--
INFO: Run Behavior\BuildLiteBehavior [ RunTime:0.000015s ]
INFO: [ app_init ] --END-- [ RunTime:0.001141s ]
INFO: [ app_begin ] --START--
INFO: Run Behavior\ReadHtmlCacheBehavior [ RunTime:0.000435s ]
INFO: Run Behavior\CheckLangBehavior [ RunTime:0.000547s ]
INFO: [ app_begin ] --END-- [ RunTime:0.001054s ]
INFO: [ app_end ] --START--
INFO: Run Behavior\ShowPageTraceBehavior [ RunTime:0.000544s ]
INFO: [ app_end ] --END-- [ RunTime:0.000616s ]

[ 2014-02-22T18:57:46+08:00 ] ::1 /qiuyun/dogocms32/Admin/Passport/verify.html?tm=0.7491255872882903
INFO: [ app_init ] --START--
INFO: Run Behavior\BuildLiteBehavior [ RunTime:0.000021s ]
INFO: [ app_init ] --END-- [ RunTime:0.000293s ]
INFO: [ app_begin ] --START--
INFO: Run Behavior\ReadHtmlCacheBehavior [ RunTime:0.000328s ]
INFO: Run Behavior\CheckLangBehavior [ RunTime:0.000377s ]
INFO: [ app_begin ] --END-- [ RunTime:0.000767s ]
INFO: [ app_end ] --START--
INFO: Run Behavior\ShowPageTraceBehavior [ RunTime:0.000439s ]
INFO: [ app_end ] --END-- [ RunTime:0.000503s ]

[ 2014-02-22T18:57:48+08:00 ] ::1 /qiuyun/dogocms32/Admin/Passport/verify.html?tm=0.5712055591866374
INFO: [ app_init ] --START--
INFO: Run Behavior\BuildLiteBehavior [ RunTime:0.000009s ]
INFO: [ app_init ] --END-- [ RunTime:0.000183s ]
INFO: [ app_begin ] --START--
INFO: Run Behavior\ReadHtmlCacheBehavior [ RunTime:0.000247s ]
INFO: Run Behavior\CheckLangBehavior [ RunTime:0.000322s ]
INFO: [ app_begin ] --END-- [ RunTime:0.000617s ]
INFO: [ app_end ] --START--
INFO: Run Behavior\ShowPageTraceBehavior [ RunTime:0.000527s ]
INFO: [ app_end ] --END-- [ RunTime:0.000610s ]

[ 2014-02-22T18:57:52+08:00 ] ::1 /qiuyun/dogocms32/Admin/Passport/dologin.html
INFO: [ app_init ] --START--
INFO: Run Behavior\BuildLiteBehavior [ RunTime:0.000011s ]
INFO: [ app_init ] --END-- [ RunTime:0.000209s ]
INFO: [ app_begin ] --START--
INFO: Run Behavior\ReadHtmlCacheBehavior [ RunTime:0.000397s ]
INFO: Run Behavior\CheckLangBehavior [ RunTime:0.000478s ]
INFO: [ app_begin ] --END-- [ RunTime:0.000944s ]
NOTIC: [8192] mysql_escape_string(): This function is deprecated; use mysql_real_escape_string() instead. /Library/WebServer/Documents/qiuyun/dogocms32/Core/Library/Think/Db/Driver/Mysql.class.php 第 330 行.
SQL: SELECT `username`,`creat_time`,`id`,`password` FROM `ding_operators` WHERE ( `username` = 'admin' ) LIMIT 1   [ RunTime:0.001864s ]
NOTIC: [8] Undefined index: status /Library/WebServer/Documents/qiuyun/dogocms32/Application/Admin/Action/PassportAction.class.php 第 61 行.
INFO: [ view_parse ] --START--
NOTIC: [8] Use of undefined constant level - assumed 'level' /Library/WebServer/Documents/qiuyun/dogocms32/Core/Library/Think/Think.class.php 第 198 行.
NOTIC: [8] Use of undefined constant level - assumed 'level' /Library/WebServer/Documents/qiuyun/dogocms32/Core/Library/Think/Think.class.php 第 198 行.
NOTIC: [8] Use of undefined constant level - assumed 'level' /Library/WebServer/Documents/qiuyun/dogocms32/Core/Library/Think/Think.class.php 第 198 行.
NOTIC: [8] Use of undefined constant level - assumed 'level' /Library/WebServer/Documents/qiuyun/dogocms32/Core/Library/Think/Think.class.php 第 198 行.
NOTIC: [8] Use of undefined constant level - assumed 'level' /Library/WebServer/Documents/qiuyun/dogocms32/Core/Library/Think/Think.class.php 第 198 行.
NOTIC: [8] Use of undefined constant level - assumed 'level' /Library/WebServer/Documents/qiuyun/dogocms32/Core/Library/Think/Think.class.php 第 198 行.
NOTIC: [8] Use of undefined constant level - assumed 'level' /Library/WebServer/Documents/qiuyun/dogocms32/Core/Library/Think/Think.class.php 第 198 行.
NOTIC: [8] Use of undefined constant level - assumed 'level' /Library/WebServer/Documents/qiuyun/dogocms32/Core/Library/Think/Think.class.php 第 198 行.
NOTIC: [8] Use of undefined constant level - assumed 'level' /Library/WebServer/Documents/qiuyun/dogocms32/Core/Library/Think/Think.class.php 第 198 行.
NOTIC: [8] Use of undefined constant level - assumed 'level' /Library/WebServer/Documents/qiuyun/dogocms32/Core/Library/Think/Think.class.php 第 198 行.
NOTIC: [8] Use of undefined constant level - assumed 'level' /Library/WebServer/Documents/qiuyun/dogocms32/Core/Library/Think/Think.class.php 第 198 行.
NOTIC: [8] Use of undefined constant level - assumed 'level' /Library/WebServer/Documents/qiuyun/dogocms32/Core/Library/Think/Think.class.php 第 198 行.
INFO: [ template_filter ] --START--
INFO: Run Behavior\ContentReplaceBehavior [ RunTime:0.000020s ]
INFO: [ template_filter ] --END-- [ RunTime:0.000055s ]
INFO: Run Behavior\ParseTemplateBehavior [ RunTime:0.007651s ]
INFO: [ view_parse ] --END-- [ RunTime:0.007711s ]
INFO: [ view_filter ] --START--
INFO: Run Behavior\WriteHtmlCacheBehavior [ RunTime:0.000100s ]
INFO: [ view_filter ] --END-- [ RunTime:0.000130s ]
INFO: [ app_end ] --START--
INFO: Run Behavior\ShowPageTraceBehavior [ RunTime:0.000457s ]
INFO: [ app_end ] --END-- [ RunTime:0.000497s ]

[ 2014-02-22T18:57:53+08:00 ] ::1 /qiuyun/dogocms32/Admin/Passport/index
INFO: [ app_init ] --START--
INFO: Run Behavior\BuildLiteBehavior [ RunTime:0.000012s ]
INFO: [ app_init ] --END-- [ RunTime:0.000236s ]
INFO: [ app_begin ] --START--
INFO: Run Behavior\ReadHtmlCacheBehavior [ RunTime:0.000246s ]
INFO: Run Behavior\CheckLangBehavior [ RunTime:0.000328s ]
INFO: [ app_begin ] --END-- [ RunTime:0.000622s ]

[ 2014-02-22T18:57:53+08:00 ] ::1 /qiuyun/dogocms32/Admin/index.html
INFO: [ app_init ] --START--
INFO: Run Behavior\BuildLiteBehavior [ RunTime:0.000017s ]
INFO: [ app_init ] --END-- [ RunTime:0.000308s ]
INFO: [ app_begin ] --START--
INFO: Run Behavior\ReadHtmlCacheBehavior [ RunTime:0.000287s ]
INFO: Run Behavior\CheckLangBehavior [ RunTime:0.000410s ]
INFO: [ app_begin ] --END-- [ RunTime:0.000754s ]
NOTIC: [2] in_array() expects parameter 2 to be array, null given /Library/WebServer/Documents/qiuyun/dogocms32/Application/Admin/Action/BaseAction.class.php 第 27 行.
SQL: SHOW COLUMNS FROM `ding_auth_group_access` [ RunTime:0.006724s ]
SQL: SELECT `rules` FROM ding_auth_group_access a INNER JOIN ding_auth_group g on a.group_id=g.id  WHERE ( a.uid='1' and g.status='1' )  [ RunTime:0.001761s ]
SQL: SHOW COLUMNS FROM `ding_auth_rule` [ RunTime:0.002152s ]
SQL: SELECT `condition`,`name` FROM `ding_auth_rule` WHERE ( `id` IN ('1','2','3') ) AND ( `status` = 1 )  [ RunTime:0.000439s ]
SQL: SHOW COLUMNS FROM `ding_member` [ RunTime:0.000661s ]
ERR: 1146:Table 'dogocms14.ding_member' doesn't exist
 [ SQL语句 ] : SHOW COLUMNS FROM `ding_member`
SQL: SELECT * FROM `ding_member` WHERE ( `uid` = '1' ) LIMIT 1   [ RunTime:0.000142s ]
ERR: 1146:Table 'dogocms14.ding_member' doesn't exist
 [ SQL语句 ] : SELECT * FROM `ding_member` WHERE ( `uid` = '1' ) LIMIT 1  
NOTIC: [8] Undefined variable: skin /Library/WebServer/Documents/qiuyun/dogocms32/Application/Admin/Action/BaseAction.class.php 第 36 行.
INFO: [ view_parse ] --START--
NOTIC: [8] Use of undefined constant level - assumed 'level' /Library/WebServer/Documents/qiuyun/dogocms32/Core/Library/Think/Think.class.php 第 198 行.
NOTIC: [8] Use of undefined constant level - assumed 'level' /Library/WebServer/Documents/qiuyun/dogocms32/Core/Library/Think/Think.class.php 第 198 行.
NOTIC: [8] Use of undefined constant level - assumed 'level' /Library/WebServer/Documents/qiuyun/dogocms32/Core/Library/Think/Think.class.php 第 198 行.
NOTIC: [8] Use of undefined constant level - assumed 'level' /Library/WebServer/Documents/qiuyun/dogocms32/Core/Library/Think/Think.class.php 第 198 行.
NOTIC: [8] Use of undefined constant level - assumed 'level' /Library/WebServer/Documents/qiuyun/dogocms32/Core/Library/Think/Think.class.php 第 198 行.
NOTIC: [8] Use of undefined constant level - assumed 'level' /Library/WebServer/Documents/qiuyun/dogocms32/Core/Library/Think/Think.class.php 第 198 行.
NOTIC: [8] Use of undefined constant level - assumed 'level' /Library/WebServer/Documents/qiuyun/dogocms32/Core/Library/Think/Think.class.php 第 198 行.
NOTIC: [8] Use of undefined constant level - assumed 'level' /Library/WebServer/Documents/qiuyun/dogocms32/Core/Library/Think/Think.class.php 第 198 行.
NOTIC: [8] Use of undefined constant level - assumed 'level' /Library/WebServer/Documents/qiuyun/dogocms32/Core/Library/Think/Think.class.php 第 198 行.
NOTIC: [8] Use of undefined constant level - assumed 'level' /Library/WebServer/Documents/qiuyun/dogocms32/Core/Library/Think/Think.class.php 第 198 行.
NOTIC: [8] Use of undefined constant level - assumed 'level' /Library/WebServer/Documents/qiuyun/dogocms32/Core/Library/Think/Think.class.php 第 198 行.
NOTIC: [8] Use of undefined constant level - assumed 'level' /Library/WebServer/Documents/qiuyun/dogocms32/Core/Library/Think/Think.class.php 第 198 行.
INFO: [ template_filter ] --START--
INFO: Run Behavior\ContentReplaceBehavior [ RunTime:0.000035s ]
INFO: [ template_filter ] --END-- [ RunTime:0.000069s ]
NOTIC: [8] Undefined index: rel /Library/WebServer/Documents/qiuyun/dogocms32/Application/Runtime/Cache/Admin/2a2941ad95610dd8ebc15beef3e540c8.php 第 107 行.
NOTIC: [8] Undefined index: rel /Library/WebServer/Documents/qiuyun/dogocms32/Application/Runtime/Cache/Admin/2a2941ad95610dd8ebc15beef3e540c8.php 第 107 行.
NOTIC: [8] Undefined index: rel /Library/WebServer/Documents/qiuyun/dogocms32/Application/Runtime/Cache/Admin/2a2941ad95610dd8ebc15beef3e540c8.php 第 107 行.
NOTIC: [8] Undefined index: rel /Library/WebServer/Documents/qiuyun/dogocms32/Application/Runtime/Cache/Admin/2a2941ad95610dd8ebc15beef3e540c8.php 第 107 行.
NOTIC: [8] Undefined index: rel /Library/WebServer/Documents/qiuyun/dogocms32/Application/Runtime/Cache/Admin/2a2941ad95610dd8ebc15beef3e540c8.php 第 107 行.
NOTIC: [8] Undefined index: rel /Library/WebServer/Documents/qiuyun/dogocms32/Application/Runtime/Cache/Admin/2a2941ad95610dd8ebc15beef3e540c8.php 第 107 行.
NOTIC: [8] Undefined index: rel /Library/WebServer/Documents/qiuyun/dogocms32/Application/Runtime/Cache/Admin/2a2941ad95610dd8ebc15beef3e540c8.php 第 107 行.
NOTIC: [8] Undefined index: rel /Library/WebServer/Documents/qiuyun/dogocms32/Application/Runtime/Cache/Admin/2a2941ad95610dd8ebc15beef3e540c8.php 第 107 行.
NOTIC: [8] Undefined index: rel /Library/WebServer/Documents/qiuyun/dogocms32/Application/Runtime/Cache/Admin/2a2941ad95610dd8ebc15beef3e540c8.php 第 107 行.
NOTIC: [8] Undefined index: rel /Library/WebServer/Documents/qiuyun/dogocms32/Application/Runtime/Cache/Admin/2a2941ad95610dd8ebc15beef3e540c8.php 第 107 行.
NOTIC: [8] Undefined index: rel /Library/WebServer/Documents/qiuyun/dogocms32/Application/Runtime/Cache/Admin/2a2941ad95610dd8ebc15beef3e540c8.php 第 107 行.
NOTIC: [8] Undefined index: rel /Library/WebServer/Documents/qiuyun/dogocms32/Application/Runtime/Cache/Admin/2a2941ad95610dd8ebc15beef3e540c8.php 第 107 行.
NOTIC: [8] Undefined index: rel /Library/WebServer/Documents/qiuyun/dogocms32/Application/Runtime/Cache/Admin/2a2941ad95610dd8ebc15beef3e540c8.php 第 107 行.
NOTIC: [8] Undefined index: rel /Library/WebServer/Documents/qiuyun/dogocms32/Application/Runtime/Cache/Admin/2a2941ad95610dd8ebc15beef3e540c8.php 第 107 行.
NOTIC: [8] Undefined index: rel /Library/WebServer/Documents/qiuyun/dogocms32/Application/Runtime/Cache/Admin/2a2941ad95610dd8ebc15beef3e540c8.php 第 107 行.
NOTIC: [8] Undefined index: rel /Library/WebServer/Documents/qiuyun/dogocms32/Application/Runtime/Cache/Admin/2a2941ad95610dd8ebc15beef3e540c8.php 第 107 行.
NOTIC: [8] Undefined index: rel /Library/WebServer/Documents/qiuyun/dogocms32/Application/Runtime/Cache/Admin/2a2941ad95610dd8ebc15beef3e540c8.php 第 107 行.
NOTIC: [8] Undefined index: rel /Library/WebServer/Documents/qiuyun/dogocms32/Application/Runtime/Cache/Admin/2a2941ad95610dd8ebc15beef3e540c8.php 第 107 行.
NOTIC: [8] Undefined index: rel /Library/WebServer/Documents/qiuyun/dogocms32/Application/Runtime/Cache/Admin/2a2941ad95610dd8ebc15beef3e540c8.php 第 107 行.
NOTIC: [8] Undefined index: rel /Library/WebServer/Documents/qiuyun/dogocms32/Application/Runtime/Cache/Admin/2a2941ad95610dd8ebc15beef3e540c8.php 第 107 行.
NOTIC: [8] Undefined index: rel /Library/WebServer/Documents/qiuyun/dogocms32/Application/Runtime/Cache/Admin/2a2941ad95610dd8ebc15beef3e540c8.php 第 107 行.
NOTIC: [8] Undefined index: rel /Library/WebServer/Documents/qiuyun/dogocms32/Application/Runtime/Cache/Admin/2a2941ad95610dd8ebc15beef3e540c8.php 第 107 行.
NOTIC: [8] Undefined index: rel /Library/WebServer/Documents/qiuyun/dogocms32/Application/Runtime/Cache/Admin/2a2941ad95610dd8ebc15beef3e540c8.php 第 107 行.
NOTIC: [8] Undefined index: rel /Library/WebServer/Documents/qiuyun/dogocms32/Application/Runtime/Cache/Admin/2a2941ad95610dd8ebc15beef3e540c8.php 第 107 行.
NOTIC: [8] Undefined index: rel /Library/WebServer/Documents/qiuyun/dogocms32/Application/Runtime/Cache/Admin/2a2941ad95610dd8ebc15beef3e540c8.php 第 107 行.
NOTIC: [8] Undefined index: rel /Library/WebServer/Documents/qiuyun/dogocms32/Application/Runtime/Cache/Admin/2a2941ad95610dd8ebc15beef3e540c8.php 第 107 行.
NOTIC: [8] Undefined index: rel /Library/WebServer/Documents/qiuyun/dogocms32/Application/Runtime/Cache/Admin/2a2941ad95610dd8ebc15beef3e540c8.php 第 107 行.
NOTIC: [8] Undefined index: rel /Library/WebServer/Documents/qiuyun/dogocms32/Application/Runtime/Cache/Admin/2a2941ad95610dd8ebc15beef3e540c8.php 第 107 行.
NOTIC: [8] Undefined index: rel /Library/WebServer/Documents/qiuyun/dogocms32/Application/Runtime/Cache/Admin/2a2941ad95610dd8ebc15beef3e540c8.php 第 107 行.
NOTIC: [8] Undefined index: rel /Library/WebServer/Documents/qiuyun/dogocms32/Application/Runtime/Cache/Admin/2a2941ad95610dd8ebc15beef3e540c8.php 第 107 行.
NOTIC: [8] Undefined index: rel /Library/WebServer/Documents/qiuyun/dogocms32/Application/Runtime/Cache/Admin/2a2941ad95610dd8ebc15beef3e540c8.php 第 107 行.
NOTIC: [8] Undefined index: rel /Library/WebServer/Documents/qiuyun/dogocms32/Application/Runtime/Cache/Admin/2a2941ad95610dd8ebc15beef3e540c8.php 第 107 行.
NOTIC: [8] Undefined index: rel /Library/WebServer/Documents/qiuyun/dogocms32/Application/Runtime/Cache/Admin/2a2941ad95610dd8ebc15beef3e540c8.php 第 107 行.
NOTIC: [8] Undefined index: rel /Library/WebServer/Documents/qiuyun/dogocms32/Application/Runtime/Cache/Admin/2a2941ad95610dd8ebc15beef3e540c8.php 第 107 行.
NOTIC: [8] Undefined index: rel /Library/WebServer/Documents/qiuyun/dogocms32/Application/Runtime/Cache/Admin/2a2941ad95610dd8ebc15beef3e540c8.php 第 107 行.
NOTIC: [8] Undefined index: rel /Library/WebServer/Documents/qiuyun/dogocms32/Application/Runtime/Cache/Admin/2a2941ad95610dd8ebc15beef3e540c8.php 第 107 行.
NOTIC: [8] Undefined index: rel /Library/WebServer/Documents/qiuyun/dogocms32/Application/Runtime/Cache/Admin/2a2941ad95610dd8ebc15beef3e540c8.php 第 107 行.
NOTIC: [8] Undefined index: rel /Library/WebServer/Documents/qiuyun/dogocms32/Application/Runtime/Cache/Admin/2a2941ad95610dd8ebc15beef3e540c8.php 第 107 行.
NOTIC: [8] Undefined index: rel /Library/WebServer/Documents/qiuyun/dogocms32/Application/Runtime/Cache/Admin/2a2941ad95610dd8ebc15beef3e540c8.php 第 107 行.
NOTIC: [8] Undefined index: rel /Library/WebServer/Documents/qiuyun/dogocms32/Application/Runtime/Cache/Admin/2a2941ad95610dd8ebc15beef3e540c8.php 第 107 行.
NOTIC: [8] Undefined index: rel /Library/WebServer/Documents/qiuyun/dogocms32/Application/Runtime/Cache/Admin/2a2941ad95610dd8ebc15beef3e540c8.php 第 107 行.
NOTIC: [8] Undefined index: rel /Library/WebServer/Documents/qiuyun/dogocms32/Application/Runtime/Cache/Admin/2a2941ad95610dd8ebc15beef3e540c8.php 第 107 行.
NOTIC: [8] Undefined index: rel /Library/WebServer/Documents/qiuyun/dogocms32/Application/Runtime/Cache/Admin/2a2941ad95610dd8ebc15beef3e540c8.php 第 107 行.
NOTIC: [8] Undefined index: rel /Library/WebServer/Documents/qiuyun/dogocms32/Application/Runtime/Cache/Admin/2a2941ad95610dd8ebc15beef3e540c8.php 第 107 行.
NOTIC: [8] Undefined index: rel /Library/WebServer/Documents/qiuyun/dogocms32/Application/Runtime/Cache/Admin/2a2941ad95610dd8ebc15beef3e540c8.php 第 107 行.
NOTIC: [8] Undefined index: rel /Library/WebServer/Documents/qiuyun/dogocms32/Application/Runtime/Cache/Admin/2a2941ad95610dd8ebc15beef3e540c8.php 第 107 行.
NOTIC: [8] Undefined index: rel /Library/WebServer/Documents/qiuyun/dogocms32/Application/Runtime/Cache/Admin/2a2941ad95610dd8ebc15beef3e540c8.php 第 107 行.
NOTIC: [8] Undefined index: rel /Library/WebServer/Documents/qiuyun/dogocms32/Application/Runtime/Cache/Admin/2a2941ad95610dd8ebc15beef3e540c8.php 第 107 行.
NOTIC: [8] Undefined index: rel /Library/WebServer/Documents/qiuyun/dogocms32/Application/Runtime/Cache/Admin/2a2941ad95610dd8ebc15beef3e540c8.php 第 107 行.
NOTIC: [8] Undefined index: rel /Library/WebServer/Documents/qiuyun/dogocms32/Application/Runtime/Cache/Admin/2a2941ad95610dd8ebc15beef3e540c8.php 第 107 行.
NOTIC: [8] Undefined index: rel /Library/WebServer/Documents/qiuyun/dogocms32/Application/Runtime/Cache/Admin/2a2941ad95610dd8ebc15beef3e540c8.php 第 107 行.
NOTIC: [8] Undefined index: rel /Library/WebServer/Documents/qiuyun/dogocms32/Application/Runtime/Cache/Admin/2a2941ad95610dd8ebc15beef3e540c8.php 第 107 行.
NOTIC: [8] Undefined index: rel /Library/WebServer/Documents/qiuyun/dogocms32/Application/Runtime/Cache/Admin/2a2941ad95610dd8ebc15beef3e540c8.php 第 107 行.
INFO: Run Behavior\ParseTemplateBehavior [ RunTime:0.015213s ]
INFO: [ view_parse ] --END-- [ RunTime:0.015248s ]
INFO: [ view_filter ] --START--
INFO: Run Behavior\WriteHtmlCacheBehavior [ RunTime:0.000092s ]
INFO: [ view_filter ] --END-- [ RunTime:0.000115s ]
INFO: [ app_end ] --START--
INFO: Run Behavior\ShowPageTraceBehavior [ RunTime:0.000423s ]
INFO: [ app_end ] --END-- [ RunTime:0.000480s ]

[ 2014-02-22T18:57:59+08:00 ] ::1 /qiuyun/dogocms32/Admin/News/index?_=1393066673333
INFO: [ app_init ] --START--
INFO: Run Behavior\BuildLiteBehavior [ RunTime:0.000012s ]
INFO: [ app_init ] --END-- [ RunTime:0.000198s ]
INFO: [ app_begin ] --START--
INFO: Run Behavior\ReadHtmlCacheBehavior [ RunTime:0.000338s ]
INFO: Run Behavior\CheckLangBehavior [ RunTime:0.000362s ]
INFO: [ app_begin ] --END-- [ RunTime:0.000757s ]
NOTIC: [2] in_array() expects parameter 2 to be array, null given /Library/WebServer/Documents/qiuyun/dogocms32/Application/Admin/Action/BaseAction.class.php 第 27 行.
SQL: SHOW COLUMNS FROM `ding_auth_group_access` [ RunTime:0.006215s ]
SQL: SELECT `rules` FROM ding_auth_group_access a INNER JOIN ding_auth_group g on a.group_id=g.id  WHERE ( a.uid='1' and g.status='1' )  [ RunTime:0.000461s ]
SQL: SHOW COLUMNS FROM `ding_auth_rule` [ RunTime:0.001469s ]
SQL: SELECT `condition`,`name` FROM `ding_auth_rule` WHERE ( `id` IN ('1','2','3') ) AND ( `status` = 1 )  [ RunTime:0.000348s ]
SQL: SHOW COLUMNS FROM `ding_member` [ RunTime:0.000995s ]
ERR: 1146:Table 'dogocms14.ding_member' doesn't exist
 [ SQL语句 ] : SHOW COLUMNS FROM `ding_member`
SQL: SELECT * FROM `ding_member` WHERE ( `uid` = '1' ) LIMIT 1   [ RunTime:0.000144s ]
ERR: 1146:Table 'dogocms14.ding_member' doesn't exist
 [ SQL语句 ] : SELECT * FROM `ding_member` WHERE ( `uid` = '1' ) LIMIT 1  
NOTIC: [8] Undefined variable: skin /Library/WebServer/Documents/qiuyun/dogocms32/Application/Admin/Action/BaseAction.class.php 第 36 行.
INFO: [ view_parse ] --START--
NOTIC: [8] Use of undefined constant level - assumed 'level' /Library/WebServer/Documents/qiuyun/dogocms32/Core/Library/Think/Think.class.php 第 198 行.
NOTIC: [8] Use of undefined constant level - assumed 'level' /Library/WebServer/Documents/qiuyun/dogocms32/Core/Library/Think/Think.class.php 第 198 行.
NOTIC: [8] Use of undefined constant level - assumed 'level' /Library/WebServer/Documents/qiuyun/dogocms32/Core/Library/Think/Think.class.php 第 198 行.
NOTIC: [8] Use of undefined constant level - assumed 'level' /Library/WebServer/Documents/qiuyun/dogocms32/Core/Library/Think/Think.class.php 第 198 行.
NOTIC: [8] Use of undefined constant level - assumed 'level' /Library/WebServer/Documents/qiuyun/dogocms32/Core/Library/Think/Think.class.php 第 198 行.
NOTIC: [8] Use of undefined constant level - assumed 'level' /Library/WebServer/Documents/qiuyun/dogocms32/Core/Library/Think/Think.class.php 第 198 行.
NOTIC: [8] Use of undefined constant level - assumed 'level' /Library/WebServer/Documents/qiuyun/dogocms32/Core/Library/Think/Think.class.php 第 198 行.
NOTIC: [8] Use of undefined constant level - assumed 'level' /Library/WebServer/Documents/qiuyun/dogocms32/Core/Library/Think/Think.class.php 第 198 行.
NOTIC: [8] Use of undefined constant level - assumed 'level' /Library/WebServer/Documents/qiuyun/dogocms32/Core/Library/Think/Think.class.php 第 198 行.
NOTIC: [8] Use of undefined constant level - assumed 'level' /Library/WebServer/Documents/qiuyun/dogocms32/Core/Library/Think/Think.class.php 第 198 行.
NOTIC: [8] Use of undefined constant level - assumed 'level' /Library/WebServer/Documents/qiuyun/dogocms32/Core/Library/Think/Think.class.php 第 198 行.
NOTIC: [8] Use of undefined constant level - assumed 'level' /Library/WebServer/Documents/qiuyun/dogocms32/Core/Library/Think/Think.class.php 第 198 行.
INFO: [ template_filter ] --START--
INFO: Run Behavior\ContentReplaceBehavior [ RunTime:0.000024s ]
INFO: [ template_filter ] --END-- [ RunTime:0.000053s ]
NOTIC: [8] Undefined variable: list /Library/WebServer/Documents/qiuyun/dogocms32/Application/Runtime/Cache/Admin/582c513c1fc61a43354845d4d578d2ff.php 第 6 行.
INFO: Run Behavior\ParseTemplateBehavior [ RunTime:0.006231s ]
INFO: [ view_parse ] --END-- [ RunTime:0.006258s ]
INFO: [ view_filter ] --START--
INFO: Run Behavior\WriteHtmlCacheBehavior [ RunTime:0.000092s ]
INFO: [ view_filter ] --END-- [ RunTime:0.000114s ]
INFO: [ app_end ] --START--
INFO: Run Behavior\ShowPageTraceBehavior [ RunTime:0.000291s ]
INFO: [ app_end ] --END-- [ RunTime:0.000317s ]

[ 2014-02-22T18:57:59+08:00 ] ::1 /qiuyun/dogocms32/Admin/News/jsonSortTree.html
INFO: [ app_init ] --START--
INFO: Run Behavior\BuildLiteBehavior [ RunTime:0.000023s ]
INFO: [ app_init ] --END-- [ RunTime:0.000398s ]
INFO: [ app_begin ] --START--
INFO: Run Behavior\ReadHtmlCacheBehavior [ RunTime:0.000615s ]
INFO: Run Behavior\CheckLangBehavior [ RunTime:0.000579s ]
INFO: [ app_begin ] --END-- [ RunTime:0.001288s ]
NOTIC: [2] in_array() expects parameter 2 to be array, null given /Library/WebServer/Documents/qiuyun/dogocms32/Application/Admin/Action/BaseAction.class.php 第 27 行.
SQL: SHOW COLUMNS FROM `ding_auth_group_access` [ RunTime:0.001082s ]
SQL: SELECT `rules` FROM ding_auth_group_access a INNER JOIN ding_auth_group g on a.group_id=g.id  WHERE ( a.uid='1' and g.status='1' )  [ RunTime:0.000245s ]
SQL: SHOW COLUMNS FROM `ding_auth_rule` [ RunTime:0.001145s ]
SQL: SELECT `condition`,`name` FROM `ding_auth_rule` WHERE ( `id` IN ('1','2','3') ) AND ( `status` = 1 )  [ RunTime:0.000294s ]
SQL: SHOW COLUMNS FROM `ding_member` [ RunTime:0.001179s ]
ERR: 1146:Table 'dogocms14.ding_member' doesn't exist
 [ SQL语句 ] : SHOW COLUMNS FROM `ding_member`
SQL: SELECT * FROM `ding_member` WHERE ( `uid` = '1' ) LIMIT 1   [ RunTime:0.000317s ]
ERR: 1146:Table 'dogocms14.ding_member' doesn't exist
 [ SQL语句 ] : SELECT * FROM `ding_member` WHERE ( `uid` = '1' ) LIMIT 1  
NOTIC: [8] Undefined variable: skin /Library/WebServer/Documents/qiuyun/dogocms32/Application/Admin/Action/BaseAction.class.php 第 36 行.
SQL: SELECT `id`,`parent_id`,`text` FROM `ding_news_sort`  [ RunTime:0.000438s ]
INFO: [ app_end ] --START--
INFO: Run Behavior\ShowPageTraceBehavior [ RunTime:0.000404s ]
INFO: [ app_end ] --END-- [ RunTime:0.000445s ]

[ 2014-02-22T18:58:01+08:00 ] ::1 /qiuyun/dogocms32/Admin/News/newslist/id/35?_=1393066673334
INFO: [ app_init ] --START--
INFO: Run Behavior\BuildLiteBehavior [ RunTime:0.000034s ]
INFO: [ app_init ] --END-- [ RunTime:0.000436s ]
INFO: [ app_begin ] --START--
INFO: Run Behavior\ReadHtmlCacheBehavior [ RunTime:0.000413s ]
INFO: Run Behavior\CheckLangBehavior [ RunTime:0.000465s ]
INFO: [ app_begin ] --END-- [ RunTime:0.000961s ]
NOTIC: [2] in_array() expects parameter 2 to be array, null given /Library/WebServer/Documents/qiuyun/dogocms32/Application/Admin/Action/BaseAction.class.php 第 27 行.
SQL: SHOW COLUMNS FROM `ding_auth_group_access` [ RunTime:0.018652s ]
SQL: SELECT `rules` FROM ding_auth_group_access a INNER JOIN ding_auth_group g on a.group_id=g.id  WHERE ( a.uid='1' and g.status='1' )  [ RunTime:0.000288s ]
SQL: SHOW COLUMNS FROM `ding_auth_rule` [ RunTime:0.005595s ]
SQL: SELECT `condition`,`name` FROM `ding_auth_rule` WHERE ( `id` IN ('1','2','3') ) AND ( `status` = 1 )  [ RunTime:0.000346s ]
SQL: SHOW COLUMNS FROM `ding_member` [ RunTime:0.001108s ]
ERR: 1146:Table 'dogocms14.ding_member' doesn't exist
 [ SQL语句 ] : SHOW COLUMNS FROM `ding_member`
SQL: SELECT * FROM `ding_member` WHERE ( `uid` = '1' ) LIMIT 1   [ RunTime:0.000213s ]
ERR: 1146:Table 'dogocms14.ding_member' doesn't exist
 [ SQL语句 ] : SELECT * FROM `ding_member` WHERE ( `uid` = '1' ) LIMIT 1  
NOTIC: [8] Undefined variable: skin /Library/WebServer/Documents/qiuyun/dogocms32/Application/Admin/Action/BaseAction.class.php 第 36 行.
INFO: [ view_parse ] --START--
NOTIC: [8] Use of undefined constant level - assumed 'level' /Library/WebServer/Documents/qiuyun/dogocms32/Core/Library/Think/Think.class.php 第 198 行.
NOTIC: [8] Use of undefined constant level - assumed 'level' /Library/WebServer/Documents/qiuyun/dogocms32/Core/Library/Think/Think.class.php 第 198 行.
NOTIC: [8] Use of undefined constant level - assumed 'level' /Library/WebServer/Documents/qiuyun/dogocms32/Core/Library/Think/Think.class.php 第 198 行.
NOTIC: [8] Use of undefined constant level - assumed 'level' /Library/WebServer/Documents/qiuyun/dogocms32/Core/Library/Think/Think.class.php 第 198 行.
NOTIC: [8] Use of undefined constant level - assumed 'level' /Library/WebServer/Documents/qiuyun/dogocms32/Core/Library/Think/Think.class.php 第 198 行.
NOTIC: [8] Use of undefined constant level - assumed 'level' /Library/WebServer/Documents/qiuyun/dogocms32/Core/Library/Think/Think.class.php 第 198 行.
NOTIC: [8] Use of undefined constant level - assumed 'level' /Library/WebServer/Documents/qiuyun/dogocms32/Core/Library/Think/Think.class.php 第 198 行.
NOTIC: [8] Use of undefined constant level - assumed 'level' /Library/WebServer/Documents/qiuyun/dogocms32/Core/Library/Think/Think.class.php 第 198 行.
NOTIC: [8] Use of undefined constant level - assumed 'level' /Library/WebServer/Documents/qiuyun/dogocms32/Core/Library/Think/Think.class.php 第 198 行.
NOTIC: [8] Use of undefined constant level - assumed 'level' /Library/WebServer/Documents/qiuyun/dogocms32/Core/Library/Think/Think.class.php 第 198 行.
NOTIC: [8] Use of undefined constant level - assumed 'level' /Library/WebServer/Documents/qiuyun/dogocms32/Core/Library/Think/Think.class.php 第 198 行.
NOTIC: [8] Use of undefined constant level - assumed 'level' /Library/WebServer/Documents/qiuyun/dogocms32/Core/Library/Think/Think.class.php 第 198 行.
INFO: [ template_filter ] --START--
INFO: Run Behavior\ContentReplaceBehavior [ RunTime:0.000040s ]
INFO: [ template_filter ] --END-- [ RunTime:0.000085s ]
INFO: Run Behavior\ParseTemplateBehavior [ RunTime:0.007452s ]
INFO: [ view_parse ] --END-- [ RunTime:0.007495s ]
INFO: [ view_filter ] --START--
INFO: Run Behavior\WriteHtmlCacheBehavior [ RunTime:0.000121s ]
INFO: [ view_filter ] --END-- [ RunTime:0.000145s ]
INFO: [ app_end ] --START--
INFO: Run Behavior\ShowPageTraceBehavior [ RunTime:0.000292s ]
INFO: [ app_end ] --END-- [ RunTime:0.000317s ]

[ 2014-02-22T18:58:01+08:00 ] ::1 /qiuyun/dogocms32/Admin/News/listJsonId/id/35.html
INFO: [ app_init ] --START--
INFO: Run Behavior\BuildLiteBehavior [ RunTime:0.000015s ]
INFO: [ app_init ] --END-- [ RunTime:0.000293s ]
INFO: [ app_begin ] --START--
INFO: Run Behavior\ReadHtmlCacheBehavior [ RunTime:0.000732s ]
INFO: Run Behavior\CheckLangBehavior [ RunTime:0.000694s ]
INFO: [ app_begin ] --END-- [ RunTime:0.001571s ]
NOTIC: [2] in_array() expects parameter 2 to be array, null given /Library/WebServer/Documents/qiuyun/dogocms32/Application/Admin/Action/BaseAction.class.php 第 27 行.
SQL: SHOW COLUMNS FROM `ding_auth_group_access` [ RunTime:0.018101s ]
SQL: SELECT `rules` FROM ding_auth_group_access a INNER JOIN ding_auth_group g on a.group_id=g.id  WHERE ( a.uid='1' and g.status='1' )  [ RunTime:0.000265s ]
SQL: SHOW COLUMNS FROM `ding_auth_rule` [ RunTime:0.017763s ]
SQL: SELECT `condition`,`name` FROM `ding_auth_rule` WHERE ( `id` IN ('1','2','3') ) AND ( `status` = 1 )  [ RunTime:0.000282s ]
SQL: SHOW COLUMNS FROM `ding_member` [ RunTime:0.007204s ]
ERR: 1146:Table 'dogocms14.ding_member' doesn't exist
 [ SQL语句 ] : SHOW COLUMNS FROM `ding_member`
SQL: SELECT * FROM `ding_member` WHERE ( `uid` = '1' ) LIMIT 1   [ RunTime:0.000240s ]
ERR: 1146:Table 'dogocms14.ding_member' doesn't exist
 [ SQL语句 ] : SELECT * FROM `ding_member` WHERE ( `uid` = '1' ) LIMIT 1  
NOTIC: [8] Undefined variable: skin /Library/WebServer/Documents/qiuyun/dogocms32/Application/Admin/Action/BaseAction.class.php 第 36 行.
SQL: SELECT `id` FROM `ding_news_sort` WHERE ( `id` = '35' ) OR ( `path` LIKE '%,35,%' )  [ RunTime:0.000561s ]
NOTIC: [8] Undefined index: title /Library/WebServer/Documents/qiuyun/dogocms32/Application/Admin/Action/NewsAction.class.php 第 316 行.
SQL: SHOW COLUMNS FROM `ding_title` [ RunTime:0.001331s ]
SQL: SELECT COUNT(*) AS tp_count FROM ding_title t WHERE ( t.sort_id IN ('35','36') ) AND ( t.is_recycle = '10' ) LIMIT 1   [ RunTime:0.000874s ]
SQL: SHOW COLUMNS FROM `ding_title` [ RunTime:0.001928s ]
SQL: SELECT t.title,t.addtime,t.status,t.id,t.views,nt.text FROM ding_title t INNER JOIN ding_news_sort nt on nt.id=t.sort_id  WHERE ( t.sort_id IN ('35','36') ) AND ( t.is_recycle = '10' ) ORDER BY t.id desc LIMIT 0,10   [ RunTime:0.002822s ]
INFO: [ app_end ] --START--
INFO: Run Behavior\ShowPageTraceBehavior [ RunTime:0.001107s ]
INFO: [ app_end ] --END-- [ RunTime:0.001219s ]

[ 2014-02-22T18:58:03+08:00 ] ::1 /qiuyun/dogocms32/Admin/News/edit.html?id=26&_=1393066673335
INFO: [ app_init ] --START--
INFO: Run Behavior\BuildLiteBehavior [ RunTime:0.000011s ]
INFO: [ app_init ] --END-- [ RunTime:0.000194s ]
INFO: [ app_begin ] --START--
INFO: Run Behavior\ReadHtmlCacheBehavior [ RunTime:0.000250s ]
INFO: Run Behavior\CheckLangBehavior [ RunTime:0.000334s ]
INFO: [ app_begin ] --END-- [ RunTime:0.000628s ]
NOTIC: [2] in_array() expects parameter 2 to be array, null given /Library/WebServer/Documents/qiuyun/dogocms32/Application/Admin/Action/BaseAction.class.php 第 27 行.
SQL: SHOW COLUMNS FROM `ding_auth_group_access` [ RunTime:0.000995s ]
SQL: SELECT `rules` FROM ding_auth_group_access a INNER JOIN ding_auth_group g on a.group_id=g.id  WHERE ( a.uid='1' and g.status='1' )  [ RunTime:0.000265s ]
SQL: SHOW COLUMNS FROM `ding_auth_rule` [ RunTime:0.001008s ]
SQL: SELECT `condition`,`name` FROM `ding_auth_rule` WHERE ( `id` IN ('1','2','3') ) AND ( `status` = 1 )  [ RunTime:0.000255s ]
SQL: SHOW COLUMNS FROM `ding_member` [ RunTime:0.000987s ]
ERR: 1146:Table 'dogocms14.ding_member' doesn't exist
 [ SQL语句 ] : SHOW COLUMNS FROM `ding_member`
SQL: SELECT * FROM `ding_member` WHERE ( `uid` = '1' ) LIMIT 1   [ RunTime:0.000141s ]
ERR: 1146:Table 'dogocms14.ding_member' doesn't exist
 [ SQL语句 ] : SELECT * FROM `ding_member` WHERE ( `uid` = '1' ) LIMIT 1  
NOTIC: [8] Undefined variable: skin /Library/WebServer/Documents/qiuyun/dogocms32/Application/Admin/Action/BaseAction.class.php 第 36 行.
SQL: SHOW COLUMNS FROM `ding_title` [ RunTime:0.001050s ]
SQL: SELECT t.*,c.content FROM ding_title t INNER JOIN ding_content c ON c.title_id = t.id   WHERE ( t.id = '26' ) LIMIT 1   [ RunTime:0.000402s ]
NOTIC: [8] Undefined variable: data_filed /Library/WebServer/Documents/qiuyun/dogocms32/Application/Admin/Action/NewsAction.class.php 第 102 行.
NOTIC: [8] Undefined variable: data_ms /Library/WebServer/Documents/qiuyun/dogocms32/Application/Admin/Action/NewsAction.class.php 第 103 行.
INFO: [ view_parse ] --START--
NOTIC: [8] Undefined index: separator /Library/WebServer/Documents/qiuyun/dogocms32/Core/Library/Think/Template/TagLib/Html.class.php 第 183 行.
NOTIC: [2] Invalid argument supplied for foreach() /Library/WebServer/Documents/qiuyun/dogocms32/Core/Library/Think/Template/TagLib/Html.class.php 第 187 行.
NOTIC: [8] Undefined index: separator /Library/WebServer/Documents/qiuyun/dogocms32/Core/Library/Think/Template/TagLib/Html.class.php 第 208 行.
NOTIC: [8] Use of undefined constant level - assumed 'level' /Library/WebServer/Documents/qiuyun/dogocms32/Core/Library/Think/Think.class.php 第 198 行.
NOTIC: [8] Use of undefined constant level - assumed 'level' /Library/WebServer/Documents/qiuyun/dogocms32/Core/Library/Think/Think.class.php 第 198 行.
NOTIC: [8] Use of undefined constant level - assumed 'level' /Library/WebServer/Documents/qiuyun/dogocms32/Core/Library/Think/Think.class.php 第 198 行.
NOTIC: [8] Use of undefined constant level - assumed 'level' /Library/WebServer/Documents/qiuyun/dogocms32/Core/Library/Think/Think.class.php 第 198 行.
NOTIC: [8] Use of undefined constant level - assumed 'level' /Library/WebServer/Documents/qiuyun/dogocms32/Core/Library/Think/Think.class.php 第 198 行.
NOTIC: [8] Use of undefined constant level - assumed 'level' /Library/WebServer/Documents/qiuyun/dogocms32/Core/Library/Think/Think.class.php 第 198 行.
NOTIC: [8] Use of undefined constant level - assumed 'level' /Library/WebServer/Documents/qiuyun/dogocms32/Core/Library/Think/Think.class.php 第 198 行.
NOTIC: [8] Use of undefined constant level - assumed 'level' /Library/WebServer/Documents/qiuyun/dogocms32/Core/Library/Think/Think.class.php 第 198 行.
NOTIC: [8] Use of undefined constant level - assumed 'level' /Library/WebServer/Documents/qiuyun/dogocms32/Core/Library/Think/Think.class.php 第 198 行.
NOTIC: [8] Use of undefined constant level - assumed 'level' /Library/WebServer/Documents/qiuyun/dogocms32/Core/Library/Think/Think.class.php 第 198 行.
NOTIC: [8] Use of undefined constant level - assumed 'level' /Library/WebServer/Documents/qiuyun/dogocms32/Core/Library/Think/Think.class.php 第 198 行.
NOTIC: [8] Use of undefined constant level - assumed 'level' /Library/WebServer/Documents/qiuyun/dogocms32/Core/Library/Think/Think.class.php 第 198 行.
INFO: [ template_filter ] --START--
INFO: Run Behavior\ContentReplaceBehavior [ RunTime:0.000030s ]
INFO: [ template_filter ] --END-- [ RunTime:0.000072s ]
INFO: Run Behavior\ParseTemplateBehavior [ RunTime:0.008497s ]
INFO: [ view_parse ] --END-- [ RunTime:0.008534s ]
INFO: [ view_filter ] --START--
INFO: Run Behavior\WriteHtmlCacheBehavior [ RunTime:0.000095s ]
INFO: [ view_filter ] --END-- [ RunTime:0.000117s ]
INFO: [ app_end ] --START--
INFO: Run Behavior\ShowPageTraceBehavior [ RunTime:0.000285s ]
INFO: [ app_end ] --END-- [ RunTime:0.000310s ]

[ 2014-02-22T18:58:04+08:00 ] ::1 /qiuyun/dogocms32/Admin/NewsSort/jsonTree.html
INFO: [ app_init ] --START--
INFO: Run Behavior\BuildLiteBehavior [ RunTime:0.000017s ]
INFO: [ app_init ] --END-- [ RunTime:0.000316s ]
INFO: [ app_begin ] --START--
INFO: Run Behavior\ReadHtmlCacheBehavior [ RunTime:0.000421s ]
INFO: Run Behavior\CheckLangBehavior [ RunTime:0.000529s ]
INFO: [ app_begin ] --END-- [ RunTime:0.001028s ]
NOTIC: [2] in_array() expects parameter 2 to be array, null given /Library/WebServer/Documents/qiuyun/dogocms32/Application/Admin/Action/BaseAction.class.php 第 27 行.
SQL: SHOW COLUMNS FROM `ding_auth_group_access` [ RunTime:0.001319s ]
SQL: SELECT `rules` FROM ding_auth_group_access a INNER JOIN ding_auth_group g on a.group_id=g.id  WHERE ( a.uid='1' and g.status='1' )  [ RunTime:0.000307s ]
SQL: SHOW COLUMNS FROM `ding_auth_rule` [ RunTime:0.012656s ]
SQL: SELECT `condition`,`name` FROM `ding_auth_rule` WHERE ( `id` IN ('1','2','3') ) AND ( `status` = 1 )  [ RunTime:0.000410s ]
SQL: SHOW COLUMNS FROM `ding_member` [ RunTime:0.006838s ]
ERR: 1146:Table 'dogocms14.ding_member' doesn't exist
 [ SQL语句 ] : SHOW COLUMNS FROM `ding_member`
SQL: SELECT * FROM `ding_member` WHERE ( `uid` = '1' ) LIMIT 1   [ RunTime:0.000183s ]
ERR: 1146:Table 'dogocms14.ding_member' doesn't exist
 [ SQL语句 ] : SELECT * FROM `ding_member` WHERE ( `uid` = '1' ) LIMIT 1  
NOTIC: [8] Undefined variable: skin /Library/WebServer/Documents/qiuyun/dogocms32/Application/Admin/Action/BaseAction.class.php 第 36 行.
SQL: SELECT `id`,`parent_id`,`text` FROM `ding_news_sort`  [ RunTime:0.000233s ]
INFO: [ app_end ] --START--
INFO: Run Behavior\ShowPageTraceBehavior [ RunTime:0.000338s ]
INFO: [ app_end ] --END-- [ RunTime:0.000370s ]

[ 2014-02-22T18:58:37+08:00 ] ::1 /qiuyun/dogocms32/
INFO: [ app_init ] --START--
INFO: Run Behavior\BuildLiteBehavior [ RunTime:0.000015s ]
INFO: [ app_init ] --END-- [ RunTime:0.000304s ]
INFO: [ app_begin ] --START--
INFO: Run Behavior\ReadHtmlCacheBehavior [ RunTime:0.000333s ]
INFO: Run Behavior\CheckLangBehavior [ RunTime:0.005954s ]
INFO: [ app_begin ] --END-- [ RunTime:0.006387s ]
NOTIC: [8192] mysql_escape_string(): This function is deprecated; use mysql_real_escape_string() instead. /Library/WebServer/Documents/qiuyun/dogocms32/Core/Library/Think/Db/Driver/Mysql.class.php 第 330 行.
SQL: SELECT `sys_value` FROM `ding_setting` WHERE ( `sys_name` = 'cfg_skin_web' ) LIMIT 1   [ RunTime:0.000312s ]
SQL: SELECT * FROM `ding_nav_head` WHERE ( `status` = 20 )  [ RunTime:0.000488s ]
SQL: SELECT * FROM `ding_setting` WHERE ( `sys_name` = 'cfg_title' ) LIMIT 1   [ RunTime:0.000458s ]
SQL: SELECT * FROM `ding_setting` WHERE ( `sys_name` = 'cfg_keywords' ) LIMIT 1   [ RunTime:0.000268s ]
SQL: SELECT * FROM `ding_setting` WHERE ( `sys_name` = 'cfg_description' ) LIMIT 1   [ RunTime:0.000229s ]
SQL: SELECT `sys_value` FROM `ding_setting` WHERE ( `sys_name` = 'cfg_skin_web' ) LIMIT 1   [ RunTime:0.000219s ]
INFO: [ view_parse ] --START--
NOTIC: [8] Use of undefined constant level - assumed 'level' /Library/WebServer/Documents/qiuyun/dogocms32/Core/Library/Think/Think.class.php 第 198 行.
NOTIC: [8] Use of undefined constant level - assumed 'level' /Library/WebServer/Documents/qiuyun/dogocms32/Core/Library/Think/Think.class.php 第 198 行.
NOTIC: [8] Use of undefined constant level - assumed 'level' /Library/WebServer/Documents/qiuyun/dogocms32/Core/Library/Think/Think.class.php 第 198 行.
NOTIC: [8] Use of undefined constant level - assumed 'level' /Library/WebServer/Documents/qiuyun/dogocms32/Core/Library/Think/Think.class.php 第 198 行.
NOTIC: [8] Use of undefined constant level - assumed 'level' /Library/WebServer/Documents/qiuyun/dogocms32/Core/Library/Think/Think.class.php 第 198 行.
NOTIC: [8] Use of undefined constant level - assumed 'level' /Library/WebServer/Documents/qiuyun/dogocms32/Core/Library/Think/Think.class.php 第 198 行.
NOTIC: [8] Use of undefined constant level - assumed 'level' /Library/WebServer/Documents/qiuyun/dogocms32/Core/Library/Think/Think.class.php 第 198 行.
NOTIC: [8] Use of undefined constant level - assumed 'level' /Library/WebServer/Documents/qiuyun/dogocms32/Core/Library/Think/Think.class.php 第 198 行.
NOTIC: [8] Use of undefined constant level - assumed 'level' /Library/WebServer/Documents/qiuyun/dogocms32/Core/Library/Think/Think.class.php 第 198 行.
NOTIC: [8] Use of undefined constant level - assumed 'level' /Library/WebServer/Documents/qiuyun/dogocms32/Core/Library/Think/Think.class.php 第 198 行.
NOTIC: [8] Use of undefined constant level - assumed 'level' /Library/WebServer/Documents/qiuyun/dogocms32/Core/Library/Think/Think.class.php 第 198 行.
NOTIC: [8] Use of undefined constant level - assumed 'level' /Library/WebServer/Documents/qiuyun/dogocms32/Core/Library/Think/Think.class.php 第 198 行.
NOTIC: [8] Undefined index: tid /Library/WebServer/Documents/qiuyun/dogocms32/Core/Library/Think/Template/TagLib/Dogocms.class.php 第 78 行.
NOTIC: [8] Undefined index: flag /Library/WebServer/Documents/qiuyun/dogocms32/Core/Library/Think/Template/TagLib/Dogocms.class.php 第 80 行.
NOTIC: [8] Undefined index: order /Library/WebServer/Documents/qiuyun/dogocms32/Core/Library/Think/Template/TagLib/Dogocms.class.php 第 81 行.
NOTIC: [8] Undefined index: keywords /Library/WebServer/Documents/qiuyun/dogocms32/Core/Library/Think/Template/TagLib/Dogocms.class.php 第 82 行.
NOTIC: [8] Undefined variable: path /Library/WebServer/Documents/qiuyun/dogocms32/Core/Library/Think/Template/TagLib/Dogocms.class.php 第 92 行.
SQL: SELECT `id` FROM `ding_news_sort` WHERE (  (path like '%,35,%') or (`id` = 35) )  [ RunTime:0.000339s ]
NOTIC: [8] Undefined variable: sort_id /Library/WebServer/Documents/qiuyun/dogocms32/Core/Library/Think/Template/TagLib/Dogocms.class.php 第 98 行.
SQL: SELECT * FROM `ding_setting` WHERE ( `sys_name` = 'cfg_sitename' ) LIMIT 1   [ RunTime:0.000378s ]
SQL: SELECT * FROM `ding_setting` WHERE ( `sys_name` = 'cfg_sitename' ) LIMIT 1   [ RunTime:0.000201s ]
SQL: SELECT * FROM `ding_setting` WHERE ( `sys_name` = 'cfg_copyright' ) LIMIT 1   [ RunTime:0.000209s ]
INFO: [ template_filter ] --START--
INFO: Run Behavior\ContentReplaceBehavior [ RunTime:0.000230s ]
INFO: [ template_filter ] --END-- [ RunTime:0.000444s ]
SQL: SHOW COLUMNS FROM `ding_title` [ RunTime:0.001185s ]
SQL: SELECT t.*,c.content,m.username,ns.text as sortname FROM ding_title t INNER JOIN  ding_news_sort ns on ns.id=t.sort_id  INNER JOIN  ding_content c on c.title_id=t.id  INNER JOIN  ding_members m on m.id=t.members_id   WHERE (  (t.`status`='12')  and (t.`is_recycle`='10')  and (t.`sort_id` in(35,36)) ) ORDER BY t.id desc LIMIT 10   [ RunTime:0.001742s ]
NOTIC: [8] Undefined variable: data /Library/WebServer/Documents/qiuyun/dogocms32/Application/Runtime/Cache/Home/5d44c280c21a0a2c627ca598c3f2fe67.php 第 171 行.
NOTIC: [8] Undefined variable: data /Library/WebServer/Documents/qiuyun/dogocms32/Application/Runtime/Cache/Home/5d44c280c21a0a2c627ca598c3f2fe67.php 第 177 行.
NOTIC: [8] Undefined variable: data /Library/WebServer/Documents/qiuyun/dogocms32/Application/Runtime/Cache/Home/5d44c280c21a0a2c627ca598c3f2fe67.php 第 183 行.
NOTIC: [8] Undefined variable: data /Library/WebServer/Documents/qiuyun/dogocms32/Application/Runtime/Cache/Home/5d44c280c21a0a2c627ca598c3f2fe67.php 第 218 行.
NOTIC: [8] Undefined variable: data /Library/WebServer/Documents/qiuyun/dogocms32/Application/Runtime/Cache/Home/5d44c280c21a0a2c627ca598c3f2fe67.php 第 224 行.
NOTIC: [8] Undefined variable: data /Library/WebServer/Documents/qiuyun/dogocms32/Application/Runtime/Cache/Home/5d44c280c21a0a2c627ca598c3f2fe67.php 第 230 行.
NOTIC: [8] Undefined variable: data /Library/WebServer/Documents/qiuyun/dogocms32/Application/Runtime/Cache/Home/5d44c280c21a0a2c627ca598c3f2fe67.php 第 236 行.
NOTIC: [8] Undefined variable: data /Library/WebServer/Documents/qiuyun/dogocms32/Application/Runtime/Cache/Home/5d44c280c21a0a2c627ca598c3f2fe67.php 第 242 行.
INFO: Run Behavior\ParseTemplateBehavior [ RunTime:0.039765s ]
INFO: [ view_parse ] --END-- [ RunTime:0.039808s ]
INFO: [ view_filter ] --START--
INFO: Run Behavior\WriteHtmlCacheBehavior [ RunTime:0.000138s ]
INFO: [ view_filter ] --END-- [ RunTime:0.000166s ]
INFO: [ app_end ] --START--
INFO: Run Behavior\ShowPageTraceBehavior [ RunTime:0.000312s ]
INFO: [ app_end ] --END-- [ RunTime:0.000340s ]

[ 2014-02-22T18:58:37+08:00 ] ::1 /qiuyun/dogocms32/User/Passport/verify.html
INFO: [ app_init ] --START--
INFO: Run Behavior\BuildLiteBehavior [ RunTime:0.000012s ]
INFO: [ app_init ] --END-- [ RunTime:0.000273s ]
INFO: [ app_begin ] --START--
INFO: Run Behavior\ReadHtmlCacheBehavior [ RunTime:0.000423s ]
INFO: Run Behavior\CheckLangBehavior [ RunTime:0.001081s ]
INFO: [ app_begin ] --END-- [ RunTime:0.001599s ]
NOTIC: [8192] mysql_escape_string(): This function is deprecated; use mysql_real_escape_string() instead. /Library/WebServer/Documents/qiuyun/dogocms32/Core/Library/Think/Db/Driver/Mysql.class.php 第 330 行.
SQL: SELECT `sys_value` FROM `ding_setting` WHERE ( `sys_name` = 'cfg_member_skin' ) LIMIT 1   [ RunTime:0.000306s ]
SQL: SELECT * FROM `ding_nav_head` WHERE ( `status` = 20 )  [ RunTime:0.000711s ]
INFO: [ app_end ] --START--
INFO: Run Behavior\ShowPageTraceBehavior [ RunTime:0.000621s ]
INFO: [ app_end ] --END-- [ RunTime:0.000718s ]

[ 2014-02-22T18:58:50+08:00 ] ::1 /qiuyun/dogocms32/Admin/Setting/index?_=1393066673337
INFO: [ app_init ] --START--
INFO: Run Behavior\BuildLiteBehavior [ RunTime:0.000015s ]
INFO: [ app_init ] --END-- [ RunTime:0.000314s ]
INFO: [ app_begin ] --START--
INFO: Run Behavior\ReadHtmlCacheBehavior [ RunTime:0.000394s ]
INFO: Run Behavior\CheckLangBehavior [ RunTime:0.000526s ]
INFO: [ app_begin ] --END-- [ RunTime:0.000984s ]
NOTIC: [2] in_array() expects parameter 2 to be array, null given /Library/WebServer/Documents/qiuyun/dogocms32/Application/Admin/Action/BaseAction.class.php 第 27 行.
SQL: SHOW COLUMNS FROM `ding_auth_group_access` [ RunTime:0.001226s ]
SQL: SELECT `rules` FROM ding_auth_group_access a INNER JOIN ding_auth_group g on a.group_id=g.id  WHERE ( a.uid='1' and g.status='1' )  [ RunTime:0.000296s ]
SQL: SHOW COLUMNS FROM `ding_auth_rule` [ RunTime:0.002179s ]
SQL: SELECT `condition`,`name` FROM `ding_auth_rule` WHERE ( `id` IN ('1','2','3') ) AND ( `status` = 1 )  [ RunTime:0.000625s ]
SQL: SHOW COLUMNS FROM `ding_member` [ RunTime:0.001427s ]
ERR: 1146:Table 'dogocms14.ding_member' doesn't exist
 [ SQL语句 ] : SHOW COLUMNS FROM `ding_member`
SQL: SELECT * FROM `ding_member` WHERE ( `uid` = '1' ) LIMIT 1   [ RunTime:0.000378s ]
ERR: 1146:Table 'dogocms14.ding_member' doesn't exist
 [ SQL语句 ] : SELECT * FROM `ding_member` WHERE ( `uid` = '1' ) LIMIT 1  
NOTIC: [8] Undefined variable: skin /Library/WebServer/Documents/qiuyun/dogocms32/Application/Admin/Action/BaseAction.class.php 第 36 行.
INFO: [ view_parse ] --START--
NOTIC: [8] Use of undefined constant level - assumed 'level' /Library/WebServer/Documents/qiuyun/dogocms32/Core/Library/Think/Think.class.php 第 198 行.
NOTIC: [8] Use of undefined constant level - assumed 'level' /Library/WebServer/Documents/qiuyun/dogocms32/Core/Library/Think/Think.class.php 第 198 行.
NOTIC: [8] Use of undefined constant level - assumed 'level' /Library/WebServer/Documents/qiuyun/dogocms32/Core/Library/Think/Think.class.php 第 198 行.
NOTIC: [8] Use of undefined constant level - assumed 'level' /Library/WebServer/Documents/qiuyun/dogocms32/Core/Library/Think/Think.class.php 第 198 行.
NOTIC: [8] Use of undefined constant level - assumed 'level' /Library/WebServer/Documents/qiuyun/dogocms32/Core/Library/Think/Think.class.php 第 198 行.
NOTIC: [8] Use of undefined constant level - assumed 'level' /Library/WebServer/Documents/qiuyun/dogocms32/Core/Library/Think/Think.class.php 第 198 行.
NOTIC: [8] Use of undefined constant level - assumed 'level' /Library/WebServer/Documents/qiuyun/dogocms32/Core/Library/Think/Think.class.php 第 198 行.
NOTIC: [8] Use of undefined constant level - assumed 'level' /Library/WebServer/Documents/qiuyun/dogocms32/Core/Library/Think/Think.class.php 第 198 行.
NOTIC: [8] Use of undefined constant level - assumed 'level' /Library/WebServer/Documents/qiuyun/dogocms32/Core/Library/Think/Think.class.php 第 198 行.
NOTIC: [8] Use of undefined constant level - assumed 'level' /Library/WebServer/Documents/qiuyun/dogocms32/Core/Library/Think/Think.class.php 第 198 行.
NOTIC: [8] Use of undefined constant level - assumed 'level' /Library/WebServer/Documents/qiuyun/dogocms32/Core/Library/Think/Think.class.php 第 198 行.
NOTIC: [8] Use of undefined constant level - assumed 'level' /Library/WebServer/Documents/qiuyun/dogocms32/Core/Library/Think/Think.class.php 第 198 行.
INFO: [ template_filter ] --START--
INFO: Run Behavior\ContentReplaceBehavior [ RunTime:0.000041s ]
INFO: [ template_filter ] --END-- [ RunTime:0.000104s ]
INFO: Run Behavior\ParseTemplateBehavior [ RunTime:0.008464s ]
INFO: [ view_parse ] --END-- [ RunTime:0.008493s ]
INFO: [ view_filter ] --START--
INFO: Run Behavior\WriteHtmlCacheBehavior [ RunTime:0.000093s ]
INFO: [ view_filter ] --END-- [ RunTime:0.000114s ]
INFO: [ app_end ] --START--
INFO: Run Behavior\ShowPageTraceBehavior [ RunTime:0.000295s ]
INFO: [ app_end ] --END-- [ RunTime:0.000317s ]

[ 2014-02-22T18:58:50+08:00 ] ::1 /qiuyun/dogocms32/Admin/Setting/jsonTree.html
INFO: [ app_init ] --START--
INFO: Run Behavior\BuildLiteBehavior [ RunTime:0.000021s ]
INFO: [ app_init ] --END-- [ RunTime:0.000284s ]
INFO: [ app_begin ] --START--
INFO: Run Behavior\ReadHtmlCacheBehavior [ RunTime:0.000524s ]
INFO: Run Behavior\CheckLangBehavior [ RunTime:0.000427s ]
INFO: [ app_begin ] --END-- [ RunTime:0.001036s ]
NOTIC: [2] in_array() expects parameter 2 to be array, null given /Library/WebServer/Documents/qiuyun/dogocms32/Application/Admin/Action/BaseAction.class.php 第 27 行.
SQL: SHOW COLUMNS FROM `ding_auth_group_access` [ RunTime:0.006009s ]
SQL: SELECT `rules` FROM ding_auth_group_access a INNER JOIN ding_auth_group g on a.group_id=g.id  WHERE ( a.uid='1' and g.status='1' )  [ RunTime:0.000451s ]
SQL: SHOW COLUMNS FROM `ding_auth_rule` [ RunTime:0.001566s ]
SQL: SELECT `condition`,`name` FROM `ding_auth_rule` WHERE ( `id` IN ('1','2','3') ) AND ( `status` = 1 )  [ RunTime:0.000607s ]
SQL: SHOW COLUMNS FROM `ding_member` [ RunTime:0.001634s ]
ERR: 1146:Table 'dogocms14.ding_member' doesn't exist
 [ SQL语句 ] : SHOW COLUMNS FROM `ding_member`
SQL: SELECT * FROM `ding_member` WHERE ( `uid` = '1' ) LIMIT 1   [ RunTime:0.000389s ]
ERR: 1146:Table 'dogocms14.ding_member' doesn't exist
 [ SQL语句 ] : SELECT * FROM `ding_member` WHERE ( `uid` = '1' ) LIMIT 1  
NOTIC: [8] Undefined variable: skin /Library/WebServer/Documents/qiuyun/dogocms32/Application/Admin/Action/BaseAction.class.php 第 36 行.
NOTIC: [8] Undefined index: parent_id /Library/WebServer/Documents/qiuyun/dogocms32/Core/Library/Org/Util/Qiuyun.class.php 第 35 行.
NOTIC: [8] Undefined index: parent_id /Library/WebServer/Documents/qiuyun/dogocms32/Core/Library/Org/Util/Qiuyun.class.php 第 35 行.
NOTIC: [8] Undefined index: parent_id /Library/WebServer/Documents/qiuyun/dogocms32/Core/Library/Org/Util/Qiuyun.class.php 第 35 行.
NOTIC: [8] Undefined index: parent_id /Library/WebServer/Documents/qiuyun/dogocms32/Core/Library/Org/Util/Qiuyun.class.php 第 35 行.
NOTIC: [8] Undefined index: parent_id /Library/WebServer/Documents/qiuyun/dogocms32/Core/Library/Org/Util/Qiuyun.class.php 第 35 行.
NOTIC: [8] Undefined index: parent_id /Library/WebServer/Documents/qiuyun/dogocms32/Core/Library/Org/Util/Qiuyun.class.php 第 35 行.
INFO: [ app_end ] --START--
INFO: Run Behavior\ShowPageTraceBehavior [ RunTime:0.001080s ]
INFO: [ app_end ] --END-- [ RunTime:0.001185s ]

[ 2014-02-22T18:58:52+08:00 ] ::1 /qiuyun/dogocms32/Admin/Setting/settinglist/id/1?_=1393066673338
INFO: [ app_init ] --START--
INFO: Run Behavior\BuildLiteBehavior [ RunTime:0.000015s ]
INFO: [ app_init ] --END-- [ RunTime:0.000226s ]
INFO: [ app_begin ] --START--
INFO: Run Behavior\ReadHtmlCacheBehavior [ RunTime:0.000594s ]
INFO: Run Behavior\CheckLangBehavior [ RunTime:0.000558s ]
INFO: [ app_begin ] --END-- [ RunTime:0.001303s ]
NOTIC: [2] in_array() expects parameter 2 to be array, null given /Library/WebServer/Documents/qiuyun/dogocms32/Application/Admin/Action/BaseAction.class.php 第 27 行.
SQL: SHOW COLUMNS FROM `ding_auth_group_access` [ RunTime:0.009051s ]
SQL: SELECT `rules` FROM ding_auth_group_access a INNER JOIN ding_auth_group g on a.group_id=g.id  WHERE ( a.uid='1' and g.status='1' )  [ RunTime:0.000418s ]
SQL: SHOW COLUMNS FROM `ding_auth_rule` [ RunTime:0.001422s ]
SQL: SELECT `condition`,`name` FROM `ding_auth_rule` WHERE ( `id` IN ('1','2','3') ) AND ( `status` = 1 )  [ RunTime:0.000269s ]
SQL: SHOW COLUMNS FROM `ding_member` [ RunTime:0.000809s ]
ERR: 1146:Table 'dogocms14.ding_member' doesn't exist
 [ SQL语句 ] : SHOW COLUMNS FROM `ding_member`
SQL: SELECT * FROM `ding_member` WHERE ( `uid` = '1' ) LIMIT 1   [ RunTime:0.000157s ]
ERR: 1146:Table 'dogocms14.ding_member' doesn't exist
 [ SQL语句 ] : SELECT * FROM `ding_member` WHERE ( `uid` = '1' ) LIMIT 1  
NOTIC: [8] Undefined variable: skin /Library/WebServer/Documents/qiuyun/dogocms32/Application/Admin/Action/BaseAction.class.php 第 36 行.
INFO: [ view_parse ] --START--
NOTIC: [8] Use of undefined constant level - assumed 'level' /Library/WebServer/Documents/qiuyun/dogocms32/Core/Library/Think/Think.class.php 第 198 行.
NOTIC: [8] Use of undefined constant level - assumed 'level' /Library/WebServer/Documents/qiuyun/dogocms32/Core/Library/Think/Think.class.php 第 198 行.
NOTIC: [8] Use of undefined constant level - assumed 'level' /Library/WebServer/Documents/qiuyun/dogocms32/Core/Library/Think/Think.class.php 第 198 行.
NOTIC: [8] Use of undefined constant level - assumed 'level' /Library/WebServer/Documents/qiuyun/dogocms32/Core/Library/Think/Think.class.php 第 198 行.
NOTIC: [8] Use of undefined constant level - assumed 'level' /Library/WebServer/Documents/qiuyun/dogocms32/Core/Library/Think/Think.class.php 第 198 行.
NOTIC: [8] Use of undefined constant level - assumed 'level' /Library/WebServer/Documents/qiuyun/dogocms32/Core/Library/Think/Think.class.php 第 198 行.
NOTIC: [8] Use of undefined constant level - assumed 'level' /Library/WebServer/Documents/qiuyun/dogocms32/Core/Library/Think/Think.class.php 第 198 行.
NOTIC: [8] Use of undefined constant level - assumed 'level' /Library/WebServer/Documents/qiuyun/dogocms32/Core/Library/Think/Think.class.php 第 198 行.
NOTIC: [8] Use of undefined constant level - assumed 'level' /Library/WebServer/Documents/qiuyun/dogocms32/Core/Library/Think/Think.class.php 第 198 行.
NOTIC: [8] Use of undefined constant level - assumed 'level' /Library/WebServer/Documents/qiuyun/dogocms32/Core/Library/Think/Think.class.php 第 198 行.
NOTIC: [8] Use of undefined constant level - assumed 'level' /Library/WebServer/Documents/qiuyun/dogocms32/Core/Library/Think/Think.class.php 第 198 行.
NOTIC: [8] Use of undefined constant level - assumed 'level' /Library/WebServer/Documents/qiuyun/dogocms32/Core/Library/Think/Think.class.php 第 198 行.
INFO: [ template_filter ] --START--
INFO: Run Behavior\ContentReplaceBehavior [ RunTime:0.000030s ]
INFO: [ template_filter ] --END-- [ RunTime:0.000061s ]
INFO: Run Behavior\ParseTemplateBehavior [ RunTime:0.007101s ]
INFO: [ view_parse ] --END-- [ RunTime:0.007143s ]
INFO: [ view_filter ] --START--
INFO: Run Behavior\WriteHtmlCacheBehavior [ RunTime:0.000089s ]
INFO: [ view_filter ] --END-- [ RunTime:0.000111s ]
INFO: [ app_end ] --START--
INFO: Run Behavior\ShowPageTraceBehavior [ RunTime:0.000319s ]
INFO: [ app_end ] --END-- [ RunTime:0.000345s ]

[ 2014-02-22T18:58:52+08:00 ] ::1 /qiuyun/dogocms32/Admin/Setting/listJsonId/id/1.html
INFO: [ app_init ] --START--
INFO: Run Behavior\BuildLiteBehavior [ RunTime:0.000014s ]
INFO: [ app_init ] --END-- [ RunTime:0.000310s ]
INFO: [ app_begin ] --START--
INFO: Run Behavior\ReadHtmlCacheBehavior [ RunTime:0.000375s ]
INFO: Run Behavior\CheckLangBehavior [ RunTime:0.000500s ]
INFO: [ app_begin ] --END-- [ RunTime:0.000940s ]
NOTIC: [2] in_array() expects parameter 2 to be array, null given /Library/WebServer/Documents/qiuyun/dogocms32/Application/Admin/Action/BaseAction.class.php 第 27 行.
SQL: SHOW COLUMNS FROM `ding_auth_group_access` [ RunTime:0.001003s ]
SQL: SELECT `rules` FROM ding_auth_group_access a INNER JOIN ding_auth_group g on a.group_id=g.id  WHERE ( a.uid='1' and g.status='1' )  [ RunTime:0.000228s ]
SQL: SHOW COLUMNS FROM `ding_auth_rule` [ RunTime:0.001280s ]
SQL: SELECT `condition`,`name` FROM `ding_auth_rule` WHERE ( `id` IN ('1','2','3') ) AND ( `status` = 1 )  [ RunTime:0.000305s ]
SQL: SHOW COLUMNS FROM `ding_member` [ RunTime:0.001226s ]
ERR: 1146:Table 'dogocms14.ding_member' doesn't exist
 [ SQL语句 ] : SHOW COLUMNS FROM `ding_member`
SQL: SELECT * FROM `ding_member` WHERE ( `uid` = '1' ) LIMIT 1   [ RunTime:0.000332s ]
ERR: 1146:Table 'dogocms14.ding_member' doesn't exist
 [ SQL语句 ] : SELECT * FROM `ding_member` WHERE ( `uid` = '1' ) LIMIT 1  
NOTIC: [8] Undefined variable: skin /Library/WebServer/Documents/qiuyun/dogocms32/Application/Admin/Action/BaseAction.class.php 第 36 行.
SQL: SELECT * FROM `ding_setting` WHERE ( `sys_gid` = '1' )  [ RunTime:0.000676s ]
SQL: SELECT COUNT(*) AS tp_count FROM `ding_setting` WHERE ( `sys_gid` = '1' ) LIMIT 1   [ RunTime:0.000334s ]
INFO: [ app_end ] --START--
INFO: Run Behavior\ShowPageTraceBehavior [ RunTime:0.000599s ]
INFO: [ app_end ] --END-- [ RunTime:0.000651s ]

[ 2014-02-22T18:58:54+08:00 ] ::1 /qiuyun/dogocms32/Admin/Setting/edit.html?id=12&_=1393066673339
INFO: [ app_init ] --START--
INFO: Run Behavior\BuildLiteBehavior [ RunTime:0.000014s ]
INFO: [ app_init ] --END-- [ RunTime:0.000293s ]
INFO: [ app_begin ] --START--
INFO: Run Behavior\ReadHtmlCacheBehavior [ RunTime:0.000412s ]
INFO: Run Behavior\CheckLangBehavior [ RunTime:0.000537s ]
INFO: [ app_begin ] --END-- [ RunTime:0.001017s ]
NOTIC: [2] in_array() expects parameter 2 to be array, null given /Library/WebServer/Documents/qiuyun/dogocms32/Application/Admin/Action/BaseAction.class.php 第 27 行.
SQL: SHOW COLUMNS FROM `ding_auth_group_access` [ RunTime:0.007318s ]
SQL: SELECT `rules` FROM ding_auth_group_access a INNER JOIN ding_auth_group g on a.group_id=g.id  WHERE ( a.uid='1' and g.status='1' )  [ RunTime:0.000240s ]
SQL: SHOW COLUMNS FROM `ding_auth_rule` [ RunTime:0.001114s ]
SQL: SELECT `condition`,`name` FROM `ding_auth_rule` WHERE ( `id` IN ('1','2','3') ) AND ( `status` = 1 )  [ RunTime:0.000278s ]
SQL: SHOW COLUMNS FROM `ding_member` [ RunTime:0.000999s ]
ERR: 1146:Table 'dogocms14.ding_member' doesn't exist
 [ SQL语句 ] : SHOW COLUMNS FROM `ding_member`
SQL: SELECT * FROM `ding_member` WHERE ( `uid` = '1' ) LIMIT 1   [ RunTime:0.000169s ]
ERR: 1146:Table 'dogocms14.ding_member' doesn't exist
 [ SQL语句 ] : SELECT * FROM `ding_member` WHERE ( `uid` = '1' ) LIMIT 1  
NOTIC: [8] Undefined variable: skin /Library/WebServer/Documents/qiuyun/dogocms32/Application/Admin/Action/BaseAction.class.php 第 36 行.
SQL: SELECT * FROM `ding_setting` WHERE ( `id` = 12 ) LIMIT 1   [ RunTime:0.000381s ]
INFO: [ view_parse ] --START--
NOTIC: [8] Undefined index: separator /Library/WebServer/Documents/qiuyun/dogocms32/Core/Library/Think/Template/TagLib/Html.class.php 第 208 行.
NOTIC: [8] Use of undefined constant level - assumed 'level' /Library/WebServer/Documents/qiuyun/dogocms32/Core/Library/Think/Think.class.php 第 198 行.
NOTIC: [8] Use of undefined constant level - assumed 'level' /Library/WebServer/Documents/qiuyun/dogocms32/Core/Library/Think/Think.class.php 第 198 行.
NOTIC: [8] Use of undefined constant level - assumed 'level' /Library/WebServer/Documents/qiuyun/dogocms32/Core/Library/Think/Think.class.php 第 198 行.
NOTIC: [8] Use of undefined constant level - assumed 'level' /Library/WebServer/Documents/qiuyun/dogocms32/Core/Library/Think/Think.class.php 第 198 行.
NOTIC: [8] Use of undefined constant level - assumed 'level' /Library/WebServer/Documents/qiuyun/dogocms32/Core/Library/Think/Think.class.php 第 198 行.
NOTIC: [8] Use of undefined constant level - assumed 'level' /Library/WebServer/Documents/qiuyun/dogocms32/Core/Library/Think/Think.class.php 第 198 行.
NOTIC: [8] Use of undefined constant level - assumed 'level' /Library/WebServer/Documents/qiuyun/dogocms32/Core/Library/Think/Think.class.php 第 198 行.
NOTIC: [8] Use of undefined constant level - assumed 'level' /Library/WebServer/Documents/qiuyun/dogocms32/Core/Library/Think/Think.class.php 第 198 行.
NOTIC: [8] Use of undefined constant level - assumed 'level' /Library/WebServer/Documents/qiuyun/dogocms32/Core/Library/Think/Think.class.php 第 198 行.
NOTIC: [8] Use of undefined constant level - assumed 'level' /Library/WebServer/Documents/qiuyun/dogocms32/Core/Library/Think/Think.class.php 第 198 行.
NOTIC: [8] Use of undefined constant level - assumed 'level' /Library/WebServer/Documents/qiuyun/dogocms32/Core/Library/Think/Think.class.php 第 198 行.
NOTIC: [8] Use of undefined constant level - assumed 'level' /Library/WebServer/Documents/qiuyun/dogocms32/Core/Library/Think/Think.class.php 第 198 行.
INFO: [ template_filter ] --START--
INFO: Run Behavior\ContentReplaceBehavior [ RunTime:0.000035s ]
INFO: [ template_filter ] --END-- [ RunTime:0.000098s ]
INFO: Run Behavior\ParseTemplateBehavior [ RunTime:0.007630s ]
INFO: [ view_parse ] --END-- [ RunTime:0.007680s ]
INFO: [ view_filter ] --START--
INFO: Run Behavior\WriteHtmlCacheBehavior [ RunTime:0.000132s ]
INFO: [ view_filter ] --END-- [ RunTime:0.000164s ]
INFO: [ app_end ] --START--
INFO: Run Behavior\ShowPageTraceBehavior [ RunTime:0.000427s ]
INFO: [ app_end ] --END-- [ RunTime:0.000464s ]

[ 2014-02-22T18:58:54+08:00 ] ::1 /qiuyun/dogocms32/Admin/Setting/jsonTree.html
INFO: [ app_init ] --START--
INFO: Run Behavior\BuildLiteBehavior [ RunTime:0.000015s ]
INFO: [ app_init ] --END-- [ RunTime:0.000281s ]
INFO: [ app_begin ] --START--
INFO: Run Behavior\ReadHtmlCacheBehavior [ RunTime:0.000377s ]
INFO: Run Behavior\CheckLangBehavior [ RunTime:0.000688s ]
INFO: [ app_begin ] --END-- [ RunTime:0.001148s ]
NOTIC: [2] in_array() expects parameter 2 to be array, null given /Library/WebServer/Documents/qiuyun/dogocms32/Application/Admin/Action/BaseAction.class.php 第 27 行.
SQL: SHOW COLUMNS FROM `ding_auth_group_access` [ RunTime:0.001078s ]
SQL: SELECT `rules` FROM ding_auth_group_access a INNER JOIN ding_auth_group g on a.group_id=g.id  WHERE ( a.uid='1' and g.status='1' )  [ RunTime:0.000220s ]
SQL: SHOW COLUMNS FROM `ding_auth_rule` [ RunTime:0.000961s ]
SQL: SELECT `condition`,`name` FROM `ding_auth_rule` WHERE ( `id` IN ('1','2','3') ) AND ( `status` = 1 )  [ RunTime:0.000276s ]
SQL: SHOW COLUMNS FROM `ding_member` [ RunTime:0.000829s ]
ERR: 1146:Table 'dogocms14.ding_member' doesn't exist
 [ SQL语句 ] : SHOW COLUMNS FROM `ding_member`
SQL: SELECT * FROM `ding_member` WHERE ( `uid` = '1' ) LIMIT 1   [ RunTime:0.000182s ]
ERR: 1146:Table 'dogocms14.ding_member' doesn't exist
 [ SQL语句 ] : SELECT * FROM `ding_member` WHERE ( `uid` = '1' ) LIMIT 1  
NOTIC: [8] Undefined variable: skin /Library/WebServer/Documents/qiuyun/dogocms32/Application/Admin/Action/BaseAction.class.php 第 36 行.
NOTIC: [8] Undefined index: parent_id /Library/WebServer/Documents/qiuyun/dogocms32/Core/Library/Org/Util/Qiuyun.class.php 第 35 行.
NOTIC: [8] Undefined index: parent_id /Library/WebServer/Documents/qiuyun/dogocms32/Core/Library/Org/Util/Qiuyun.class.php 第 35 行.
NOTIC: [8] Undefined index: parent_id /Library/WebServer/Documents/qiuyun/dogocms32/Core/Library/Org/Util/Qiuyun.class.php 第 35 行.
NOTIC: [8] Undefined index: parent_id /Library/WebServer/Documents/qiuyun/dogocms32/Core/Library/Org/Util/Qiuyun.class.php 第 35 行.
NOTIC: [8] Undefined index: parent_id /Library/WebServer/Documents/qiuyun/dogocms32/Core/Library/Org/Util/Qiuyun.class.php 第 35 行.
NOTIC: [8] Undefined index: parent_id /Library/WebServer/Documents/qiuyun/dogocms32/Core/Library/Org/Util/Qiuyun.class.php 第 35 行.
INFO: [ app_end ] --START--
INFO: Run Behavior\ShowPageTraceBehavior [ RunTime:0.000299s ]
INFO: [ app_end ] --END-- [ RunTime:0.000327s ]

