[ 2014-02-19T22:18:39+08:00 ] ::1 /qiuyun/dogocms32/
INFO: [ app_init ] --START--
INFO: Run Behavior\BuildLiteBehavior [ RunTime:0.000009s ]
INFO: [ app_init ] --END-- [ RunTime:0.000204s ]
INFO: [ app_begin ] --START--
INFO: Run Behavior\ReadHtmlCacheBehavior [ RunTime:0.000247s ]
INFO: Run Behavior\CheckLangBehavior [ RunTime:0.000279s ]
INFO: [ app_begin ] --END-- [ RunTime:0.000574s ]
NOTIC: [8192] mysql_escape_string(): This function is deprecated; use mysql_real_escape_string() instead. /Library/WebServer/Documents/qiuyun/dogocms32/Core/Library/Think/Db/Driver/Mysql.class.php 第 330 行.
SQL: SELECT `sys_value` FROM `ding_setting` WHERE ( `sys_name` = 'cfg_skin_web' ) LIMIT 1   [ RunTime:0.000233s ]
SQL: SELECT * FROM `ding_nav_head` WHERE ( `status` = 20 )  [ RunTime:0.000322s ]
SQL: SHOW COLUMNS FROM `ding_title` [ RunTime:0.008204s ]
SQL: SELECT COUNT(*) AS tp_count FROM ding_title t INNER JOIN ding_content c ON c.title_id = t.id   WHERE ( t.status = '12' ) LIMIT 1   [ RunTime:0.000626s ]
SQL: SHOW COLUMNS FROM `ding_title` [ RunTime:0.001445s ]
SQL: SELECT t.*,c.*,m.username FROM ding_title t INNER JOIN ding_content c ON c.title_id = t.id  INNER JOIN ding_members m ON t.members_id = m.id   WHERE ( t.status = '12' ) ORDER BY t.id desc LIMIT 0,5   [ RunTime:0.002139s ]
SQL: SELECT * FROM `ding_setting` WHERE ( `sys_name` = 'cfg_title' ) LIMIT 1   [ RunTime:0.000347s ]
SQL: SELECT * FROM `ding_setting` WHERE ( `sys_name` = 'cfg_keywords' ) LIMIT 1   [ RunTime:0.000675s ]
SQL: SELECT * FROM `ding_setting` WHERE ( `sys_name` = 'cfg_description' ) LIMIT 1   [ RunTime:0.000373s ]
SQL: SELECT `sys_value` FROM `ding_setting` WHERE ( `sys_name` = 'cfg_skin_web' ) LIMIT 1   [ RunTime:0.000175s ]
INFO: [ view_parse ] --START--
NOTIC: [8] Use of undefined constant level - assumed 'level' /Library/WebServer/Documents/qiuyun/dogocms32/Core/Library/Think/Think.class.php 第 195 行.
NOTIC: [8] Use of undefined constant level - assumed 'level' /Library/WebServer/Documents/qiuyun/dogocms32/Core/Library/Think/Think.class.php 第 195 行.
NOTIC: [8] Use of undefined constant level - assumed 'level' /Library/WebServer/Documents/qiuyun/dogocms32/Core/Library/Think/Think.class.php 第 195 行.
NOTIC: [8] Use of undefined constant level - assumed 'level' /Library/WebServer/Documents/qiuyun/dogocms32/Core/Library/Think/Think.class.php 第 195 行.
NOTIC: [8] Use of undefined constant level - assumed 'level' /Library/WebServer/Documents/qiuyun/dogocms32/Core/Library/Think/Think.class.php 第 195 行.
NOTIC: [8] Use of undefined constant level - assumed 'level' /Library/WebServer/Documents/qiuyun/dogocms32/Core/Library/Think/Think.class.php 第 195 行.
NOTIC: [8] Use of undefined constant level - assumed 'level' /Library/WebServer/Documents/qiuyun/dogocms32/Core/Library/Think/Think.class.php 第 195 行.
NOTIC: [8] Use of undefined constant level - assumed 'level' /Library/WebServer/Documents/qiuyun/dogocms32/Core/Library/Think/Think.class.php 第 195 行.
NOTIC: [8] Use of undefined constant level - assumed 'level' /Library/WebServer/Documents/qiuyun/dogocms32/Core/Library/Think/Think.class.php 第 195 行.
NOTIC: [8] Use of undefined constant level - assumed 'level' /Library/WebServer/Documents/qiuyun/dogocms32/Core/Library/Think/Think.class.php 第 195 行.
NOTIC: [8] Use of undefined constant level - assumed 'level' /Library/WebServer/Documents/qiuyun/dogocms32/Core/Library/Think/Think.class.php 第 195 行.
NOTIC: [8] Use of undefined constant level - assumed 'level' /Library/WebServer/Documents/qiuyun/dogocms32/Core/Library/Think/Think.class.php 第 195 行.
NOTIC: [8] Undefined variable: tag /Library/WebServer/Documents/qiuyun/dogocms32/Core/Library/Think/Template/TagLib/Dogocms.class.php 第 255 行.
NOTIC: [8] Undefined variable: tag /Library/WebServer/Documents/qiuyun/dogocms32/Core/Library/Think/Template/TagLib/Dogocms.class.php 第 256 行.
NOTIC: [8] Undefined variable: tag /Library/WebServer/Documents/qiuyun/dogocms32/Core/Library/Think/Template/TagLib/Dogocms.class.php 第 257 行.
NOTIC: [8] Undefined variable: content /Library/WebServer/Documents/qiuyun/dogocms32/Core/Library/Think/Template/TagLib/Dogocms.class.php 第 280 行.
NOTIC: [8] Undefined variable: tag /Library/WebServer/Documents/qiuyun/dogocms32/Core/Library/Think/Template/TagLib/Dogocms.class.php 第 255 行.
NOTIC: [8] Undefined variable: tag /Library/WebServer/Documents/qiuyun/dogocms32/Core/Library/Think/Template/TagLib/Dogocms.class.php 第 256 行.
NOTIC: [8] Undefined variable: tag /Library/WebServer/Documents/qiuyun/dogocms32/Core/Library/Think/Template/TagLib/Dogocms.class.php 第 257 行.
NOTIC: [8] Undefined variable: content /Library/WebServer/Documents/qiuyun/dogocms32/Core/Library/Think/Template/TagLib/Dogocms.class.php 第 280 行.
SQL: SELECT * FROM `ding_setting` WHERE ( `sys_name` = 'cfg_sitename' ) LIMIT 1   [ RunTime:0.000341s ]
SQL: SELECT * FROM `ding_setting` WHERE ( `sys_name` = 'cfg_copyright' ) LIMIT 1   [ RunTime:0.000215s ]
INFO: [ template_filter ] --START--
INFO: Run Behavior\ContentReplaceBehavior [ RunTime:0.000053s ]
INFO: [ template_filter ] --END-- [ RunTime:0.000091s ]
SQL: SELECT * FROM `ding_block_list` WHERE (  (`status`='20')  ) ORDER BY myorder asc LIMIT 0,4   [ RunTime:0.000395s ]
SQL: SELECT * FROM `ding_block_list` WHERE (  (`status`='20')  ) ORDER BY myorder asc LIMIT 0,4   [ RunTime:0.000253s ]
NOTIC: [8] Undefined variable: data /Library/WebServer/Documents/qiuyun/dogocms32/Application/Runtime/Cache/Home/b3660370e593a64c67d7c9d7d94ba4ce.php 第 207 行.
NOTIC: [8] Undefined variable: data /Library/WebServer/Documents/qiuyun/dogocms32/Application/Runtime/Cache/Home/b3660370e593a64c67d7c9d7d94ba4ce.php 第 213 行.
NOTIC: [8] Undefined variable: data /Library/WebServer/Documents/qiuyun/dogocms32/Application/Runtime/Cache/Home/b3660370e593a64c67d7c9d7d94ba4ce.php 第 219 行.
NOTIC: [8] Undefined variable: data /Library/WebServer/Documents/qiuyun/dogocms32/Application/Runtime/Cache/Home/b3660370e593a64c67d7c9d7d94ba4ce.php 第 254 行.
NOTIC: [8] Undefined variable: data /Library/WebServer/Documents/qiuyun/dogocms32/Application/Runtime/Cache/Home/b3660370e593a64c67d7c9d7d94ba4ce.php 第 260 行.
NOTIC: [8] Undefined variable: data /Library/WebServer/Documents/qiuyun/dogocms32/Application/Runtime/Cache/Home/b3660370e593a64c67d7c9d7d94ba4ce.php 第 266 行.
NOTIC: [8] Undefined variable: data /Library/WebServer/Documents/qiuyun/dogocms32/Application/Runtime/Cache/Home/b3660370e593a64c67d7c9d7d94ba4ce.php 第 272 行.
NOTIC: [8] Undefined variable: data /Library/WebServer/Documents/qiuyun/dogocms32/Application/Runtime/Cache/Home/b3660370e593a64c67d7c9d7d94ba4ce.php 第 278 行.
INFO: Run Behavior\ParseTemplateBehavior [ RunTime:0.017652s ]
INFO: [ view_parse ] --END-- [ RunTime:0.017681s ]
INFO: [ view_filter ] --START--
INFO: Run Behavior\WriteHtmlCacheBehavior [ RunTime:0.000105s ]
INFO: [ view_filter ] --END-- [ RunTime:0.000128s ]
INFO: [ app_end ] --START--
INFO: Run Behavior\ShowPageTraceBehavior [ RunTime:0.000407s ]
INFO: [ app_end ] --END-- [ RunTime:0.000441s ]

[ 2014-02-19T22:18:39+08:00 ] ::1 /qiuyun/dogocms32/User/Passport/verify.html
INFO: [ app_init ] --START--
INFO: Run Behavior\BuildLiteBehavior [ RunTime:0.000011s ]
INFO: [ app_init ] --END-- [ RunTime:0.000197s ]
INFO: [ app_begin ] --START--
INFO: Run Behavior\ReadHtmlCacheBehavior [ RunTime:0.000701s ]
INFO: Run Behavior\CheckLangBehavior [ RunTime:0.000610s ]
INFO: [ app_begin ] --END-- [ RunTime:0.001383s ]
NOTIC: [8192] mysql_escape_string(): This function is deprecated; use mysql_real_escape_string() instead. /Library/WebServer/Documents/qiuyun/dogocms32/Core/Library/Think/Db/Driver/Mysql.class.php 第 330 行.
SQL: SELECT `sys_value` FROM `ding_setting` WHERE ( `sys_name` = 'cfg_member_skin' ) LIMIT 1   [ RunTime:0.000238s ]
SQL: SELECT * FROM `ding_nav_head` WHERE ( `status` = 20 )  [ RunTime:0.000369s ]
INFO: [ app_end ] --START--
INFO: Run Behavior\ShowPageTraceBehavior [ RunTime:0.000279s ]
INFO: [ app_end ] --END-- [ RunTime:0.000319s ]

[ 2014-02-19T22:24:47+08:00 ] ::1 /qiuyun/dogocms32/
INFO: [ app_init ] --START--
INFO: Run Behavior\BuildLiteBehavior [ RunTime:0.000009s ]
INFO: [ app_init ] --END-- [ RunTime:0.000198s ]
INFO: [ app_begin ] --START--
INFO: Run Behavior\ReadHtmlCacheBehavior [ RunTime:0.000254s ]
INFO: Run Behavior\CheckLangBehavior [ RunTime:0.000268s ]
INFO: [ app_begin ] --END-- [ RunTime:0.000570s ]
NOTIC: [8192] mysql_escape_string(): This function is deprecated; use mysql_real_escape_string() instead. /Library/WebServer/Documents/qiuyun/dogocms32/Core/Library/Think/Db/Driver/Mysql.class.php 第 330 行.
SQL: SELECT `sys_value` FROM `ding_setting` WHERE ( `sys_name` = 'cfg_skin_web' ) LIMIT 1   [ RunTime:0.000233s ]
SQL: SELECT * FROM `ding_nav_head` WHERE ( `status` = 20 )  [ RunTime:0.000311s ]
SQL: SHOW COLUMNS FROM `ding_title` [ RunTime:0.007443s ]
SQL: SELECT COUNT(*) AS tp_count FROM ding_title t INNER JOIN ding_content c ON c.title_id = t.id   WHERE ( t.status = '12' ) LIMIT 1   [ RunTime:0.000421s ]
SQL: SHOW COLUMNS FROM `ding_title` [ RunTime:0.001120s ]
SQL: SELECT t.*,c.*,m.username FROM ding_title t INNER JOIN ding_content c ON c.title_id = t.id  INNER JOIN ding_members m ON t.members_id = m.id   WHERE ( t.status = '12' ) ORDER BY t.id desc LIMIT 0,5   [ RunTime:0.003389s ]
SQL: SELECT * FROM `ding_setting` WHERE ( `sys_name` = 'cfg_title' ) LIMIT 1   [ RunTime:0.000243s ]
SQL: SELECT * FROM `ding_setting` WHERE ( `sys_name` = 'cfg_keywords' ) LIMIT 1   [ RunTime:0.000139s ]
SQL: SELECT * FROM `ding_setting` WHERE ( `sys_name` = 'cfg_description' ) LIMIT 1   [ RunTime:0.000139s ]
SQL: SELECT `sys_value` FROM `ding_setting` WHERE ( `sys_name` = 'cfg_skin_web' ) LIMIT 1   [ RunTime:0.000136s ]
INFO: [ view_parse ] --START--
NOTIC: [8] Use of undefined constant level - assumed 'level' /Library/WebServer/Documents/qiuyun/dogocms32/Core/Library/Think/Think.class.php 第 195 行.
NOTIC: [8] Use of undefined constant level - assumed 'level' /Library/WebServer/Documents/qiuyun/dogocms32/Core/Library/Think/Think.class.php 第 195 行.
NOTIC: [8] Use of undefined constant level - assumed 'level' /Library/WebServer/Documents/qiuyun/dogocms32/Core/Library/Think/Think.class.php 第 195 行.
NOTIC: [8] Use of undefined constant level - assumed 'level' /Library/WebServer/Documents/qiuyun/dogocms32/Core/Library/Think/Think.class.php 第 195 行.
NOTIC: [8] Use of undefined constant level - assumed 'level' /Library/WebServer/Documents/qiuyun/dogocms32/Core/Library/Think/Think.class.php 第 195 行.
NOTIC: [8] Use of undefined constant level - assumed 'level' /Library/WebServer/Documents/qiuyun/dogocms32/Core/Library/Think/Think.class.php 第 195 行.
NOTIC: [8] Use of undefined constant level - assumed 'level' /Library/WebServer/Documents/qiuyun/dogocms32/Core/Library/Think/Think.class.php 第 195 行.
NOTIC: [8] Use of undefined constant level - assumed 'level' /Library/WebServer/Documents/qiuyun/dogocms32/Core/Library/Think/Think.class.php 第 195 行.
NOTIC: [8] Use of undefined constant level - assumed 'level' /Library/WebServer/Documents/qiuyun/dogocms32/Core/Library/Think/Think.class.php 第 195 行.
NOTIC: [8] Use of undefined constant level - assumed 'level' /Library/WebServer/Documents/qiuyun/dogocms32/Core/Library/Think/Think.class.php 第 195 行.
NOTIC: [8] Use of undefined constant level - assumed 'level' /Library/WebServer/Documents/qiuyun/dogocms32/Core/Library/Think/Think.class.php 第 195 行.
NOTIC: [8] Use of undefined constant level - assumed 'level' /Library/WebServer/Documents/qiuyun/dogocms32/Core/Library/Think/Think.class.php 第 195 行.
NOTIC: [8] Undefined index: order /Library/WebServer/Documents/qiuyun/dogocms32/Core/Library/Think/Template/TagLib/Dogocms.class.php 第 257 行.
NOTIC: [8] Undefined variable: content /Library/WebServer/Documents/qiuyun/dogocms32/Core/Library/Think/Template/TagLib/Dogocms.class.php 第 280 行.
NOTIC: [8] Undefined index: order /Library/WebServer/Documents/qiuyun/dogocms32/Core/Library/Think/Template/TagLib/Dogocms.class.php 第 257 行.
NOTIC: [8] Undefined variable: content /Library/WebServer/Documents/qiuyun/dogocms32/Core/Library/Think/Template/TagLib/Dogocms.class.php 第 280 行.
SQL: SELECT * FROM `ding_setting` WHERE ( `sys_name` = 'cfg_sitename' ) LIMIT 1   [ RunTime:0.000346s ]
SQL: SELECT * FROM `ding_setting` WHERE ( `sys_name` = 'cfg_copyright' ) LIMIT 1   [ RunTime:0.000228s ]
INFO: [ template_filter ] --START--
INFO: Run Behavior\ContentReplaceBehavior [ RunTime:0.000054s ]
INFO: [ template_filter ] --END-- [ RunTime:0.000104s ]
SQL: SELECT * FROM `ding_block_list` WHERE (  (`status`='20')  and (`sort_id` =4)  ) ORDER BY myorder asc LIMIT 12   [ RunTime:0.000412s ]
SQL: SELECT * FROM `ding_block_list` WHERE (  (`status`='20')  and (`sort_id` =4)  ) ORDER BY myorder asc LIMIT 12   [ RunTime:0.000287s ]
INFO: Run Behavior\ParseTemplateBehavior [ RunTime:0.036171s ]
INFO: [ view_parse ] --END-- [ RunTime:0.036202s ]
INFO: [ view_filter ] --START--
INFO: Run Behavior\WriteHtmlCacheBehavior [ RunTime:0.000134s ]
INFO: [ view_filter ] --END-- [ RunTime:0.000161s ]
INFO: [ app_end ] --START--
INFO: Run Behavior\ShowPageTraceBehavior [ RunTime:0.000410s ]
INFO: [ app_end ] --END-- [ RunTime:0.000452s ]

[ 2014-02-19T22:24:47+08:00 ] ::1 /qiuyun/dogocms32/User/Passport/verify.html
INFO: [ app_init ] --START--
INFO: Run Behavior\BuildLiteBehavior [ RunTime:0.000020s ]
INFO: [ app_init ] --END-- [ RunTime:0.002959s ]
INFO: [ app_begin ] --START--
INFO: Run Behavior\ReadHtmlCacheBehavior [ RunTime:0.000293s ]
INFO: Run Behavior\CheckLangBehavior [ RunTime:0.000266s ]
INFO: [ app_begin ] --END-- [ RunTime:0.000615s ]
NOTIC: [8192] mysql_escape_string(): This function is deprecated; use mysql_real_escape_string() instead. /Library/WebServer/Documents/qiuyun/dogocms32/Core/Library/Think/Db/Driver/Mysql.class.php 第 330 行.
SQL: SELECT `sys_value` FROM `ding_setting` WHERE ( `sys_name` = 'cfg_member_skin' ) LIMIT 1   [ RunTime:0.000218s ]
SQL: SELECT * FROM `ding_nav_head` WHERE ( `status` = 20 )  [ RunTime:0.000311s ]
INFO: [ app_end ] --START--
INFO: Run Behavior\ShowPageTraceBehavior [ RunTime:0.000440s ]
INFO: [ app_end ] --END-- [ RunTime:0.000500s ]

[ 2014-02-19T22:26:35+08:00 ] ::1 /qiuyun/dogocms32/
INFO: [ app_init ] --START--
INFO: Run Behavior\BuildLiteBehavior [ RunTime:0.000009s ]
INFO: [ app_init ] --END-- [ RunTime:0.000196s ]
INFO: [ app_begin ] --START--
INFO: Run Behavior\ReadHtmlCacheBehavior [ RunTime:0.000449s ]
INFO: Run Behavior\CheckLangBehavior [ RunTime:0.000359s ]
INFO: [ app_begin ] --END-- [ RunTime:0.000902s ]
NOTIC: [8192] mysql_escape_string(): This function is deprecated; use mysql_real_escape_string() instead. /Library/WebServer/Documents/qiuyun/dogocms32/Core/Library/Think/Db/Driver/Mysql.class.php 第 330 行.
SQL: SELECT `sys_value` FROM `ding_setting` WHERE ( `sys_name` = 'cfg_skin_web' ) LIMIT 1   [ RunTime:0.000233s ]
SQL: SELECT * FROM `ding_nav_head` WHERE ( `status` = 20 )  [ RunTime:0.000284s ]
SQL: SHOW COLUMNS FROM `ding_title` [ RunTime:0.007688s ]
SQL: SELECT COUNT(*) AS tp_count FROM ding_title t INNER JOIN ding_content c ON c.title_id = t.id   WHERE ( t.status = '12' ) LIMIT 1   [ RunTime:0.001078s ]
SQL: SHOW COLUMNS FROM `ding_title` [ RunTime:0.001165s ]
SQL: SELECT t.*,c.*,m.username FROM ding_title t INNER JOIN ding_content c ON c.title_id = t.id  INNER JOIN ding_members m ON t.members_id = m.id   WHERE ( t.status = '12' ) ORDER BY t.id desc LIMIT 0,5   [ RunTime:0.001439s ]
SQL: SELECT * FROM `ding_setting` WHERE ( `sys_name` = 'cfg_title' ) LIMIT 1   [ RunTime:0.000220s ]
SQL: SELECT * FROM `ding_setting` WHERE ( `sys_name` = 'cfg_keywords' ) LIMIT 1   [ RunTime:0.000154s ]
SQL: SELECT * FROM `ding_setting` WHERE ( `sys_name` = 'cfg_description' ) LIMIT 1   [ RunTime:0.000147s ]
SQL: SELECT `sys_value` FROM `ding_setting` WHERE ( `sys_name` = 'cfg_skin_web' ) LIMIT 1   [ RunTime:0.000152s ]
INFO: [ view_parse ] --START--
NOTIC: [8] Use of undefined constant level - assumed 'level' /Library/WebServer/Documents/qiuyun/dogocms32/Core/Library/Think/Think.class.php 第 195 行.
NOTIC: [8] Use of undefined constant level - assumed 'level' /Library/WebServer/Documents/qiuyun/dogocms32/Core/Library/Think/Think.class.php 第 195 行.
NOTIC: [8] Use of undefined constant level - assumed 'level' /Library/WebServer/Documents/qiuyun/dogocms32/Core/Library/Think/Think.class.php 第 195 行.
NOTIC: [8] Use of undefined constant level - assumed 'level' /Library/WebServer/Documents/qiuyun/dogocms32/Core/Library/Think/Think.class.php 第 195 行.
NOTIC: [8] Use of undefined constant level - assumed 'level' /Library/WebServer/Documents/qiuyun/dogocms32/Core/Library/Think/Think.class.php 第 195 行.
NOTIC: [8] Use of undefined constant level - assumed 'level' /Library/WebServer/Documents/qiuyun/dogocms32/Core/Library/Think/Think.class.php 第 195 行.
NOTIC: [8] Use of undefined constant level - assumed 'level' /Library/WebServer/Documents/qiuyun/dogocms32/Core/Library/Think/Think.class.php 第 195 行.
NOTIC: [8] Use of undefined constant level - assumed 'level' /Library/WebServer/Documents/qiuyun/dogocms32/Core/Library/Think/Think.class.php 第 195 行.
NOTIC: [8] Use of undefined constant level - assumed 'level' /Library/WebServer/Documents/qiuyun/dogocms32/Core/Library/Think/Think.class.php 第 195 行.
NOTIC: [8] Use of undefined constant level - assumed 'level' /Library/WebServer/Documents/qiuyun/dogocms32/Core/Library/Think/Think.class.php 第 195 行.
NOTIC: [8] Use of undefined constant level - assumed 'level' /Library/WebServer/Documents/qiuyun/dogocms32/Core/Library/Think/Think.class.php 第 195 行.
NOTIC: [8] Use of undefined constant level - assumed 'level' /Library/WebServer/Documents/qiuyun/dogocms32/Core/Library/Think/Think.class.php 第 195 行.
NOTIC: [8] Undefined index: order /Library/WebServer/Documents/qiuyun/dogocms32/Core/Library/Think/Template/TagLib/Dogocms.class.php 第 257 行.
NOTIC: [8] Undefined variable: content /Library/WebServer/Documents/qiuyun/dogocms32/Core/Library/Think/Template/TagLib/Dogocms.class.php 第 280 行.
NOTIC: [8] Undefined index: order /Library/WebServer/Documents/qiuyun/dogocms32/Core/Library/Think/Template/TagLib/Dogocms.class.php 第 257 行.
NOTIC: [8] Undefined variable: content /Library/WebServer/Documents/qiuyun/dogocms32/Core/Library/Think/Template/TagLib/Dogocms.class.php 第 280 行.
SQL: SELECT * FROM `ding_setting` WHERE ( `sys_name` = 'cfg_sitename' ) LIMIT 1   [ RunTime:0.000279s ]
SQL: SELECT * FROM `ding_setting` WHERE ( `sys_name` = 'cfg_copyright' ) LIMIT 1   [ RunTime:0.000169s ]
INFO: [ template_filter ] --START--
INFO: Run Behavior\ContentReplaceBehavior [ RunTime:0.000051s ]
INFO: [ template_filter ] --END-- [ RunTime:0.000086s ]
SQL: SELECT * FROM `ding_block_list` WHERE (  (`status`='20')  and (`sort_id` =4)  ) ORDER BY myorder asc LIMIT 12   [ RunTime:0.000651s ]
SQL: SELECT * FROM `ding_block_list` WHERE (  (`status`='20')  and (`sort_id` =4)  ) ORDER BY myorder asc LIMIT 12   [ RunTime:0.000329s ]
INFO: Run Behavior\ParseTemplateBehavior [ RunTime:0.016246s ]
INFO: [ view_parse ] --END-- [ RunTime:0.016282s ]
INFO: [ view_filter ] --START--
INFO: Run Behavior\WriteHtmlCacheBehavior [ RunTime:0.000156s ]
INFO: [ view_filter ] --END-- [ RunTime:0.000193s ]
INFO: [ app_end ] --START--
INFO: Run Behavior\ShowPageTraceBehavior [ RunTime:0.000402s ]
INFO: [ app_end ] --END-- [ RunTime:0.000438s ]

[ 2014-02-19T22:26:35+08:00 ] ::1 /qiuyun/dogocms32/User/Passport/verify.html
INFO: [ app_init ] --START--
INFO: Run Behavior\BuildLiteBehavior [ RunTime:0.000011s ]
INFO: [ app_init ] --END-- [ RunTime:0.000196s ]
INFO: [ app_begin ] --START--
INFO: Run Behavior\ReadHtmlCacheBehavior [ RunTime:0.000252s ]
INFO: Run Behavior\CheckLangBehavior [ RunTime:0.000250s ]
INFO: [ app_begin ] --END-- [ RunTime:0.000553s ]
NOTIC: [8192] mysql_escape_string(): This function is deprecated; use mysql_real_escape_string() instead. /Library/WebServer/Documents/qiuyun/dogocms32/Core/Library/Think/Db/Driver/Mysql.class.php 第 330 行.
SQL: SELECT `sys_value` FROM `ding_setting` WHERE ( `sys_name` = 'cfg_member_skin' ) LIMIT 1   [ RunTime:0.000219s ]
SQL: SELECT * FROM `ding_nav_head` WHERE ( `status` = 20 )  [ RunTime:0.000328s ]
INFO: [ app_end ] --START--
INFO: Run Behavior\ShowPageTraceBehavior [ RunTime:0.000323s ]
INFO: [ app_end ] --END-- [ RunTime:0.000370s ]

[ 2014-02-19T22:27:08+08:00 ] ::1 /qiuyun/dogocms32/
INFO: [ app_init ] --START--
INFO: Run Behavior\BuildLiteBehavior [ RunTime:0.000009s ]
INFO: [ app_init ] --END-- [ RunTime:0.000193s ]
INFO: [ app_begin ] --START--
INFO: Run Behavior\ReadHtmlCacheBehavior [ RunTime:0.000247s ]
INFO: Run Behavior\CheckLangBehavior [ RunTime:0.000256s ]
INFO: [ app_begin ] --END-- [ RunTime:0.000551s ]
NOTIC: [8192] mysql_escape_string(): This function is deprecated; use mysql_real_escape_string() instead. /Library/WebServer/Documents/qiuyun/dogocms32/Core/Library/Think/Db/Driver/Mysql.class.php 第 330 行.
SQL: SELECT `sys_value` FROM `ding_setting` WHERE ( `sys_name` = 'cfg_skin_web' ) LIMIT 1   [ RunTime:0.000227s ]
SQL: SELECT * FROM `ding_nav_head` WHERE ( `status` = 20 )  [ RunTime:0.000255s ]
SQL: SHOW COLUMNS FROM `ding_title` [ RunTime:0.007569s ]
SQL: SELECT COUNT(*) AS tp_count FROM ding_title t INNER JOIN ding_content c ON c.title_id = t.id   WHERE ( t.status = '12' ) LIMIT 1   [ RunTime:0.000446s ]
SQL: SHOW COLUMNS FROM `ding_title` [ RunTime:0.000904s ]
SQL: SELECT t.*,c.*,m.username FROM ding_title t INNER JOIN ding_content c ON c.title_id = t.id  INNER JOIN ding_members m ON t.members_id = m.id   WHERE ( t.status = '12' ) ORDER BY t.id desc LIMIT 0,5   [ RunTime:0.001563s ]
SQL: SELECT * FROM `ding_setting` WHERE ( `sys_name` = 'cfg_title' ) LIMIT 1   [ RunTime:0.000185s ]
SQL: SELECT * FROM `ding_setting` WHERE ( `sys_name` = 'cfg_keywords' ) LIMIT 1   [ RunTime:0.000156s ]
SQL: SELECT * FROM `ding_setting` WHERE ( `sys_name` = 'cfg_description' ) LIMIT 1   [ RunTime:0.000138s ]
SQL: SELECT `sys_value` FROM `ding_setting` WHERE ( `sys_name` = 'cfg_skin_web' ) LIMIT 1   [ RunTime:0.000156s ]
INFO: [ view_parse ] --START--
NOTIC: [8] Use of undefined constant level - assumed 'level' /Library/WebServer/Documents/qiuyun/dogocms32/Core/Library/Think/Think.class.php 第 195 行.
NOTIC: [8] Use of undefined constant level - assumed 'level' /Library/WebServer/Documents/qiuyun/dogocms32/Core/Library/Think/Think.class.php 第 195 行.
NOTIC: [8] Use of undefined constant level - assumed 'level' /Library/WebServer/Documents/qiuyun/dogocms32/Core/Library/Think/Think.class.php 第 195 行.
NOTIC: [8] Use of undefined constant level - assumed 'level' /Library/WebServer/Documents/qiuyun/dogocms32/Core/Library/Think/Think.class.php 第 195 行.
NOTIC: [8] Use of undefined constant level - assumed 'level' /Library/WebServer/Documents/qiuyun/dogocms32/Core/Library/Think/Think.class.php 第 195 行.
NOTIC: [8] Use of undefined constant level - assumed 'level' /Library/WebServer/Documents/qiuyun/dogocms32/Core/Library/Think/Think.class.php 第 195 行.
NOTIC: [8] Use of undefined constant level - assumed 'level' /Library/WebServer/Documents/qiuyun/dogocms32/Core/Library/Think/Think.class.php 第 195 行.
NOTIC: [8] Use of undefined constant level - assumed 'level' /Library/WebServer/Documents/qiuyun/dogocms32/Core/Library/Think/Think.class.php 第 195 行.
NOTIC: [8] Use of undefined constant level - assumed 'level' /Library/WebServer/Documents/qiuyun/dogocms32/Core/Library/Think/Think.class.php 第 195 行.
NOTIC: [8] Use of undefined constant level - assumed 'level' /Library/WebServer/Documents/qiuyun/dogocms32/Core/Library/Think/Think.class.php 第 195 行.
NOTIC: [8] Use of undefined constant level - assumed 'level' /Library/WebServer/Documents/qiuyun/dogocms32/Core/Library/Think/Think.class.php 第 195 行.
NOTIC: [8] Use of undefined constant level - assumed 'level' /Library/WebServer/Documents/qiuyun/dogocms32/Core/Library/Think/Think.class.php 第 195 行.
NOTIC: [8] Undefined index: order /Library/WebServer/Documents/qiuyun/dogocms32/Core/Library/Think/Template/TagLib/Dogocms.class.php 第 257 行.
NOTIC: [8] Undefined variable: content /Library/WebServer/Documents/qiuyun/dogocms32/Core/Library/Think/Template/TagLib/Dogocms.class.php 第 280 行.
NOTIC: [8] Undefined index: order /Library/WebServer/Documents/qiuyun/dogocms32/Core/Library/Think/Template/TagLib/Dogocms.class.php 第 257 行.
NOTIC: [8] Undefined variable: content /Library/WebServer/Documents/qiuyun/dogocms32/Core/Library/Think/Template/TagLib/Dogocms.class.php 第 280 行.
SQL: SELECT * FROM `ding_setting` WHERE ( `sys_name` = 'cfg_sitename' ) LIMIT 1   [ RunTime:0.000343s ]
SQL: SELECT * FROM `ding_setting` WHERE ( `sys_name` = 'cfg_copyright' ) LIMIT 1   [ RunTime:0.000213s ]
INFO: [ template_filter ] --START--
INFO: Run Behavior\ContentReplaceBehavior [ RunTime:0.000072s ]
INFO: [ template_filter ] --END-- [ RunTime:0.000125s ]
SQL: SELECT * FROM `ding_block_list` WHERE (  (`status`='20')  and (`sort_id` =4)  ) ORDER BY myorder asc LIMIT 12   [ RunTime:0.000449s ]
SQL: SELECT * FROM `ding_block_list` WHERE (  (`status`='20')  and (`sort_id` =4)  ) ORDER BY myorder asc LIMIT 12   [ RunTime:0.000240s ]
INFO: Run Behavior\ParseTemplateBehavior [ RunTime:0.019376s ]
INFO: [ view_parse ] --END-- [ RunTime:0.019411s ]
INFO: [ view_filter ] --START--
INFO: Run Behavior\WriteHtmlCacheBehavior [ RunTime:0.000104s ]
INFO: [ view_filter ] --END-- [ RunTime:0.000129s ]
INFO: [ app_end ] --START--
INFO: Run Behavior\ShowPageTraceBehavior [ RunTime:0.000405s ]
INFO: [ app_end ] --END-- [ RunTime:0.000449s ]

[ 2014-02-19T22:27:08+08:00 ] ::1 /qiuyun/dogocms32/User/Passport/verify.html
INFO: [ app_init ] --START--
INFO: Run Behavior\BuildLiteBehavior [ RunTime:0.000015s ]
INFO: [ app_init ] --END-- [ RunTime:0.000327s ]
INFO: [ app_begin ] --START--
INFO: Run Behavior\ReadHtmlCacheBehavior [ RunTime:0.000275s ]
INFO: Run Behavior\CheckLangBehavior [ RunTime:0.000379s ]
INFO: [ app_begin ] --END-- [ RunTime:0.000706s ]
NOTIC: [8192] mysql_escape_string(): This function is deprecated; use mysql_real_escape_string() instead. /Library/WebServer/Documents/qiuyun/dogocms32/Core/Library/Think/Db/Driver/Mysql.class.php 第 330 行.
SQL: SELECT `sys_value` FROM `ding_setting` WHERE ( `sys_name` = 'cfg_member_skin' ) LIMIT 1   [ RunTime:0.000309s ]
SQL: SELECT * FROM `ding_nav_head` WHERE ( `status` = 20 )  [ RunTime:0.000299s ]
INFO: [ app_end ] --START--
INFO: Run Behavior\ShowPageTraceBehavior [ RunTime:0.000312s ]
INFO: [ app_end ] --END-- [ RunTime:0.000353s ]

[ 2014-02-19T22:28:09+08:00 ] ::1 /qiuyun/dogocms32/
INFO: [ app_init ] --START--
INFO: Run Behavior\BuildLiteBehavior [ RunTime:0.000008s ]
INFO: [ app_init ] --END-- [ RunTime:0.000188s ]
INFO: [ app_begin ] --START--
INFO: Run Behavior\ReadHtmlCacheBehavior [ RunTime:0.000246s ]
INFO: Run Behavior\CheckLangBehavior [ RunTime:0.000247s ]
INFO: [ app_begin ] --END-- [ RunTime:0.000541s ]
NOTIC: [8192] mysql_escape_string(): This function is deprecated; use mysql_real_escape_string() instead. /Library/WebServer/Documents/qiuyun/dogocms32/Core/Library/Think/Db/Driver/Mysql.class.php 第 330 行.
SQL: SELECT `sys_value` FROM `ding_setting` WHERE ( `sys_name` = 'cfg_skin_web' ) LIMIT 1   [ RunTime:0.000236s ]
SQL: SELECT * FROM `ding_nav_head` WHERE ( `status` = 20 )  [ RunTime:0.000312s ]
SQL: SHOW COLUMNS FROM `ding_title` [ RunTime:0.007693s ]
SQL: SELECT COUNT(*) AS tp_count FROM ding_title t INNER JOIN ding_content c ON c.title_id = t.id   WHERE ( t.status = '12' ) LIMIT 1   [ RunTime:0.000429s ]
SQL: SHOW COLUMNS FROM `ding_title` [ RunTime:0.001071s ]
SQL: SELECT t.*,c.*,m.username FROM ding_title t INNER JOIN ding_content c ON c.title_id = t.id  INNER JOIN ding_members m ON t.members_id = m.id   WHERE ( t.status = '12' ) ORDER BY t.id desc LIMIT 0,5   [ RunTime:0.001596s ]
SQL: SELECT * FROM `ding_setting` WHERE ( `sys_name` = 'cfg_title' ) LIMIT 1   [ RunTime:0.000212s ]
SQL: SELECT * FROM `ding_setting` WHERE ( `sys_name` = 'cfg_keywords' ) LIMIT 1   [ RunTime:0.000155s ]
SQL: SELECT * FROM `ding_setting` WHERE ( `sys_name` = 'cfg_description' ) LIMIT 1   [ RunTime:0.000173s ]
SQL: SELECT `sys_value` FROM `ding_setting` WHERE ( `sys_name` = 'cfg_skin_web' ) LIMIT 1   [ RunTime:0.000165s ]
INFO: [ view_parse ] --START--
NOTIC: [8] Use of undefined constant level - assumed 'level' /Library/WebServer/Documents/qiuyun/dogocms32/Core/Library/Think/Think.class.php 第 195 行.
NOTIC: [8] Use of undefined constant level - assumed 'level' /Library/WebServer/Documents/qiuyun/dogocms32/Core/Library/Think/Think.class.php 第 195 行.
NOTIC: [8] Use of undefined constant level - assumed 'level' /Library/WebServer/Documents/qiuyun/dogocms32/Core/Library/Think/Think.class.php 第 195 行.
NOTIC: [8] Use of undefined constant level - assumed 'level' /Library/WebServer/Documents/qiuyun/dogocms32/Core/Library/Think/Think.class.php 第 195 行.
NOTIC: [8] Use of undefined constant level - assumed 'level' /Library/WebServer/Documents/qiuyun/dogocms32/Core/Library/Think/Think.class.php 第 195 行.
NOTIC: [8] Use of undefined constant level - assumed 'level' /Library/WebServer/Documents/qiuyun/dogocms32/Core/Library/Think/Think.class.php 第 195 行.
NOTIC: [8] Use of undefined constant level - assumed 'level' /Library/WebServer/Documents/qiuyun/dogocms32/Core/Library/Think/Think.class.php 第 195 行.
NOTIC: [8] Use of undefined constant level - assumed 'level' /Library/WebServer/Documents/qiuyun/dogocms32/Core/Library/Think/Think.class.php 第 195 行.
NOTIC: [8] Use of undefined constant level - assumed 'level' /Library/WebServer/Documents/qiuyun/dogocms32/Core/Library/Think/Think.class.php 第 195 行.
NOTIC: [8] Use of undefined constant level - assumed 'level' /Library/WebServer/Documents/qiuyun/dogocms32/Core/Library/Think/Think.class.php 第 195 行.
NOTIC: [8] Use of undefined constant level - assumed 'level' /Library/WebServer/Documents/qiuyun/dogocms32/Core/Library/Think/Think.class.php 第 195 行.
NOTIC: [8] Use of undefined constant level - assumed 'level' /Library/WebServer/Documents/qiuyun/dogocms32/Core/Library/Think/Think.class.php 第 195 行.
NOTIC: [8] Undefined index: order /Library/WebServer/Documents/qiuyun/dogocms32/Core/Library/Think/Template/TagLib/Dogocms.class.php 第 257 行.
NOTIC: [8] Undefined variable: content /Library/WebServer/Documents/qiuyun/dogocms32/Core/Library/Think/Template/TagLib/Dogocms.class.php 第 280 行.
NOTIC: [8] Undefined index: order /Library/WebServer/Documents/qiuyun/dogocms32/Core/Library/Think/Template/TagLib/Dogocms.class.php 第 257 行.
NOTIC: [8] Undefined variable: content /Library/WebServer/Documents/qiuyun/dogocms32/Core/Library/Think/Template/TagLib/Dogocms.class.php 第 280 行.
SQL: SELECT * FROM `ding_setting` WHERE ( `sys_name` = 'cfg_sitename' ) LIMIT 1   [ RunTime:0.000336s ]
SQL: SELECT * FROM `ding_setting` WHERE ( `sys_name` = 'cfg_copyright' ) LIMIT 1   [ RunTime:0.000215s ]
INFO: [ template_filter ] --START--
INFO: Run Behavior\ContentReplaceBehavior [ RunTime:0.000058s ]
INFO: [ template_filter ] --END-- [ RunTime:0.000124s ]
SQL: SELECT * FROM `ding_block_list` WHERE (  (`status`='20')  and (`sort_id` =4)  ) ORDER BY myorder asc LIMIT 12   [ RunTime:0.000432s ]
SQL: SELECT * FROM `ding_block_list` WHERE (  (`status`='20')  and (`sort_id` =4)  ) ORDER BY myorder asc LIMIT 12   [ RunTime:0.000264s ]
INFO: Run Behavior\ParseTemplateBehavior [ RunTime:0.017762s ]
INFO: [ view_parse ] --END-- [ RunTime:0.017796s ]
INFO: [ view_filter ] --START--
INFO: Run Behavior\WriteHtmlCacheBehavior [ RunTime:0.000102s ]
INFO: [ view_filter ] --END-- [ RunTime:0.000126s ]
INFO: [ app_end ] --START--
INFO: Run Behavior\ShowPageTraceBehavior [ RunTime:0.000386s ]
INFO: [ app_end ] --END-- [ RunTime:0.000415s ]

[ 2014-02-19T22:28:09+08:00 ] ::1 /qiuyun/dogocms32/User/Passport/verify.html
INFO: [ app_init ] --START--
INFO: Run Behavior\BuildLiteBehavior [ RunTime:0.000011s ]
INFO: [ app_init ] --END-- [ RunTime:0.000209s ]
INFO: [ app_begin ] --START--
INFO: Run Behavior\ReadHtmlCacheBehavior [ RunTime:0.000263s ]
INFO: Run Behavior\CheckLangBehavior [ RunTime:0.000258s ]
INFO: [ app_begin ] --END-- [ RunTime:0.000568s ]
NOTIC: [8192] mysql_escape_string(): This function is deprecated; use mysql_real_escape_string() instead. /Library/WebServer/Documents/qiuyun/dogocms32/Core/Library/Think/Db/Driver/Mysql.class.php 第 330 行.
SQL: SELECT `sys_value` FROM `ding_setting` WHERE ( `sys_name` = 'cfg_member_skin' ) LIMIT 1   [ RunTime:0.000214s ]
SQL: SELECT * FROM `ding_nav_head` WHERE ( `status` = 20 )  [ RunTime:0.000282s ]
INFO: [ app_end ] --START--
INFO: Run Behavior\ShowPageTraceBehavior [ RunTime:0.000316s ]
INFO: [ app_end ] --END-- [ RunTime:0.000360s ]

[ 2014-02-19T22:35:17+08:00 ] ::1 /qiuyun/dogocms32/
INFO: [ app_init ] --START--
INFO: Run Behavior\BuildLiteBehavior [ RunTime:0.000010s ]
INFO: [ app_init ] --END-- [ RunTime:0.000204s ]
INFO: [ app_begin ] --START--
INFO: Run Behavior\ReadHtmlCacheBehavior [ RunTime:0.000256s ]
INFO: Run Behavior\CheckLangBehavior [ RunTime:0.000270s ]
INFO: [ app_begin ] --END-- [ RunTime:0.000575s ]
NOTIC: [8192] mysql_escape_string(): This function is deprecated; use mysql_real_escape_string() instead. /Library/WebServer/Documents/qiuyun/dogocms32/Core/Library/Think/Db/Driver/Mysql.class.php 第 330 行.
SQL: SELECT `sys_value` FROM `ding_setting` WHERE ( `sys_name` = 'cfg_skin_web' ) LIMIT 1   [ RunTime:0.000200s ]
SQL: SELECT * FROM `ding_nav_head` WHERE ( `status` = 20 )  [ RunTime:0.000210s ]
SQL: SHOW COLUMNS FROM `ding_title` [ RunTime:0.007506s ]
SQL: SELECT COUNT(*) AS tp_count FROM ding_title t INNER JOIN ding_content c ON c.title_id = t.id   WHERE ( t.status = '12' ) LIMIT 1   [ RunTime:0.000517s ]
SQL: SHOW COLUMNS FROM `ding_title` [ RunTime:0.001356s ]
SQL: SELECT t.*,c.*,m.username FROM ding_title t INNER JOIN ding_content c ON c.title_id = t.id  INNER JOIN ding_members m ON t.members_id = m.id   WHERE ( t.status = '12' ) ORDER BY t.id desc LIMIT 0,5   [ RunTime:0.001760s ]
SQL: SELECT * FROM `ding_setting` WHERE ( `sys_name` = 'cfg_title' ) LIMIT 1   [ RunTime:0.000233s ]
SQL: SELECT * FROM `ding_setting` WHERE ( `sys_name` = 'cfg_keywords' ) LIMIT 1   [ RunTime:0.000153s ]
SQL: SELECT * FROM `ding_setting` WHERE ( `sys_name` = 'cfg_description' ) LIMIT 1   [ RunTime:0.000190s ]
SQL: SELECT `sys_value` FROM `ding_setting` WHERE ( `sys_name` = 'cfg_skin_web' ) LIMIT 1   [ RunTime:0.000137s ]
INFO: [ view_parse ] --START--
NOTIC: [8] Use of undefined constant level - assumed 'level' /Library/WebServer/Documents/qiuyun/dogocms32/Core/Library/Think/Think.class.php 第 195 行.
NOTIC: [8] Use of undefined constant level - assumed 'level' /Library/WebServer/Documents/qiuyun/dogocms32/Core/Library/Think/Think.class.php 第 195 行.
NOTIC: [8] Use of undefined constant level - assumed 'level' /Library/WebServer/Documents/qiuyun/dogocms32/Core/Library/Think/Think.class.php 第 195 行.
NOTIC: [8] Use of undefined constant level - assumed 'level' /Library/WebServer/Documents/qiuyun/dogocms32/Core/Library/Think/Think.class.php 第 195 行.
NOTIC: [8] Use of undefined constant level - assumed 'level' /Library/WebServer/Documents/qiuyun/dogocms32/Core/Library/Think/Think.class.php 第 195 行.
NOTIC: [8] Use of undefined constant level - assumed 'level' /Library/WebServer/Documents/qiuyun/dogocms32/Core/Library/Think/Think.class.php 第 195 行.
NOTIC: [8] Use of undefined constant level - assumed 'level' /Library/WebServer/Documents/qiuyun/dogocms32/Core/Library/Think/Think.class.php 第 195 行.
NOTIC: [8] Use of undefined constant level - assumed 'level' /Library/WebServer/Documents/qiuyun/dogocms32/Core/Library/Think/Think.class.php 第 195 行.
NOTIC: [8] Use of undefined constant level - assumed 'level' /Library/WebServer/Documents/qiuyun/dogocms32/Core/Library/Think/Think.class.php 第 195 行.
NOTIC: [8] Use of undefined constant level - assumed 'level' /Library/WebServer/Documents/qiuyun/dogocms32/Core/Library/Think/Think.class.php 第 195 行.
NOTIC: [8] Use of undefined constant level - assumed 'level' /Library/WebServer/Documents/qiuyun/dogocms32/Core/Library/Think/Think.class.php 第 195 行.
NOTIC: [8] Use of undefined constant level - assumed 'level' /Library/WebServer/Documents/qiuyun/dogocms32/Core/Library/Think/Think.class.php 第 195 行.
NOTIC: [8] Undefined index: order /Library/WebServer/Documents/qiuyun/dogocms32/Core/Library/Think/Template/TagLib/Dogocms.class.php 第 257 行.
NOTIC: [8] Undefined variable: content /Library/WebServer/Documents/qiuyun/dogocms32/Core/Library/Think/Template/TagLib/Dogocms.class.php 第 280 行.
NOTIC: [8] Undefined index: order /Library/WebServer/Documents/qiuyun/dogocms32/Core/Library/Think/Template/TagLib/Dogocms.class.php 第 257 行.
NOTIC: [8] Undefined variable: content /Library/WebServer/Documents/qiuyun/dogocms32/Core/Library/Think/Template/TagLib/Dogocms.class.php 第 280 行.
SQL: SELECT * FROM `ding_setting` WHERE ( `sys_name` = 'cfg_sitename' ) LIMIT 1   [ RunTime:0.000379s ]
SQL: SELECT * FROM `ding_setting` WHERE ( `sys_name` = 'cfg_copyright' ) LIMIT 1   [ RunTime:0.000324s ]
INFO: [ template_filter ] --START--
INFO: Run Behavior\ContentReplaceBehavior [ RunTime:0.000048s ]
INFO: [ template_filter ] --END-- [ RunTime:0.000086s ]
SQL: SELECT * FROM `ding_block_list` WHERE (  (`status`='20')  and (`sort_id` =4)  ) ORDER BY myorder asc LIMIT 12   [ RunTime:0.000419s ]
SQL: SELECT * FROM `ding_block_list` WHERE (  (`status`='20')  and (`sort_id` =4)  ) ORDER BY myorder asc LIMIT 12   [ RunTime:0.000223s ]
INFO: Run Behavior\ParseTemplateBehavior [ RunTime:0.017818s ]
INFO: [ view_parse ] --END-- [ RunTime:0.017851s ]
INFO: [ view_filter ] --START--
INFO: Run Behavior\WriteHtmlCacheBehavior [ RunTime:0.000136s ]
INFO: [ view_filter ] --END-- [ RunTime:0.000162s ]
INFO: [ app_end ] --START--
INFO: Run Behavior\ShowPageTraceBehavior [ RunTime:0.000310s ]
INFO: [ app_end ] --END-- [ RunTime:0.000339s ]

[ 2014-02-19T22:35:17+08:00 ] ::1 /qiuyun/dogocms32/User/Passport/verify.html
INFO: [ app_init ] --START--
INFO: Run Behavior\BuildLiteBehavior [ RunTime:0.000011s ]
INFO: [ app_init ] --END-- [ RunTime:0.000242s ]
INFO: [ app_begin ] --START--
INFO: Run Behavior\ReadHtmlCacheBehavior [ RunTime:0.000313s ]
INFO: Run Behavior\CheckLangBehavior [ RunTime:0.000293s ]
INFO: [ app_begin ] --END-- [ RunTime:0.000669s ]
NOTIC: [8192] mysql_escape_string(): This function is deprecated; use mysql_real_escape_string() instead. /Library/WebServer/Documents/qiuyun/dogocms32/Core/Library/Think/Db/Driver/Mysql.class.php 第 330 行.
SQL: SELECT `sys_value` FROM `ding_setting` WHERE ( `sys_name` = 'cfg_member_skin' ) LIMIT 1   [ RunTime:0.000280s ]
SQL: SELECT * FROM `ding_nav_head` WHERE ( `status` = 20 )  [ RunTime:0.000321s ]
INFO: [ app_end ] --START--
INFO: Run Behavior\ShowPageTraceBehavior [ RunTime:0.000302s ]
INFO: [ app_end ] --END-- [ RunTime:0.000344s ]

[ 2014-02-19T22:40:44+08:00 ] ::1 /qiuyun/dogocms32/
INFO: [ app_init ] --START--
INFO: Run Behavior\BuildLiteBehavior [ RunTime:0.000012s ]
INFO: [ app_init ] --END-- [ RunTime:0.000216s ]
INFO: [ app_begin ] --START--
INFO: Run Behavior\ReadHtmlCacheBehavior [ RunTime:0.000270s ]
INFO: Run Behavior\CheckLangBehavior [ RunTime:0.000272s ]
INFO: [ app_begin ] --END-- [ RunTime:0.000592s ]
NOTIC: [8192] mysql_escape_string(): This function is deprecated; use mysql_real_escape_string() instead. /Library/WebServer/Documents/qiuyun/dogocms32/Core/Library/Think/Db/Driver/Mysql.class.php 第 330 行.
SQL: SELECT `sys_value` FROM `ding_setting` WHERE ( `sys_name` = 'cfg_skin_web' ) LIMIT 1   [ RunTime:0.000215s ]
SQL: SELECT * FROM `ding_nav_head` WHERE ( `status` = 20 )  [ RunTime:0.000219s ]
SQL: SHOW COLUMNS FROM `ding_title` [ RunTime:0.007509s ]
SQL: SELECT COUNT(*) AS tp_count FROM ding_title t INNER JOIN ding_content c ON c.title_id = t.id   WHERE ( t.status = '12' ) LIMIT 1   [ RunTime:0.000715s ]
SQL: SHOW COLUMNS FROM `ding_title` [ RunTime:0.001343s ]
SQL: SELECT t.*,c.*,m.username FROM ding_title t INNER JOIN ding_content c ON c.title_id = t.id  INNER JOIN ding_members m ON t.members_id = m.id   WHERE ( t.status = '12' ) ORDER BY t.id desc LIMIT 0,5   [ RunTime:0.001555s ]
SQL: SELECT * FROM `ding_setting` WHERE ( `sys_name` = 'cfg_title' ) LIMIT 1   [ RunTime:0.000178s ]
SQL: SELECT * FROM `ding_setting` WHERE ( `sys_name` = 'cfg_keywords' ) LIMIT 1   [ RunTime:0.000147s ]
SQL: SELECT * FROM `ding_setting` WHERE ( `sys_name` = 'cfg_description' ) LIMIT 1   [ RunTime:0.000160s ]
SQL: SELECT `sys_value` FROM `ding_setting` WHERE ( `sys_name` = 'cfg_skin_web' ) LIMIT 1   [ RunTime:0.000164s ]
INFO: [ view_parse ] --START--
NOTIC: [8] Use of undefined constant level - assumed 'level' /Library/WebServer/Documents/qiuyun/dogocms32/Core/Library/Think/Think.class.php 第 195 行.
NOTIC: [8] Use of undefined constant level - assumed 'level' /Library/WebServer/Documents/qiuyun/dogocms32/Core/Library/Think/Think.class.php 第 195 行.
NOTIC: [8] Use of undefined constant level - assumed 'level' /Library/WebServer/Documents/qiuyun/dogocms32/Core/Library/Think/Think.class.php 第 195 行.
NOTIC: [8] Use of undefined constant level - assumed 'level' /Library/WebServer/Documents/qiuyun/dogocms32/Core/Library/Think/Think.class.php 第 195 行.
NOTIC: [8] Use of undefined constant level - assumed 'level' /Library/WebServer/Documents/qiuyun/dogocms32/Core/Library/Think/Think.class.php 第 195 行.
NOTIC: [8] Use of undefined constant level - assumed 'level' /Library/WebServer/Documents/qiuyun/dogocms32/Core/Library/Think/Think.class.php 第 195 行.
NOTIC: [8] Use of undefined constant level - assumed 'level' /Library/WebServer/Documents/qiuyun/dogocms32/Core/Library/Think/Think.class.php 第 195 行.
NOTIC: [8] Use of undefined constant level - assumed 'level' /Library/WebServer/Documents/qiuyun/dogocms32/Core/Library/Think/Think.class.php 第 195 行.
NOTIC: [8] Use of undefined constant level - assumed 'level' /Library/WebServer/Documents/qiuyun/dogocms32/Core/Library/Think/Think.class.php 第 195 行.
NOTIC: [8] Use of undefined constant level - assumed 'level' /Library/WebServer/Documents/qiuyun/dogocms32/Core/Library/Think/Think.class.php 第 195 行.
NOTIC: [8] Use of undefined constant level - assumed 'level' /Library/WebServer/Documents/qiuyun/dogocms32/Core/Library/Think/Think.class.php 第 195 行.
NOTIC: [8] Use of undefined constant level - assumed 'level' /Library/WebServer/Documents/qiuyun/dogocms32/Core/Library/Think/Think.class.php 第 195 行.
NOTIC: [8] Undefined index: order /Library/WebServer/Documents/qiuyun/dogocms32/Core/Library/Think/Template/TagLib/Dogocms.class.php 第 257 行.
NOTIC: [8] Undefined index: order /Library/WebServer/Documents/qiuyun/dogocms32/Core/Library/Think/Template/TagLib/Dogocms.class.php 第 257 行.
SQL: SELECT * FROM `ding_setting` WHERE ( `sys_name` = 'cfg_sitename' ) LIMIT 1   [ RunTime:0.000274s ]
SQL: SELECT * FROM `ding_setting` WHERE ( `sys_name` = 'cfg_copyright' ) LIMIT 1   [ RunTime:0.000175s ]
INFO: [ template_filter ] --START--
INFO: Run Behavior\ContentReplaceBehavior [ RunTime:0.000077s ]
INFO: [ template_filter ] --END-- [ RunTime:0.000146s ]
SQL: SELECT * FROM `ding_block_list` WHERE (  (`status`='20')  and (`sort_id` =4)  ) ORDER BY myorder asc LIMIT 12   [ RunTime:0.000436s ]
SQL: SELECT * FROM `ding_block_list` WHERE (  (`status`='20')  and (`sort_id` =4)  ) ORDER BY myorder asc LIMIT 12   [ RunTime:0.000219s ]
INFO: Run Behavior\ParseTemplateBehavior [ RunTime:0.017729s ]
INFO: [ view_parse ] --END-- [ RunTime:0.017757s ]
INFO: [ view_filter ] --START--
INFO: Run Behavior\WriteHtmlCacheBehavior [ RunTime:0.000116s ]
INFO: [ view_filter ] --END-- [ RunTime:0.000141s ]
INFO: [ app_end ] --START--
INFO: Run Behavior\ShowPageTraceBehavior [ RunTime:0.000302s ]
INFO: [ app_end ] --END-- [ RunTime:0.000330s ]

[ 2014-02-19T22:40:44+08:00 ] ::1 /qiuyun/dogocms32/User/Passport/verify.html
INFO: [ app_init ] --START--
INFO: Run Behavior\BuildLiteBehavior [ RunTime:0.000011s ]
INFO: [ app_init ] --END-- [ RunTime:0.000218s ]
INFO: [ app_begin ] --START--
INFO: Run Behavior\ReadHtmlCacheBehavior [ RunTime:0.000358s ]
INFO: Run Behavior\CheckLangBehavior [ RunTime:0.000315s ]
INFO: [ app_begin ] --END-- [ RunTime:0.000737s ]
NOTIC: [8192] mysql_escape_string(): This function is deprecated; use mysql_real_escape_string() instead. /Library/WebServer/Documents/qiuyun/dogocms32/Core/Library/Think/Db/Driver/Mysql.class.php 第 330 行.
SQL: SELECT `sys_value` FROM `ding_setting` WHERE ( `sys_name` = 'cfg_member_skin' ) LIMIT 1   [ RunTime:0.000226s ]
SQL: SELECT * FROM `ding_nav_head` WHERE ( `status` = 20 )  [ RunTime:0.000303s ]
INFO: [ app_end ] --START--
INFO: Run Behavior\ShowPageTraceBehavior [ RunTime:0.000669s ]
INFO: [ app_end ] --END-- [ RunTime:0.000762s ]

[ 2014-02-19T22:41:26+08:00 ] ::1 /qiuyun/dogocms32/
INFO: [ app_init ] --START--
INFO: Run Behavior\BuildLiteBehavior [ RunTime:0.000010s ]
INFO: [ app_init ] --END-- [ RunTime:0.000229s ]
INFO: [ app_begin ] --START--
INFO: Run Behavior\ReadHtmlCacheBehavior [ RunTime:0.000252s ]
INFO: Run Behavior\CheckLangBehavior [ RunTime:0.000259s ]
INFO: [ app_begin ] --END-- [ RunTime:0.000559s ]
NOTIC: [8192] mysql_escape_string(): This function is deprecated; use mysql_real_escape_string() instead. /Library/WebServer/Documents/qiuyun/dogocms32/Core/Library/Think/Db/Driver/Mysql.class.php 第 330 行.
SQL: SELECT `sys_value` FROM `ding_setting` WHERE ( `sys_name` = 'cfg_skin_web' ) LIMIT 1   [ RunTime:0.000228s ]
SQL: SELECT * FROM `ding_nav_head` WHERE ( `status` = 20 )  [ RunTime:0.000251s ]
SQL: SHOW COLUMNS FROM `ding_title` [ RunTime:0.008651s ]
SQL: SELECT COUNT(*) AS tp_count FROM ding_title t INNER JOIN ding_content c ON c.title_id = t.id   WHERE ( t.status = '12' ) LIMIT 1   [ RunTime:0.000937s ]
SQL: SHOW COLUMNS FROM `ding_title` [ RunTime:0.001607s ]
SQL: SELECT t.*,c.*,m.username FROM ding_title t INNER JOIN ding_content c ON c.title_id = t.id  INNER JOIN ding_members m ON t.members_id = m.id   WHERE ( t.status = '12' ) ORDER BY t.id desc LIMIT 0,5   [ RunTime:0.001766s ]
SQL: SELECT * FROM `ding_setting` WHERE ( `sys_name` = 'cfg_title' ) LIMIT 1   [ RunTime:0.000207s ]
SQL: SELECT * FROM `ding_setting` WHERE ( `sys_name` = 'cfg_keywords' ) LIMIT 1   [ RunTime:0.000187s ]
SQL: SELECT * FROM `ding_setting` WHERE ( `sys_name` = 'cfg_description' ) LIMIT 1   [ RunTime:0.000153s ]
SQL: SELECT `sys_value` FROM `ding_setting` WHERE ( `sys_name` = 'cfg_skin_web' ) LIMIT 1   [ RunTime:0.000165s ]
INFO: [ view_parse ] --START--
NOTIC: [8] Use of undefined constant level - assumed 'level' /Library/WebServer/Documents/qiuyun/dogocms32/Core/Library/Think/Think.class.php 第 195 行.
NOTIC: [8] Use of undefined constant level - assumed 'level' /Library/WebServer/Documents/qiuyun/dogocms32/Core/Library/Think/Think.class.php 第 195 行.
NOTIC: [8] Use of undefined constant level - assumed 'level' /Library/WebServer/Documents/qiuyun/dogocms32/Core/Library/Think/Think.class.php 第 195 行.
NOTIC: [8] Use of undefined constant level - assumed 'level' /Library/WebServer/Documents/qiuyun/dogocms32/Core/Library/Think/Think.class.php 第 195 行.
NOTIC: [8] Use of undefined constant level - assumed 'level' /Library/WebServer/Documents/qiuyun/dogocms32/Core/Library/Think/Think.class.php 第 195 行.
NOTIC: [8] Use of undefined constant level - assumed 'level' /Library/WebServer/Documents/qiuyun/dogocms32/Core/Library/Think/Think.class.php 第 195 行.
NOTIC: [8] Use of undefined constant level - assumed 'level' /Library/WebServer/Documents/qiuyun/dogocms32/Core/Library/Think/Think.class.php 第 195 行.
NOTIC: [8] Use of undefined constant level - assumed 'level' /Library/WebServer/Documents/qiuyun/dogocms32/Core/Library/Think/Think.class.php 第 195 行.
NOTIC: [8] Use of undefined constant level - assumed 'level' /Library/WebServer/Documents/qiuyun/dogocms32/Core/Library/Think/Think.class.php 第 195 行.
NOTIC: [8] Use of undefined constant level - assumed 'level' /Library/WebServer/Documents/qiuyun/dogocms32/Core/Library/Think/Think.class.php 第 195 行.
NOTIC: [8] Use of undefined constant level - assumed 'level' /Library/WebServer/Documents/qiuyun/dogocms32/Core/Library/Think/Think.class.php 第 195 行.
NOTIC: [8] Use of undefined constant level - assumed 'level' /Library/WebServer/Documents/qiuyun/dogocms32/Core/Library/Think/Think.class.php 第 195 行.
NOTIC: [8] Undefined index: order /Library/WebServer/Documents/qiuyun/dogocms32/Core/Library/Think/Template/TagLib/Dogocms.class.php 第 257 行.
NOTIC: [8] Undefined index: order /Library/WebServer/Documents/qiuyun/dogocms32/Core/Library/Think/Template/TagLib/Dogocms.class.php 第 257 行.
SQL: SELECT * FROM `ding_setting` WHERE ( `sys_name` = 'cfg_sitename' ) LIMIT 1   [ RunTime:0.000341s ]
SQL: SELECT * FROM `ding_setting` WHERE ( `sys_name` = 'cfg_copyright' ) LIMIT 1   [ RunTime:0.000214s ]
INFO: [ template_filter ] --START--
INFO: Run Behavior\ContentReplaceBehavior [ RunTime:0.000049s ]
INFO: [ template_filter ] --END-- [ RunTime:0.000075s ]
SQL: SELECT * FROM `ding_block_list` WHERE (  (`status`='20')  and (`sort_id` =4)  ) ORDER BY myorder asc LIMIT 12   [ RunTime:0.000329s ]
SQL: SELECT * FROM `ding_block_list` WHERE (  (`status`='20')  and (`sort_id` =4)  ) ORDER BY myorder asc LIMIT 12   [ RunTime:0.000264s ]
INFO: Run Behavior\ParseTemplateBehavior [ RunTime:0.017834s ]
INFO: [ view_parse ] --END-- [ RunTime:0.017863s ]
INFO: [ view_filter ] --START--
INFO: Run Behavior\WriteHtmlCacheBehavior [ RunTime:0.000099s ]
INFO: [ view_filter ] --END-- [ RunTime:0.000122s ]
INFO: [ app_end ] --START--
INFO: Run Behavior\ShowPageTraceBehavior [ RunTime:0.000385s ]
INFO: [ app_end ] --END-- [ RunTime:0.000418s ]

[ 2014-02-19T22:41:26+08:00 ] ::1 /qiuyun/dogocms32/User/Passport/verify.html
INFO: [ app_init ] --START--
INFO: Run Behavior\BuildLiteBehavior [ RunTime:0.000011s ]
INFO: [ app_init ] --END-- [ RunTime:0.000245s ]
INFO: [ app_begin ] --START--
INFO: Run Behavior\ReadHtmlCacheBehavior [ RunTime:0.000281s ]
INFO: Run Behavior\CheckLangBehavior [ RunTime:0.000326s ]
INFO: [ app_begin ] --END-- [ RunTime:0.000659s ]
NOTIC: [8192] mysql_escape_string(): This function is deprecated; use mysql_real_escape_string() instead. /Library/WebServer/Documents/qiuyun/dogocms32/Core/Library/Think/Db/Driver/Mysql.class.php 第 330 行.
SQL: SELECT `sys_value` FROM `ding_setting` WHERE ( `sys_name` = 'cfg_member_skin' ) LIMIT 1   [ RunTime:0.000230s ]
SQL: SELECT * FROM `ding_nav_head` WHERE ( `status` = 20 )  [ RunTime:0.000274s ]
INFO: [ app_end ] --START--
INFO: Run Behavior\ShowPageTraceBehavior [ RunTime:0.000464s ]
INFO: [ app_end ] --END-- [ RunTime:0.000533s ]

[ 2014-02-19T22:54:16+08:00 ] ::1 /qiuyun/dogocms32/List/index/id/36
INFO: [ app_init ] --START--
INFO: Run Behavior\BuildLiteBehavior [ RunTime:0.000020s ]
INFO: [ app_init ] --END-- [ RunTime:0.000345s ]
INFO: [ app_begin ] --START--
INFO: Run Behavior\ReadHtmlCacheBehavior [ RunTime:0.000267s ]
INFO: Run Behavior\CheckLangBehavior [ RunTime:0.000280s ]
INFO: [ app_begin ] --END-- [ RunTime:0.000596s ]
NOTIC: [8192] mysql_escape_string(): This function is deprecated; use mysql_real_escape_string() instead. /Library/WebServer/Documents/qiuyun/dogocms32/Core/Library/Think/Db/Driver/Mysql.class.php 第 330 行.
SQL: SELECT `sys_value` FROM `ding_setting` WHERE ( `sys_name` = 'cfg_skin_web' ) LIMIT 1   [ RunTime:0.000214s ]
SQL: SELECT * FROM `ding_nav_head` WHERE ( `status` = 20 )  [ RunTime:0.000242s ]
SQL: SELECT * FROM `ding_news_sort` WHERE ( `path` LIKE '%,36,%' ) OR ( `id` = '36' )  [ RunTime:0.000314s ]
SQL: SELECT * FROM `ding_news_sort` WHERE ( id=36 ) LIMIT 1   [ RunTime:0.000208s ]
NOTIC: [8] Undefined variable: sort_id /Library/WebServer/Documents/qiuyun/dogocms32/Application/Home/Action/ListAction.class.php 第 30 行.
SQL: SHOW COLUMNS FROM `ding_title` [ RunTime:0.012894s ]
SQL: SELECT COUNT(*) AS tp_count FROM ding_title t INNER JOIN ding_content c ON c.title_id = t.id   WHERE ( t.sort_id IN ('36') ) AND ( t.status = '12' ) LIMIT 1   [ RunTime:0.000475s ]
SQL: SHOW COLUMNS FROM `ding_title` [ RunTime:0.001059s ]
SQL: SELECT t.*,c.*,m.username FROM ding_title t INNER JOIN ding_content c ON c.title_id = t.id  INNER JOIN ding_members m ON t.members_id = m.id   WHERE ( t.sort_id IN ('36') ) AND ( t.status = '12' ) ORDER BY t.id desc LIMIT 0,5   [ RunTime:0.001534s ]
SQL: SELECT `sys_value` FROM `ding_setting` WHERE ( `sys_name` = 'cfg_skin_web' ) LIMIT 1   [ RunTime:0.000188s ]
INFO: [ view_parse ] --START--
NOTIC: [8] Use of undefined constant level - assumed 'level' /Library/WebServer/Documents/qiuyun/dogocms32/Core/Library/Think/Think.class.php 第 195 行.
NOTIC: [8] Use of undefined constant level - assumed 'level' /Library/WebServer/Documents/qiuyun/dogocms32/Core/Library/Think/Think.class.php 第 195 行.
NOTIC: [8] Use of undefined constant level - assumed 'level' /Library/WebServer/Documents/qiuyun/dogocms32/Core/Library/Think/Think.class.php 第 195 行.
NOTIC: [8] Use of undefined constant level - assumed 'level' /Library/WebServer/Documents/qiuyun/dogocms32/Core/Library/Think/Think.class.php 第 195 行.
NOTIC: [8] Use of undefined constant level - assumed 'level' /Library/WebServer/Documents/qiuyun/dogocms32/Core/Library/Think/Think.class.php 第 195 行.
NOTIC: [8] Use of undefined constant level - assumed 'level' /Library/WebServer/Documents/qiuyun/dogocms32/Core/Library/Think/Think.class.php 第 195 行.
NOTIC: [8] Use of undefined constant level - assumed 'level' /Library/WebServer/Documents/qiuyun/dogocms32/Core/Library/Think/Think.class.php 第 195 行.
NOTIC: [8] Use of undefined constant level - assumed 'level' /Library/WebServer/Documents/qiuyun/dogocms32/Core/Library/Think/Think.class.php 第 195 行.
NOTIC: [8] Use of undefined constant level - assumed 'level' /Library/WebServer/Documents/qiuyun/dogocms32/Core/Library/Think/Think.class.php 第 195 行.
NOTIC: [8] Use of undefined constant level - assumed 'level' /Library/WebServer/Documents/qiuyun/dogocms32/Core/Library/Think/Think.class.php 第 195 行.
NOTIC: [8] Use of undefined constant level - assumed 'level' /Library/WebServer/Documents/qiuyun/dogocms32/Core/Library/Think/Think.class.php 第 195 行.
NOTIC: [8] Use of undefined constant level - assumed 'level' /Library/WebServer/Documents/qiuyun/dogocms32/Core/Library/Think/Think.class.php 第 195 行.
SQL: SELECT * FROM `ding_setting` WHERE ( `sys_name` = 'cfg_sitename' ) LIMIT 1   [ RunTime:0.000300s ]
SQL: SELECT * FROM `ding_setting` WHERE ( `sys_name` = 'cfg_sitename' ) LIMIT 1   [ RunTime:0.000174s ]
SQL: SELECT * FROM `ding_setting` WHERE ( `sys_name` = 'cfg_copyright' ) LIMIT 1   [ RunTime:0.000150s ]
INFO: [ template_filter ] --START--
INFO: Run Behavior\ContentReplaceBehavior [ RunTime:0.000057s ]
INFO: [ template_filter ] --END-- [ RunTime:0.000085s ]
INFO: Run Behavior\ParseTemplateBehavior [ RunTime:0.021219s ]
INFO: [ view_parse ] --END-- [ RunTime:0.021266s ]
INFO: [ view_filter ] --START--
INFO: Run Behavior\WriteHtmlCacheBehavior [ RunTime:0.000150s ]
INFO: [ view_filter ] --END-- [ RunTime:0.000188s ]
INFO: [ app_end ] --START--
INFO: Run Behavior\ShowPageTraceBehavior [ RunTime:0.000429s ]
INFO: [ app_end ] --END-- [ RunTime:0.000473s ]

[ 2014-02-19T22:54:16+08:00 ] ::1 /qiuyun/dogocms32/User/Passport/verify.html
INFO: [ app_init ] --START--
INFO: Run Behavior\BuildLiteBehavior [ RunTime:0.000014s ]
INFO: [ app_init ] --END-- [ RunTime:0.000281s ]
INFO: [ app_begin ] --START--
INFO: Run Behavior\ReadHtmlCacheBehavior [ RunTime:0.000393s ]
INFO: Run Behavior\CheckLangBehavior [ RunTime:0.000432s ]
INFO: [ app_begin ] --END-- [ RunTime:0.000899s ]
NOTIC: [8192] mysql_escape_string(): This function is deprecated; use mysql_real_escape_string() instead. /Library/WebServer/Documents/qiuyun/dogocms32/Core/Library/Think/Db/Driver/Mysql.class.php 第 330 行.
SQL: SELECT `sys_value` FROM `ding_setting` WHERE ( `sys_name` = 'cfg_member_skin' ) LIMIT 1   [ RunTime:0.000221s ]
SQL: SELECT * FROM `ding_nav_head` WHERE ( `status` = 20 )  [ RunTime:0.000272s ]
INFO: [ app_end ] --START--
INFO: Run Behavior\ShowPageTraceBehavior [ RunTime:0.000295s ]
INFO: [ app_end ] --END-- [ RunTime:0.000342s ]

[ 2014-02-19T22:59:08+08:00 ] ::1 /qiuyun/dogocms32/
INFO: [ app_init ] --START--
INFO: Run Behavior\BuildLiteBehavior [ RunTime:0.000009s ]
INFO: [ app_init ] --END-- [ RunTime:0.000179s ]
INFO: [ app_begin ] --START--
INFO: Run Behavior\ReadHtmlCacheBehavior [ RunTime:0.000228s ]
INFO: Run Behavior\CheckLangBehavior [ RunTime:0.000237s ]
INFO: [ app_begin ] --END-- [ RunTime:0.000509s ]
NOTIC: [8192] mysql_escape_string(): This function is deprecated; use mysql_real_escape_string() instead. /Library/WebServer/Documents/qiuyun/dogocms32/Core/Library/Think/Db/Driver/Mysql.class.php 第 330 行.
SQL: SELECT `sys_value` FROM `ding_setting` WHERE ( `sys_name` = 'cfg_skin_web' ) LIMIT 1   [ RunTime:0.000206s ]
SQL: SELECT * FROM `ding_nav_head` WHERE ( `status` = 20 )  [ RunTime:0.000225s ]
SQL: SHOW COLUMNS FROM `ding_title` [ RunTime:0.007682s ]
SQL: SELECT COUNT(*) AS tp_count FROM ding_title t INNER JOIN ding_content c ON c.title_id = t.id   WHERE ( t.status = '12' ) LIMIT 1   [ RunTime:0.000586s ]
SQL: SHOW COLUMNS FROM `ding_title` [ RunTime:0.001057s ]
SQL: SELECT t.*,c.*,m.username FROM ding_title t INNER JOIN ding_content c ON c.title_id = t.id  INNER JOIN ding_members m ON t.members_id = m.id   WHERE ( t.status = '12' ) ORDER BY t.id desc LIMIT 0,5   [ RunTime:0.001732s ]
SQL: SELECT * FROM `ding_setting` WHERE ( `sys_name` = 'cfg_title' ) LIMIT 1   [ RunTime:0.000195s ]
SQL: SELECT * FROM `ding_setting` WHERE ( `sys_name` = 'cfg_keywords' ) LIMIT 1   [ RunTime:0.000152s ]
SQL: SELECT * FROM `ding_setting` WHERE ( `sys_name` = 'cfg_description' ) LIMIT 1   [ RunTime:0.000137s ]
SQL: SELECT `sys_value` FROM `ding_setting` WHERE ( `sys_name` = 'cfg_skin_web' ) LIMIT 1   [ RunTime:0.000140s ]
INFO: [ view_parse ] --START--
NOTIC: [8] Use of undefined constant level - assumed 'level' /Library/WebServer/Documents/qiuyun/dogocms32/Core/Library/Think/Think.class.php 第 195 行.
NOTIC: [8] Use of undefined constant level - assumed 'level' /Library/WebServer/Documents/qiuyun/dogocms32/Core/Library/Think/Think.class.php 第 195 行.
NOTIC: [8] Use of undefined constant level - assumed 'level' /Library/WebServer/Documents/qiuyun/dogocms32/Core/Library/Think/Think.class.php 第 195 行.
NOTIC: [8] Use of undefined constant level - assumed 'level' /Library/WebServer/Documents/qiuyun/dogocms32/Core/Library/Think/Think.class.php 第 195 行.
NOTIC: [8] Use of undefined constant level - assumed 'level' /Library/WebServer/Documents/qiuyun/dogocms32/Core/Library/Think/Think.class.php 第 195 行.
NOTIC: [8] Use of undefined constant level - assumed 'level' /Library/WebServer/Documents/qiuyun/dogocms32/Core/Library/Think/Think.class.php 第 195 行.
NOTIC: [8] Use of undefined constant level - assumed 'level' /Library/WebServer/Documents/qiuyun/dogocms32/Core/Library/Think/Think.class.php 第 195 行.
NOTIC: [8] Use of undefined constant level - assumed 'level' /Library/WebServer/Documents/qiuyun/dogocms32/Core/Library/Think/Think.class.php 第 195 行.
NOTIC: [8] Use of undefined constant level - assumed 'level' /Library/WebServer/Documents/qiuyun/dogocms32/Core/Library/Think/Think.class.php 第 195 行.
NOTIC: [8] Use of undefined constant level - assumed 'level' /Library/WebServer/Documents/qiuyun/dogocms32/Core/Library/Think/Think.class.php 第 195 行.
NOTIC: [8] Use of undefined constant level - assumed 'level' /Library/WebServer/Documents/qiuyun/dogocms32/Core/Library/Think/Think.class.php 第 195 行.
NOTIC: [8] Use of undefined constant level - assumed 'level' /Library/WebServer/Documents/qiuyun/dogocms32/Core/Library/Think/Think.class.php 第 195 行.
NOTIC: [8] Undefined index: order /Library/WebServer/Documents/qiuyun/dogocms32/Core/Library/Think/Template/TagLib/Dogocms.class.php 第 257 行.
NOTIC: [8] Undefined index: order /Library/WebServer/Documents/qiuyun/dogocms32/Core/Library/Think/Template/TagLib/Dogocms.class.php 第 257 行.
SQL: SELECT * FROM `ding_setting` WHERE ( `sys_name` = 'cfg_sitename' ) LIMIT 1   [ RunTime:0.000342s ]
SQL: SELECT * FROM `ding_setting` WHERE ( `sys_name` = 'cfg_copyright' ) LIMIT 1   [ RunTime:0.000206s ]
INFO: [ template_filter ] --START--
INFO: Run Behavior\ContentReplaceBehavior [ RunTime:0.000054s ]
INFO: [ template_filter ] --END-- [ RunTime:0.000081s ]
SQL: SELECT * FROM `ding_block_list` WHERE (  (`status`='20')  and (`sort_id` =4)  ) ORDER BY myorder asc LIMIT 12   [ RunTime:0.000313s ]
SQL: SELECT * FROM `ding_block_list` WHERE (  (`status`='20')  and (`sort_id` =4)  ) ORDER BY myorder asc LIMIT 12   [ RunTime:0.000268s ]
INFO: Run Behavior\ParseTemplateBehavior [ RunTime:0.016986s ]
INFO: [ view_parse ] --END-- [ RunTime:0.017022s ]
INFO: [ view_filter ] --START--
INFO: Run Behavior\WriteHtmlCacheBehavior [ RunTime:0.000155s ]
INFO: [ view_filter ] --END-- [ RunTime:0.000193s ]
INFO: [ app_end ] --START--
INFO: Run Behavior\ShowPageTraceBehavior [ RunTime:0.000430s ]
INFO: [ app_end ] --END-- [ RunTime:0.000473s ]

[ 2014-02-19T22:59:08+08:00 ] ::1 /qiuyun/dogocms32/User/Passport/verify.html
INFO: [ app_init ] --START--
INFO: Run Behavior\BuildLiteBehavior [ RunTime:0.000015s ]
INFO: [ app_init ] --END-- [ RunTime:0.000287s ]
INFO: [ app_begin ] --START--
INFO: Run Behavior\ReadHtmlCacheBehavior [ RunTime:0.000376s ]
INFO: Run Behavior\CheckLangBehavior [ RunTime:0.000412s ]
INFO: [ app_begin ] --END-- [ RunTime:0.000854s ]
NOTIC: [8192] mysql_escape_string(): This function is deprecated; use mysql_real_escape_string() instead. /Library/WebServer/Documents/qiuyun/dogocms32/Core/Library/Think/Db/Driver/Mysql.class.php 第 330 行.
SQL: SELECT `sys_value` FROM `ding_setting` WHERE ( `sys_name` = 'cfg_member_skin' ) LIMIT 1   [ RunTime:0.000225s ]
SQL: SELECT * FROM `ding_nav_head` WHERE ( `status` = 20 )  [ RunTime:0.000270s ]
INFO: [ app_end ] --START--
INFO: Run Behavior\ShowPageTraceBehavior [ RunTime:0.000487s ]
INFO: [ app_end ] --END-- [ RunTime:0.000560s ]

[ 2014-02-19T22:59:17+08:00 ] ::1 /qiuyun/dogocms32/User/Passport/verify.html
INFO: [ app_init ] --START--
INFO: Run Behavior\BuildLiteBehavior [ RunTime:0.000010s ]
INFO: [ app_init ] --END-- [ RunTime:0.000199s ]
INFO: [ app_begin ] --START--
INFO: Run Behavior\ReadHtmlCacheBehavior [ RunTime:0.000251s ]
INFO: Run Behavior\CheckLangBehavior [ RunTime:0.000264s ]
INFO: [ app_begin ] --END-- [ RunTime:0.000563s ]
NOTIC: [8192] mysql_escape_string(): This function is deprecated; use mysql_real_escape_string() instead. /Library/WebServer/Documents/qiuyun/dogocms32/Core/Library/Think/Db/Driver/Mysql.class.php 第 330 行.
SQL: SELECT `sys_value` FROM `ding_setting` WHERE ( `sys_name` = 'cfg_member_skin' ) LIMIT 1   [ RunTime:0.000217s ]
SQL: SELECT * FROM `ding_nav_head` WHERE ( `status` = 20 )  [ RunTime:0.000247s ]
INFO: [ app_end ] --START--
INFO: Run Behavior\ShowPageTraceBehavior [ RunTime:0.000975s ]
INFO: [ app_end ] --END-- [ RunTime:0.001107s ]

[ 2014-02-19T22:59:37+08:00 ] ::1 /qiuyun/dogocms32/Admin/Setting/settinglist/id/1?_=1392818610770
INFO: [ app_init ] --START--
INFO: Run Behavior\BuildLiteBehavior [ RunTime:0.000030s ]
INFO: [ app_init ] --END-- [ RunTime:0.000433s ]
INFO: [ app_begin ] --START--
INFO: Run Behavior\ReadHtmlCacheBehavior [ RunTime:0.000464s ]
INFO: Run Behavior\CheckLangBehavior [ RunTime:0.000417s ]
INFO: [ app_begin ] --END-- [ RunTime:0.000951s ]
NOTIC: [2] in_array() expects parameter 2 to be array, null given /Library/WebServer/Documents/qiuyun/dogocms32/Application/Admin/Action/BaseAction.class.php 第 27 行.
SQL: SHOW COLUMNS FROM `ding_auth_group_access` [ RunTime:0.007156s ]
SQL: SELECT `rules` FROM ding_auth_group_access a INNER JOIN ding_auth_group g on a.group_id=g.id  WHERE ( a.uid='1' and g.status='1' )  [ RunTime:0.000219s ]
SQL: SHOW COLUMNS FROM `ding_auth_rule` [ RunTime:0.000685s ]
SQL: SELECT `condition`,`name` FROM `ding_auth_rule` WHERE ( `id` IN ('1','2','3') ) AND ( `status` = 1 )  [ RunTime:0.000186s ]
SQL: SHOW COLUMNS FROM `ding_member` [ RunTime:0.000691s ]
ERR: 1146:Table 'dogocms14.ding_member' doesn't exist
 [ SQL语句 ] : SHOW COLUMNS FROM `ding_member`
SQL: SELECT * FROM `ding_member` WHERE ( `uid` = '1' ) LIMIT 1   [ RunTime:0.000155s ]
ERR: 1146:Table 'dogocms14.ding_member' doesn't exist
 [ SQL语句 ] : SELECT * FROM `ding_member` WHERE ( `uid` = '1' ) LIMIT 1  
NOTIC: [8] Undefined variable: skin /Library/WebServer/Documents/qiuyun/dogocms32/Application/Admin/Action/BaseAction.class.php 第 36 行.
INFO: [ view_parse ] --START--
NOTIC: [8] Use of undefined constant level - assumed 'level' /Library/WebServer/Documents/qiuyun/dogocms32/Core/Library/Think/Think.class.php 第 195 行.
NOTIC: [8] Use of undefined constant level - assumed 'level' /Library/WebServer/Documents/qiuyun/dogocms32/Core/Library/Think/Think.class.php 第 195 行.
NOTIC: [8] Use of undefined constant level - assumed 'level' /Library/WebServer/Documents/qiuyun/dogocms32/Core/Library/Think/Think.class.php 第 195 行.
NOTIC: [8] Use of undefined constant level - assumed 'level' /Library/WebServer/Documents/qiuyun/dogocms32/Core/Library/Think/Think.class.php 第 195 行.
NOTIC: [8] Use of undefined constant level - assumed 'level' /Library/WebServer/Documents/qiuyun/dogocms32/Core/Library/Think/Think.class.php 第 195 行.
NOTIC: [8] Use of undefined constant level - assumed 'level' /Library/WebServer/Documents/qiuyun/dogocms32/Core/Library/Think/Think.class.php 第 195 行.
NOTIC: [8] Use of undefined constant level - assumed 'level' /Library/WebServer/Documents/qiuyun/dogocms32/Core/Library/Think/Think.class.php 第 195 行.
NOTIC: [8] Use of undefined constant level - assumed 'level' /Library/WebServer/Documents/qiuyun/dogocms32/Core/Library/Think/Think.class.php 第 195 行.
NOTIC: [8] Use of undefined constant level - assumed 'level' /Library/WebServer/Documents/qiuyun/dogocms32/Core/Library/Think/Think.class.php 第 195 行.
NOTIC: [8] Use of undefined constant level - assumed 'level' /Library/WebServer/Documents/qiuyun/dogocms32/Core/Library/Think/Think.class.php 第 195 行.
NOTIC: [8] Use of undefined constant level - assumed 'level' /Library/WebServer/Documents/qiuyun/dogocms32/Core/Library/Think/Think.class.php 第 195 行.
NOTIC: [8] Use of undefined constant level - assumed 'level' /Library/WebServer/Documents/qiuyun/dogocms32/Core/Library/Think/Think.class.php 第 195 行.
INFO: [ template_filter ] --START--
INFO: Run Behavior\ContentReplaceBehavior [ RunTime:0.000027s ]
INFO: [ template_filter ] --END-- [ RunTime:0.000051s ]
INFO: Run Behavior\ParseTemplateBehavior [ RunTime:0.008097s ]
INFO: [ view_parse ] --END-- [ RunTime:0.008145s ]
INFO: [ view_filter ] --START--
INFO: Run Behavior\WriteHtmlCacheBehavior [ RunTime:0.000141s ]
INFO: [ view_filter ] --END-- [ RunTime:0.000181s ]
INFO: [ app_end ] --START--
INFO: Run Behavior\ShowPageTraceBehavior [ RunTime:0.000449s ]
INFO: [ app_end ] --END-- [ RunTime:0.000489s ]

[ 2014-02-19T22:59:37+08:00 ] ::1 /qiuyun/dogocms32/Admin/Setting/listJsonId/id/1.html
INFO: [ app_init ] --START--
INFO: Run Behavior\BuildLiteBehavior [ RunTime:0.000014s ]
INFO: [ app_init ] --END-- [ RunTime:0.000316s ]
INFO: [ app_begin ] --START--
INFO: Run Behavior\ReadHtmlCacheBehavior [ RunTime:0.000373s ]
INFO: Run Behavior\CheckLangBehavior [ RunTime:0.000496s ]
INFO: [ app_begin ] --END-- [ RunTime:0.000937s ]
NOTIC: [2] in_array() expects parameter 2 to be array, null given /Library/WebServer/Documents/qiuyun/dogocms32/Application/Admin/Action/BaseAction.class.php 第 27 行.
SQL: SHOW COLUMNS FROM `ding_auth_group_access` [ RunTime:0.001165s ]
SQL: SELECT `rules` FROM ding_auth_group_access a INNER JOIN ding_auth_group g on a.group_id=g.id  WHERE ( a.uid='1' and g.status='1' )  [ RunTime:0.000253s ]
SQL: SHOW COLUMNS FROM `ding_auth_rule` [ RunTime:0.001182s ]
SQL: SELECT `condition`,`name` FROM `ding_auth_rule` WHERE ( `id` IN ('1','2','3') ) AND ( `status` = 1 )  [ RunTime:0.000536s ]
SQL: SHOW COLUMNS FROM `ding_member` [ RunTime:0.001587s ]
ERR: 1146:Table 'dogocms14.ding_member' doesn't exist
 [ SQL语句 ] : SHOW COLUMNS FROM `ding_member`
SQL: SELECT * FROM `ding_member` WHERE ( `uid` = '1' ) LIMIT 1   [ RunTime:0.000189s ]
ERR: 1146:Table 'dogocms14.ding_member' doesn't exist
 [ SQL语句 ] : SELECT * FROM `ding_member` WHERE ( `uid` = '1' ) LIMIT 1  
NOTIC: [8] Undefined variable: skin /Library/WebServer/Documents/qiuyun/dogocms32/Application/Admin/Action/BaseAction.class.php 第 36 行.
SQL: SELECT * FROM `ding_setting` WHERE ( `sys_gid` = '1' )  [ RunTime:0.000332s ]
SQL: SELECT COUNT(*) AS tp_count FROM `ding_setting` WHERE ( `sys_gid` = '1' ) LIMIT 1   [ RunTime:0.000284s ]
INFO: [ app_end ] --START--
INFO: Run Behavior\ShowPageTraceBehavior [ RunTime:0.000861s ]
INFO: [ app_end ] --END-- [ RunTime:0.000971s ]

[ 2014-02-19T22:59:43+08:00 ] ::1 /qiuyun/dogocms32/Admin/ApiList/index?_=1392818610771
INFO: [ app_init ] --START--
INFO: Run Behavior\BuildLiteBehavior [ RunTime:0.000017s ]
INFO: [ app_init ] --END-- [ RunTime:0.000335s ]
INFO: [ app_begin ] --START--
INFO: Run Behavior\ReadHtmlCacheBehavior [ RunTime:0.000379s ]
INFO: Run Behavior\CheckLangBehavior [ RunTime:0.000500s ]
INFO: [ app_begin ] --END-- [ RunTime:0.000945s ]
NOTIC: [2] in_array() expects parameter 2 to be array, null given /Library/WebServer/Documents/qiuyun/dogocms32/Application/Admin/Action/BaseAction.class.php 第 27 行.
SQL: SHOW COLUMNS FROM `ding_auth_group_access` [ RunTime:0.002080s ]
SQL: SELECT `rules` FROM ding_auth_group_access a INNER JOIN ding_auth_group g on a.group_id=g.id  WHERE ( a.uid='1' and g.status='1' )  [ RunTime:0.000649s ]
SQL: SHOW COLUMNS FROM `ding_auth_rule` [ RunTime:0.001700s ]
SQL: SELECT `condition`,`name` FROM `ding_auth_rule` WHERE ( `id` IN ('1','2','3') ) AND ( `status` = 1 )  [ RunTime:0.000333s ]
SQL: SHOW COLUMNS FROM `ding_member` [ RunTime:0.001781s ]
ERR: 1146:Table 'dogocms14.ding_member' doesn't exist
 [ SQL语句 ] : SHOW COLUMNS FROM `ding_member`
SQL: SELECT * FROM `ding_member` WHERE ( `uid` = '1' ) LIMIT 1   [ RunTime:0.000274s ]
ERR: 1146:Table 'dogocms14.ding_member' doesn't exist
 [ SQL语句 ] : SELECT * FROM `ding_member` WHERE ( `uid` = '1' ) LIMIT 1  
NOTIC: [8] Undefined variable: skin /Library/WebServer/Documents/qiuyun/dogocms32/Application/Admin/Action/BaseAction.class.php 第 36 行.
INFO: [ view_parse ] --START--
NOTIC: [8] Use of undefined constant level - assumed 'level' /Library/WebServer/Documents/qiuyun/dogocms32/Core/Library/Think/Think.class.php 第 195 行.
NOTIC: [8] Use of undefined constant level - assumed 'level' /Library/WebServer/Documents/qiuyun/dogocms32/Core/Library/Think/Think.class.php 第 195 行.
NOTIC: [8] Use of undefined constant level - assumed 'level' /Library/WebServer/Documents/qiuyun/dogocms32/Core/Library/Think/Think.class.php 第 195 行.
NOTIC: [8] Use of undefined constant level - assumed 'level' /Library/WebServer/Documents/qiuyun/dogocms32/Core/Library/Think/Think.class.php 第 195 行.
NOTIC: [8] Use of undefined constant level - assumed 'level' /Library/WebServer/Documents/qiuyun/dogocms32/Core/Library/Think/Think.class.php 第 195 行.
NOTIC: [8] Use of undefined constant level - assumed 'level' /Library/WebServer/Documents/qiuyun/dogocms32/Core/Library/Think/Think.class.php 第 195 行.
NOTIC: [8] Use of undefined constant level - assumed 'level' /Library/WebServer/Documents/qiuyun/dogocms32/Core/Library/Think/Think.class.php 第 195 行.
NOTIC: [8] Use of undefined constant level - assumed 'level' /Library/WebServer/Documents/qiuyun/dogocms32/Core/Library/Think/Think.class.php 第 195 行.
NOTIC: [8] Use of undefined constant level - assumed 'level' /Library/WebServer/Documents/qiuyun/dogocms32/Core/Library/Think/Think.class.php 第 195 行.
NOTIC: [8] Use of undefined constant level - assumed 'level' /Library/WebServer/Documents/qiuyun/dogocms32/Core/Library/Think/Think.class.php 第 195 行.
NOTIC: [8] Use of undefined constant level - assumed 'level' /Library/WebServer/Documents/qiuyun/dogocms32/Core/Library/Think/Think.class.php 第 195 行.
NOTIC: [8] Use of undefined constant level - assumed 'level' /Library/WebServer/Documents/qiuyun/dogocms32/Core/Library/Think/Think.class.php 第 195 行.
INFO: [ template_filter ] --START--
INFO: Run Behavior\ContentReplaceBehavior [ RunTime:0.000026s ]
INFO: [ template_filter ] --END-- [ RunTime:0.000053s ]
INFO: Run Behavior\ParseTemplateBehavior [ RunTime:0.009570s ]
INFO: [ view_parse ] --END-- [ RunTime:0.009623s ]
INFO: [ view_filter ] --START--
INFO: Run Behavior\WriteHtmlCacheBehavior [ RunTime:0.000104s ]
INFO: [ view_filter ] --END-- [ RunTime:0.000127s ]
INFO: [ app_end ] --START--
INFO: Run Behavior\ShowPageTraceBehavior [ RunTime:0.000292s ]
INFO: [ app_end ] --END-- [ RunTime:0.000316s ]

[ 2014-02-19T22:59:43+08:00 ] ::1 /qiuyun/dogocms32/Admin/ApiList/jsonList.html
INFO: [ app_init ] --START--
INFO: Run Behavior\BuildLiteBehavior [ RunTime:0.000014s ]
INFO: [ app_init ] --END-- [ RunTime:0.000328s ]
INFO: [ app_begin ] --START--
INFO: Run Behavior\ReadHtmlCacheBehavior [ RunTime:0.000363s ]
INFO: Run Behavior\CheckLangBehavior [ RunTime:0.000476s ]
INFO: [ app_begin ] --END-- [ RunTime:0.000902s ]
NOTIC: [2] in_array() expects parameter 2 to be array, null given /Library/WebServer/Documents/qiuyun/dogocms32/Application/Admin/Action/BaseAction.class.php 第 27 行.
SQL: SHOW COLUMNS FROM `ding_auth_group_access` [ RunTime:0.001291s ]
SQL: SELECT `rules` FROM ding_auth_group_access a INNER JOIN ding_auth_group g on a.group_id=g.id  WHERE ( a.uid='1' and g.status='1' )  [ RunTime:0.000239s ]
SQL: SHOW COLUMNS FROM `ding_auth_rule` [ RunTime:0.001047s ]
SQL: SELECT `condition`,`name` FROM `ding_auth_rule` WHERE ( `id` IN ('1','2','3') ) AND ( `status` = 1 )  [ RunTime:0.000228s ]
SQL: SHOW COLUMNS FROM `ding_member` [ RunTime:0.000935s ]
ERR: 1146:Table 'dogocms14.ding_member' doesn't exist
 [ SQL语句 ] : SHOW COLUMNS FROM `ding_member`
SQL: SELECT * FROM `ding_member` WHERE ( `uid` = '1' ) LIMIT 1   [ RunTime:0.000145s ]
ERR: 1146:Table 'dogocms14.ding_member' doesn't exist
 [ SQL语句 ] : SELECT * FROM `ding_member` WHERE ( `uid` = '1' ) LIMIT 1  
NOTIC: [8] Undefined variable: skin /Library/WebServer/Documents/qiuyun/dogocms32/Application/Admin/Action/BaseAction.class.php 第 36 行.
SQL: SELECT COUNT(*) AS tp_count FROM `ding_api_list` LIMIT 1   [ RunTime:0.000203s ]
SQL: SHOW COLUMNS FROM `ding_api_list` [ RunTime:0.001007s ]
SQL: SELECT al.*,m.username,m.email FROM ding_api_list al INNER JOIN ding_members m on al.members_id=m.id  ORDER BY al.id desc LIMIT 0,10   [ RunTime:0.001074s ]
INFO: [ app_end ] --START--
INFO: Run Behavior\ShowPageTraceBehavior [ RunTime:0.000312s ]
INFO: [ app_end ] --END-- [ RunTime:0.000345s ]

[ 2014-02-19T22:59:43+08:00 ] ::1 /qiuyun/dogocms32/Admin/ApiList/jsonList.html
INFO: [ app_init ] --START--
INFO: Run Behavior\BuildLiteBehavior [ RunTime:0.000012s ]
INFO: [ app_init ] --END-- [ RunTime:0.000220s ]
INFO: [ app_begin ] --START--
INFO: Run Behavior\ReadHtmlCacheBehavior [ RunTime:0.000257s ]
INFO: Run Behavior\CheckLangBehavior [ RunTime:0.000345s ]
INFO: [ app_begin ] --END-- [ RunTime:0.000648s ]
NOTIC: [2] in_array() expects parameter 2 to be array, null given /Library/WebServer/Documents/qiuyun/dogocms32/Application/Admin/Action/BaseAction.class.php 第 27 行.
SQL: SHOW COLUMNS FROM `ding_auth_group_access` [ RunTime:0.001545s ]
SQL: SELECT `rules` FROM ding_auth_group_access a INNER JOIN ding_auth_group g on a.group_id=g.id  WHERE ( a.uid='1' and g.status='1' )  [ RunTime:0.000483s ]
SQL: SHOW COLUMNS FROM `ding_auth_rule` [ RunTime:0.001519s ]
SQL: SELECT `condition`,`name` FROM `ding_auth_rule` WHERE ( `id` IN ('1','2','3') ) AND ( `status` = 1 )  [ RunTime:0.000247s ]
SQL: SHOW COLUMNS FROM `ding_member` [ RunTime:0.001199s ]
ERR: 1146:Table 'dogocms14.ding_member' doesn't exist
 [ SQL语句 ] : SHOW COLUMNS FROM `ding_member`
SQL: SELECT * FROM `ding_member` WHERE ( `uid` = '1' ) LIMIT 1   [ RunTime:0.000170s ]
ERR: 1146:Table 'dogocms14.ding_member' doesn't exist
 [ SQL语句 ] : SELECT * FROM `ding_member` WHERE ( `uid` = '1' ) LIMIT 1  
NOTIC: [8] Undefined variable: skin /Library/WebServer/Documents/qiuyun/dogocms32/Application/Admin/Action/BaseAction.class.php 第 36 行.
SQL: SELECT COUNT(*) AS tp_count FROM `ding_api_list` LIMIT 1   [ RunTime:0.000211s ]
SQL: SHOW COLUMNS FROM `ding_api_list` [ RunTime:0.000993s ]
SQL: SELECT al.*,m.username,m.email FROM ding_api_list al INNER JOIN ding_members m on al.members_id=m.id  ORDER BY al.id desc LIMIT 0,10   [ RunTime:0.000931s ]
INFO: [ app_end ] --START--
INFO: Run Behavior\ShowPageTraceBehavior [ RunTime:0.000353s ]
INFO: [ app_end ] --END-- [ RunTime:0.000394s ]

[ 2014-02-19T23:00:00+08:00 ] ::1 /qiuyun/dogocms32/Home/User/index/uid/6.html
INFO: [ app_init ] --START--
INFO: Run Behavior\BuildLiteBehavior [ RunTime:0.000012s ]
INFO: [ app_init ] --END-- [ RunTime:0.000205s ]
INFO: [ app_begin ] --START--
INFO: Run Behavior\ReadHtmlCacheBehavior [ RunTime:0.000254s ]
INFO: Run Behavior\CheckLangBehavior [ RunTime:0.000261s ]
INFO: [ app_begin ] --END-- [ RunTime:0.000563s ]
NOTIC: [8192] mysql_escape_string(): This function is deprecated; use mysql_real_escape_string() instead. /Library/WebServer/Documents/qiuyun/dogocms32/Core/Library/Think/Db/Driver/Mysql.class.php 第 330 行.
SQL: SELECT `sys_value` FROM `ding_setting` WHERE ( `sys_name` = 'cfg_skin_web' ) LIMIT 1   [ RunTime:0.000209s ]
SQL: SELECT * FROM `ding_nav_head` WHERE ( `status` = 20 )  [ RunTime:0.000220s ]
SQL: SHOW COLUMNS FROM `ding_title` [ RunTime:0.007640s ]
SQL: SELECT COUNT(*) AS tp_count FROM ding_title t INNER JOIN ding_content c ON c.title_id = t.id   WHERE ( t.status = '12' ) AND ( t.members_id = '6' ) LIMIT 1   [ RunTime:0.000607s ]
SQL: SHOW COLUMNS FROM `ding_title` [ RunTime:0.001345s ]
SQL: SELECT t.*,c.*,m.username FROM ding_title t INNER JOIN ding_content c ON c.title_id = t.id  INNER JOIN ding_members m ON t.members_id = m.id   WHERE ( t.status = '12' ) AND ( t.members_id = '6' ) ORDER BY t.id desc LIMIT 0,5   [ RunTime:0.001357s ]
SQL: SELECT `username` FROM `ding_members` WHERE ( `id` = '6' ) LIMIT 1   [ RunTime:0.000159s ]
SQL: SELECT `sys_value` FROM `ding_setting` WHERE ( `sys_name` = 'cfg_skin_web' ) LIMIT 1   [ RunTime:0.000145s ]
INFO: [ view_parse ] --START--
NOTIC: [8] Use of undefined constant level - assumed 'level' /Library/WebServer/Documents/qiuyun/dogocms32/Core/Library/Think/Think.class.php 第 195 行.
NOTIC: [8] Use of undefined constant level - assumed 'level' /Library/WebServer/Documents/qiuyun/dogocms32/Core/Library/Think/Think.class.php 第 195 行.
NOTIC: [8] Use of undefined constant level - assumed 'level' /Library/WebServer/Documents/qiuyun/dogocms32/Core/Library/Think/Think.class.php 第 195 行.
NOTIC: [8] Use of undefined constant level - assumed 'level' /Library/WebServer/Documents/qiuyun/dogocms32/Core/Library/Think/Think.class.php 第 195 行.
NOTIC: [8] Use of undefined constant level - assumed 'level' /Library/WebServer/Documents/qiuyun/dogocms32/Core/Library/Think/Think.class.php 第 195 行.
NOTIC: [8] Use of undefined constant level - assumed 'level' /Library/WebServer/Documents/qiuyun/dogocms32/Core/Library/Think/Think.class.php 第 195 行.
NOTIC: [8] Use of undefined constant level - assumed 'level' /Library/WebServer/Documents/qiuyun/dogocms32/Core/Library/Think/Think.class.php 第 195 行.
NOTIC: [8] Use of undefined constant level - assumed 'level' /Library/WebServer/Documents/qiuyun/dogocms32/Core/Library/Think/Think.class.php 第 195 行.
NOTIC: [8] Use of undefined constant level - assumed 'level' /Library/WebServer/Documents/qiuyun/dogocms32/Core/Library/Think/Think.class.php 第 195 行.
NOTIC: [8] Use of undefined constant level - assumed 'level' /Library/WebServer/Documents/qiuyun/dogocms32/Core/Library/Think/Think.class.php 第 195 行.
NOTIC: [8] Use of undefined constant level - assumed 'level' /Library/WebServer/Documents/qiuyun/dogocms32/Core/Library/Think/Think.class.php 第 195 行.
NOTIC: [8] Use of undefined constant level - assumed 'level' /Library/WebServer/Documents/qiuyun/dogocms32/Core/Library/Think/Think.class.php 第 195 行.
SQL: SELECT * FROM `ding_setting` WHERE ( `sys_name` = 'cfg_sitename' ) LIMIT 1   [ RunTime:0.000307s ]
SQL: SELECT * FROM `ding_setting` WHERE ( `sys_name` = 'cfg_sitename' ) LIMIT 1   [ RunTime:0.000189s ]
SQL: SELECT * FROM `ding_setting` WHERE ( `sys_name` = 'cfg_copyright' ) LIMIT 1   [ RunTime:0.000151s ]
INFO: [ template_filter ] --START--
INFO: Run Behavior\ContentReplaceBehavior [ RunTime:0.000054s ]
INFO: [ template_filter ] --END-- [ RunTime:0.000085s ]
INFO: Run Behavior\ParseTemplateBehavior [ RunTime:0.020665s ]
INFO: [ view_parse ] --END-- [ RunTime:0.020697s ]
INFO: [ view_filter ] --START--
INFO: Run Behavior\WriteHtmlCacheBehavior [ RunTime:0.000094s ]
INFO: [ view_filter ] --END-- [ RunTime:0.000118s ]
INFO: [ app_end ] --START--
INFO: Run Behavior\ShowPageTraceBehavior [ RunTime:0.000394s ]
INFO: [ app_end ] --END-- [ RunTime:0.000424s ]

[ 2014-02-19T23:00:00+08:00 ] ::1 /qiuyun/dogocms32/User/Passport/verify.html
INFO: [ app_init ] --START--
INFO: Run Behavior\BuildLiteBehavior [ RunTime:0.000011s ]
INFO: [ app_init ] --END-- [ RunTime:0.000200s ]
INFO: [ app_begin ] --START--
INFO: Run Behavior\ReadHtmlCacheBehavior [ RunTime:0.000367s ]
INFO: Run Behavior\CheckLangBehavior [ RunTime:0.000346s ]
INFO: [ app_begin ] --END-- [ RunTime:0.000779s ]
NOTIC: [8192] mysql_escape_string(): This function is deprecated; use mysql_real_escape_string() instead. /Library/WebServer/Documents/qiuyun/dogocms32/Core/Library/Think/Db/Driver/Mysql.class.php 第 330 行.
SQL: SELECT `sys_value` FROM `ding_setting` WHERE ( `sys_name` = 'cfg_member_skin' ) LIMIT 1   [ RunTime:0.000236s ]
SQL: SELECT * FROM `ding_nav_head` WHERE ( `status` = 20 )  [ RunTime:0.000280s ]
INFO: [ app_end ] --START--
INFO: Run Behavior\ShowPageTraceBehavior [ RunTime:0.000301s ]
INFO: [ app_end ] --END-- [ RunTime:0.000344s ]

[ 2014-02-19T23:00:10+08:00 ] ::1 /qiuyun/dogocms32/Home/Ajax/vote.html
INFO: [ app_init ] --START--
INFO: Run Behavior\BuildLiteBehavior [ RunTime:0.000016s ]
INFO: [ app_init ] --END-- [ RunTime:0.000223s ]
INFO: [ app_begin ] --START--
INFO: Run Behavior\ReadHtmlCacheBehavior [ RunTime:0.000263s ]
INFO: Run Behavior\CheckLangBehavior [ RunTime:0.000325s ]
INFO: [ app_begin ] --END-- [ RunTime:0.000640s ]
NOTIC: [8192] mysql_escape_string(): This function is deprecated; use mysql_real_escape_string() instead. /Library/WebServer/Documents/qiuyun/dogocms32/Core/Library/Think/Db/Driver/Mysql.class.php 第 330 行.
SQL: SELECT `sys_value` FROM `ding_setting` WHERE ( `sys_name` = 'cfg_skin_web' ) LIMIT 1   [ RunTime:0.000212s ]
SQL: SELECT * FROM `ding_nav_head` WHERE ( `status` = 20 )  [ RunTime:0.000238s ]
SQL: INSERT INTO `ding_information_record` (`key_id`,`type`,`ip`,`addtime`,`updatetime`,`members_id`) VALUES (21,10,'0.0.0.0',1392822010,1392822010,7) [ RunTime:0.003592s ]
SQL: UPDATE `ding_title` SET `num_top`=num_top+1 WHERE ( `id` = '21' ) [ RunTime:0.002134s ]
SQL: SELECT `num_top` FROM `ding_title` WHERE ( `id` = '21' ) LIMIT 1   [ RunTime:0.000262s ]
INFO: [ app_end ] --START--
INFO: Run Behavior\ShowPageTraceBehavior [ RunTime:0.000379s ]
INFO: [ app_end ] --END-- [ RunTime:0.000413s ]

[ 2014-02-19T23:00:18+08:00 ] ::1 /qiuyun/dogocms32/Home/Ajax/vote.html
INFO: [ app_init ] --START--
INFO: Run Behavior\BuildLiteBehavior [ RunTime:0.000009s ]
INFO: [ app_init ] --END-- [ RunTime:0.000184s ]
INFO: [ app_begin ] --START--
INFO: Run Behavior\ReadHtmlCacheBehavior [ RunTime:0.000240s ]
INFO: Run Behavior\CheckLangBehavior [ RunTime:0.000241s ]
INFO: [ app_begin ] --END-- [ RunTime:0.000525s ]
NOTIC: [8192] mysql_escape_string(): This function is deprecated; use mysql_real_escape_string() instead. /Library/WebServer/Documents/qiuyun/dogocms32/Core/Library/Think/Db/Driver/Mysql.class.php 第 330 行.
SQL: SELECT `sys_value` FROM `ding_setting` WHERE ( `sys_name` = 'cfg_skin_web' ) LIMIT 1   [ RunTime:0.000223s ]
SQL: SELECT * FROM `ding_nav_head` WHERE ( `status` = 20 )  [ RunTime:0.000364s ]
SQL: INSERT INTO `ding_information_record` (`key_id`,`type`,`ip`,`addtime`,`updatetime`,`members_id`) VALUES (26,11,'0.0.0.0',1392822018,1392822018,7) [ RunTime:0.000937s ]
SQL: UPDATE `ding_title` SET `num_beat`=num_beat+1 WHERE ( `id` = '26' ) [ RunTime:0.000637s ]
SQL: SELECT `num_beat` FROM `ding_title` WHERE ( `id` = '26' ) LIMIT 1   [ RunTime:0.000195s ]
INFO: [ app_end ] --START--
INFO: Run Behavior\ShowPageTraceBehavior [ RunTime:0.000343s ]
INFO: [ app_end ] --END-- [ RunTime:0.000374s ]

[ 2014-02-19T23:00:20+08:00 ] ::1 /qiuyun/dogocms32/Home/Content/index/id/26.html
INFO: [ app_init ] --START--
INFO: Run Behavior\BuildLiteBehavior [ RunTime:0.000028s ]
INFO: [ app_init ] --END-- [ RunTime:0.000445s ]
INFO: [ app_begin ] --START--
INFO: Run Behavior\ReadHtmlCacheBehavior [ RunTime:0.000361s ]
INFO: Run Behavior\CheckLangBehavior [ RunTime:0.000335s ]
INFO: [ app_begin ] --END-- [ RunTime:0.000756s ]
NOTIC: [8192] mysql_escape_string(): This function is deprecated; use mysql_real_escape_string() instead. /Library/WebServer/Documents/qiuyun/dogocms32/Core/Library/Think/Db/Driver/Mysql.class.php 第 330 行.
SQL: SELECT `sys_value` FROM `ding_setting` WHERE ( `sys_name` = 'cfg_skin_web' ) LIMIT 1   [ RunTime:0.000232s ]
SQL: SELECT * FROM `ding_nav_head` WHERE ( `status` = 20 )  [ RunTime:0.000235s ]
SQL: SHOW COLUMNS FROM `ding_title` [ RunTime:0.008024s ]
SQL: SELECT t.*,c.*,m.username FROM ding_title t INNER JOIN ding_content c ON c.title_id = t.id  INNER JOIN ding_members m ON t.members_id = m.id   WHERE ( t.id = '26' ) AND ( t.status = '12' ) AND ( t.is_recycle = '10' ) LIMIT 1   [ RunTime:0.001251s ]
SQL: UPDATE `ding_title` SET `views`=views+1 WHERE ( `id` = '26' ) [ RunTime:0.000619s ]
SQL: SHOW COLUMNS FROM `ding_comment` [ RunTime:0.001180s ]
SQL: SELECT m.id as uid,m.username,c.* FROM ding_comment c INNER JOIN ding_members m ON m.id = c.members_id   WHERE ( c.title_id = '26' ) AND ( c.status = 20 ) ORDER BY floor asc  [ RunTime:0.001223s ]
SQL: SELECT `sys_value` FROM `ding_setting` WHERE ( `sys_name` = 'cfg_skin_web' ) LIMIT 1   [ RunTime:0.000182s ]
INFO: [ view_parse ] --START--
NOTIC: [8] Use of undefined constant level - assumed 'level' /Library/WebServer/Documents/qiuyun/dogocms32/Core/Library/Think/Think.class.php 第 195 行.
NOTIC: [8] Use of undefined constant level - assumed 'level' /Library/WebServer/Documents/qiuyun/dogocms32/Core/Library/Think/Think.class.php 第 195 行.
NOTIC: [8] Use of undefined constant level - assumed 'level' /Library/WebServer/Documents/qiuyun/dogocms32/Core/Library/Think/Think.class.php 第 195 行.
NOTIC: [8] Use of undefined constant level - assumed 'level' /Library/WebServer/Documents/qiuyun/dogocms32/Core/Library/Think/Think.class.php 第 195 行.
NOTIC: [8] Use of undefined constant level - assumed 'level' /Library/WebServer/Documents/qiuyun/dogocms32/Core/Library/Think/Think.class.php 第 195 行.
NOTIC: [8] Use of undefined constant level - assumed 'level' /Library/WebServer/Documents/qiuyun/dogocms32/Core/Library/Think/Think.class.php 第 195 行.
NOTIC: [8] Use of undefined constant level - assumed 'level' /Library/WebServer/Documents/qiuyun/dogocms32/Core/Library/Think/Think.class.php 第 195 行.
NOTIC: [8] Use of undefined constant level - assumed 'level' /Library/WebServer/Documents/qiuyun/dogocms32/Core/Library/Think/Think.class.php 第 195 行.
NOTIC: [8] Use of undefined constant level - assumed 'level' /Library/WebServer/Documents/qiuyun/dogocms32/Core/Library/Think/Think.class.php 第 195 行.
NOTIC: [8] Use of undefined constant level - assumed 'level' /Library/WebServer/Documents/qiuyun/dogocms32/Core/Library/Think/Think.class.php 第 195 行.
NOTIC: [8] Use of undefined constant level - assumed 'level' /Library/WebServer/Documents/qiuyun/dogocms32/Core/Library/Think/Think.class.php 第 195 行.
NOTIC: [8] Use of undefined constant level - assumed 'level' /Library/WebServer/Documents/qiuyun/dogocms32/Core/Library/Think/Think.class.php 第 195 行.
SQL: SELECT * FROM `ding_setting` WHERE ( `sys_name` = 'cfg_sitename' ) LIMIT 1   [ RunTime:0.000321s ]
SQL: SELECT * FROM `ding_setting` WHERE ( `sys_name` = 'cfg_sitename' ) LIMIT 1   [ RunTime:0.000192s ]
SQL: SELECT * FROM `ding_setting` WHERE ( `sys_name` = 'cfg_copyright' ) LIMIT 1   [ RunTime:0.000207s ]
INFO: [ template_filter ] --START--
INFO: Run Behavior\ContentReplaceBehavior [ RunTime:0.000136s ]
INFO: [ template_filter ] --END-- [ RunTime:0.000265s ]
INFO: Run Behavior\ParseTemplateBehavior [ RunTime:0.029178s ]
INFO: [ view_parse ] --END-- [ RunTime:0.029232s ]
INFO: [ view_filter ] --START--
INFO: Run Behavior\WriteHtmlCacheBehavior [ RunTime:0.000134s ]
INFO: [ view_filter ] --END-- [ RunTime:0.000160s ]
INFO: [ app_end ] --START--
INFO: Run Behavior\ShowPageTraceBehavior [ RunTime:0.000602s ]
INFO: [ app_end ] --END-- [ RunTime:0.000715s ]

[ 2014-02-19T23:00:20+08:00 ] ::1 /qiuyun/dogocms32/User/Passport/verify.html
INFO: [ app_init ] --START--
INFO: Run Behavior\BuildLiteBehavior [ RunTime:0.000014s ]
INFO: [ app_init ] --END-- [ RunTime:0.000373s ]
INFO: [ app_begin ] --START--
INFO: Run Behavior\ReadHtmlCacheBehavior [ RunTime:0.000650s ]
INFO: Run Behavior\CheckLangBehavior [ RunTime:0.000490s ]
INFO: [ app_begin ] --END-- [ RunTime:0.001253s ]
NOTIC: [8192] mysql_escape_string(): This function is deprecated; use mysql_real_escape_string() instead. /Library/WebServer/Documents/qiuyun/dogocms32/Core/Library/Think/Db/Driver/Mysql.class.php 第 330 行.
SQL: SELECT `sys_value` FROM `ding_setting` WHERE ( `sys_name` = 'cfg_member_skin' ) LIMIT 1   [ RunTime:0.000261s ]
SQL: SELECT * FROM `ding_nav_head` WHERE ( `status` = 20 )  [ RunTime:0.000342s ]
INFO: [ app_end ] --START--
INFO: Run Behavior\ShowPageTraceBehavior [ RunTime:0.000478s ]
INFO: [ app_end ] --END-- [ RunTime:0.000546s ]

[ 2014-02-19T23:00:23+08:00 ] ::1 /qiuyun/dogocms32/Home/Ajax/vote.html
INFO: [ app_init ] --START--
INFO: Run Behavior\BuildLiteBehavior [ RunTime:0.000015s ]
INFO: [ app_init ] --END-- [ RunTime:0.000300s ]
INFO: [ app_begin ] --START--
INFO: Run Behavior\ReadHtmlCacheBehavior [ RunTime:0.000543s ]
INFO: Run Behavior\CheckLangBehavior [ RunTime:0.000886s ]
INFO: [ app_begin ] --END-- [ RunTime:0.001649s ]
NOTIC: [8192] mysql_escape_string(): This function is deprecated; use mysql_real_escape_string() instead. /Library/WebServer/Documents/qiuyun/dogocms32/Core/Library/Think/Db/Driver/Mysql.class.php 第 330 行.
SQL: SELECT `sys_value` FROM `ding_setting` WHERE ( `sys_name` = 'cfg_skin_web' ) LIMIT 1   [ RunTime:0.000411s ]
SQL: SELECT * FROM `ding_nav_head` WHERE ( `status` = 20 )  [ RunTime:0.000438s ]
SQL: INSERT INTO `ding_information_record` (`key_id`,`type`,`ip`,`addtime`,`updatetime`,`members_id`) VALUES (26,10,'0.0.0.0',1392822023,1392822023,7) [ RunTime:0.000282s ]
SQL: UPDATE `ding_title` SET `num_top`=num_top+1 WHERE ( `id` = '26' ) [ RunTime:0.000249s ]
SQL: SELECT `num_top` FROM `ding_title` WHERE ( `id` = '26' ) LIMIT 1   [ RunTime:0.000214s ]
INFO: [ app_end ] --START--
INFO: Run Behavior\ShowPageTraceBehavior [ RunTime:0.000522s ]
INFO: [ app_end ] --END-- [ RunTime:0.000569s ]

[ 2014-02-19T23:00:27+08:00 ] ::1 /qiuyun/dogocms32/Home/User/index/uid/6.html
INFO: [ app_init ] --START--
INFO: Run Behavior\BuildLiteBehavior [ RunTime:0.000023s ]
INFO: [ app_init ] --END-- [ RunTime:0.000406s ]
INFO: [ app_begin ] --START--
INFO: Run Behavior\ReadHtmlCacheBehavior [ RunTime:0.000274s ]
INFO: Run Behavior\CheckLangBehavior [ RunTime:0.000247s ]
INFO: [ app_begin ] --END-- [ RunTime:0.000574s ]
NOTIC: [8192] mysql_escape_string(): This function is deprecated; use mysql_real_escape_string() instead. /Library/WebServer/Documents/qiuyun/dogocms32/Core/Library/Think/Db/Driver/Mysql.class.php 第 330 行.
SQL: SELECT `sys_value` FROM `ding_setting` WHERE ( `sys_name` = 'cfg_skin_web' ) LIMIT 1   [ RunTime:0.000213s ]
SQL: SELECT * FROM `ding_nav_head` WHERE ( `status` = 20 )  [ RunTime:0.000219s ]
SQL: SHOW COLUMNS FROM `ding_title` [ RunTime:0.001378s ]
SQL: SELECT COUNT(*) AS tp_count FROM ding_title t INNER JOIN ding_content c ON c.title_id = t.id   WHERE ( t.status = '12' ) AND ( t.members_id = '6' ) LIMIT 1   [ RunTime:0.000459s ]
SQL: SHOW COLUMNS FROM `ding_title` [ RunTime:0.000956s ]
SQL: SELECT t.*,c.*,m.username FROM ding_title t INNER JOIN ding_content c ON c.title_id = t.id  INNER JOIN ding_members m ON t.members_id = m.id   WHERE ( t.status = '12' ) AND ( t.members_id = '6' ) ORDER BY t.id desc LIMIT 0,5   [ RunTime:0.001324s ]
SQL: SELECT `username` FROM `ding_members` WHERE ( `id` = '6' ) LIMIT 1   [ RunTime:0.000231s ]
SQL: SELECT `sys_value` FROM `ding_setting` WHERE ( `sys_name` = 'cfg_skin_web' ) LIMIT 1   [ RunTime:0.000443s ]
INFO: [ view_parse ] --START--
NOTIC: [8] Use of undefined constant level - assumed 'level' /Library/WebServer/Documents/qiuyun/dogocms32/Core/Library/Think/Think.class.php 第 195 行.
NOTIC: [8] Use of undefined constant level - assumed 'level' /Library/WebServer/Documents/qiuyun/dogocms32/Core/Library/Think/Think.class.php 第 195 行.
NOTIC: [8] Use of undefined constant level - assumed 'level' /Library/WebServer/Documents/qiuyun/dogocms32/Core/Library/Think/Think.class.php 第 195 行.
NOTIC: [8] Use of undefined constant level - assumed 'level' /Library/WebServer/Documents/qiuyun/dogocms32/Core/Library/Think/Think.class.php 第 195 行.
NOTIC: [8] Use of undefined constant level - assumed 'level' /Library/WebServer/Documents/qiuyun/dogocms32/Core/Library/Think/Think.class.php 第 195 行.
NOTIC: [8] Use of undefined constant level - assumed 'level' /Library/WebServer/Documents/qiuyun/dogocms32/Core/Library/Think/Think.class.php 第 195 行.
NOTIC: [8] Use of undefined constant level - assumed 'level' /Library/WebServer/Documents/qiuyun/dogocms32/Core/Library/Think/Think.class.php 第 195 行.
NOTIC: [8] Use of undefined constant level - assumed 'level' /Library/WebServer/Documents/qiuyun/dogocms32/Core/Library/Think/Think.class.php 第 195 行.
NOTIC: [8] Use of undefined constant level - assumed 'level' /Library/WebServer/Documents/qiuyun/dogocms32/Core/Library/Think/Think.class.php 第 195 行.
NOTIC: [8] Use of undefined constant level - assumed 'level' /Library/WebServer/Documents/qiuyun/dogocms32/Core/Library/Think/Think.class.php 第 195 行.
NOTIC: [8] Use of undefined constant level - assumed 'level' /Library/WebServer/Documents/qiuyun/dogocms32/Core/Library/Think/Think.class.php 第 195 行.
NOTIC: [8] Use of undefined constant level - assumed 'level' /Library/WebServer/Documents/qiuyun/dogocms32/Core/Library/Think/Think.class.php 第 195 行.
SQL: SELECT * FROM `ding_setting` WHERE ( `sys_name` = 'cfg_sitename' ) LIMIT 1   [ RunTime:0.000343s ]
SQL: SELECT * FROM `ding_setting` WHERE ( `sys_name` = 'cfg_sitename' ) LIMIT 1   [ RunTime:0.000191s ]
SQL: SELECT * FROM `ding_setting` WHERE ( `sys_name` = 'cfg_copyright' ) LIMIT 1   [ RunTime:0.000170s ]
INFO: [ template_filter ] --START--
INFO: Run Behavior\ContentReplaceBehavior [ RunTime:0.000055s ]
INFO: [ template_filter ] --END-- [ RunTime:0.000097s ]
INFO: Run Behavior\ParseTemplateBehavior [ RunTime:0.021633s ]
INFO: [ view_parse ] --END-- [ RunTime:0.021689s ]
INFO: [ view_filter ] --START--
INFO: Run Behavior\WriteHtmlCacheBehavior [ RunTime:0.000138s ]
INFO: [ view_filter ] --END-- [ RunTime:0.000176s ]
INFO: [ app_end ] --START--
INFO: Run Behavior\ShowPageTraceBehavior [ RunTime:0.000520s ]
INFO: [ app_end ] --END-- [ RunTime:0.000566s ]

[ 2014-02-19T23:00:27+08:00 ] ::1 /qiuyun/dogocms32/User/Passport/verify.html
INFO: [ app_init ] --START--
INFO: Run Behavior\BuildLiteBehavior [ RunTime:0.000013s ]
INFO: [ app_init ] --END-- [ RunTime:0.000256s ]
INFO: [ app_begin ] --START--
INFO: Run Behavior\ReadHtmlCacheBehavior [ RunTime:0.000402s ]
INFO: Run Behavior\CheckLangBehavior [ RunTime:0.000379s ]
INFO: [ app_begin ] --END-- [ RunTime:0.000861s ]
NOTIC: [8192] mysql_escape_string(): This function is deprecated; use mysql_real_escape_string() instead. /Library/WebServer/Documents/qiuyun/dogocms32/Core/Library/Think/Db/Driver/Mysql.class.php 第 330 行.
SQL: SELECT `sys_value` FROM `ding_setting` WHERE ( `sys_name` = 'cfg_member_skin' ) LIMIT 1   [ RunTime:0.000266s ]
SQL: SELECT * FROM `ding_nav_head` WHERE ( `status` = 20 )  [ RunTime:0.000299s ]
INFO: [ app_end ] --START--
INFO: Run Behavior\ShowPageTraceBehavior [ RunTime:0.000297s ]
INFO: [ app_end ] --END-- [ RunTime:0.000349s ]

